[11/29/2024 12:03:05 AM] [Debug] [Application] service: Tripolygon.UModeler.Hub.HubAuthentication = Tripolygon.UModeler.Hub.HubAuthentication
[11/29/2024 12:03:05 AM] [Debug] [Application] service: Tripolygon.UModeler.UI.IApplicationCache = Tripolygon.UModeler.Editor.UI.UnityEditorApplicationCache
[11/29/2024 12:03:05 AM] [Debug] [Application] service: Tripolygon.UModeler.Hub.IHubService = Tripolygon.UModeler.Hub.HubService
[11/29/2024 12:03:05 AM] [Debug] [Application] service: Tripolygon.UModeler.Authentication.IAuthenticationApiProvider = Tripolygon.UModeler.Editor.AuthenticationApiProviderService
[11/29/2024 12:03:05 AM] [Debug] [Application] service: Tripolygon.UModeler.UI.IObjectHierarchyService = Tripolygon.UModeler.Editor.UI.UnityEditorObjectHierarchyService
[11/29/2024 12:03:05 AM] [Debug] [Application] service: Tripolygon.UModeler.UI.ITextureProvider = Tripolygon.UModeler.Editor.UI.UnityEditorTextureProvider
[11/29/2024 12:03:05 AM] [Debug] [Application] service: Tripolygon.UModeler.UI.IApplicationUtilityService = Tripolygon.UModeler.Editor.UI.UnityEditorApplicationUtilityService
[11/29/2024 12:03:05 AM] [Debug] [Application] service: Tripolygon.UModeler.Editor.UI.ApplicationSettings = Tripolygon.UModeler.Editor.UI.ApplicationSettings
[11/29/2024 12:03:05 AM] [Debug] [Application] service: Tripolygon.UModeler.Hub.Resources.IResourcesApiProvider = Tripolygon.UModeler.Hub.ResourcesApiProviderService
[11/29/2024 12:03:05 AM] [Debug] [Application] service: Tripolygon.UModeler.Hub.HubFlashService = Tripolygon.UModeler.Hub.HubFlashService
[11/29/2024 12:03:05 AM] [Debug] [Application] service: Tripolygon.UModeler.Hub.IHubAnalyticsService = Tripolygon.UModeler.Hub.HubAnalyticsService
[11/29/2024 12:03:05 AM] [Debug] [Application] service: Tripolygon.UModeler.Hub.VSAttributionService = Tripolygon.UModeler.Hub.VSAttributionService
[11/29/2024 12:03:05 AM] [Debug] [Application] service: Tripolygon.UModeler.Hub.Notifications.UpdateHubNotifier = Tripolygon.UModeler.Hub.Notifications.UpdateHubNotifier
[11/29/2024 12:03:05 AM] [Debug] [Application] service: Tripolygon.UModeler.Hub.Notifications.UpdateProductNotifier = Tripolygon.UModeler.Hub.Notifications.UpdateProductNotifier
[11/29/2024 12:03:05 AM] [Debug] [Application] service: Tripolygon.UModeler.Hub.INoticeService = Tripolygon.UModeler.Hub.Noticies.NoticeService
[11/29/2024 12:03:05 AM] [Debug] [Application] service: Tripolygon.UModeler.Hub.Views.SceneViews.HubSceneViewService = Tripolygon.UModeler.Hub.Views.SceneViews.HubSceneViewService
[11/29/2024 12:03:05 AM] [Debug] [Application] Initialize: isReloading=False
[11/29/2024 12:03:05 AM] [Debug] [Application] Service Initialize: Tripolygon.UModeler.Hub.HubAuthentication
[11/29/2024 12:03:05 AM] [Debug] [Application] Service Initialize: Tripolygon.UModeler.Editor.UI.UnityEditorApplicationCache
[11/29/2024 12:03:05 AM] [Debug] [Application] Service Initialize: Tripolygon.UModeler.Hub.HubService
[11/29/2024 12:03:05 AM] [Debug] [Application] Service Initialize: Tripolygon.UModeler.Editor.UI.UnityEditorApplicationUtilityService
[11/29/2024 12:03:05 AM] [Debug] [Application] Service Initialize: Tripolygon.UModeler.Hub.HubFlashService
[11/29/2024 12:03:05 AM] [Debug] [HubAnalytics] PosthogClient.SetAutoFlush: Value Changed: True
[11/29/2024 12:03:05 AM] [Debug] [Application] Service Initialize: Tripolygon.UModeler.Hub.HubAnalyticsService
[11/29/2024 12:03:05 AM] [Debug] [Application] Service Initialize: Tripolygon.UModeler.Hub.VSAttributionService
[11/29/2024 12:03:05 AM] [Debug] [Application] Service Initialize: Tripolygon.UModeler.Hub.Notifications.UpdateHubNotifier
[11/29/2024 12:03:05 AM] [Debug] [Application] Service Initialize: Tripolygon.UModeler.Hub.Notifications.UpdateProductNotifier
[11/29/2024 12:03:05 AM] [Debug] [Application] Service Initialize: Tripolygon.UModeler.Hub.Noticies.NoticeService
[11/29/2024 12:03:05 AM] [Debug] [Application] Service Initialize: Tripolygon.UModeler.Hub.Views.SceneViews.HubSceneViewService
[11/29/2024 12:03:14 AM] [Debug] [HubAnalytics] OnAppStart
[11/29/2024 12:03:16 AM] [Debug] [HubAnalytics] PosthogClient.BatchAsync: Sending Queue Items={"api_key":"phc_DQ6tsN03HRXTr9hNBfi3DierOY5Y0SisUxgxjuAmZG5","batch":[{"event":"app start","properties":{"$set":{"sdk_region_id":"en-US","sdk_region_name":"United States","sdk_language":"English","sdk_os_architecture":"X64","sdk_time_zone":"Central Standard Time (Mexico)","product_version":"1.0.0","platform_account_id":"anonymous","platform_account_name":"XCdPiOwGEEAsadF/bWIAfudYnh7EmHjF39vl+4SbXxiDnBppP+F9qS4B0FHLl+7r4tfh9KbAhyet+1P58W802kzn0anfpbbHSpIZC/QmO5cX+bajCQ2Zh8bCVTp3EOG0SoELvhznFRAgCHGUEl9+GRFyeg/ZHmeLVXhu3GS36D3dck65sl0BEgZ9oJzd3OU6POBZ4XJtqRakqTIqQBhy+F5hB1KZXq4avcNDdCF9J4VHv6xy3iIQQglaS8Qj2LhBAY64pK2dgcm7LnYWoTnNbgrlcQNNUayClSMBghrMhCCZWtr+4UMZKNf9bRwWcpQL1gyLkYep7QfeUeOvDC0k1Q=="},"$os":"WINDOWS","$os_name":"WINDOWS","$session_id":"9f756e5f-f413-4551-bfd0-f889477ab3a8_6d106543-5e0b-4835-98e8-3b539c3742f3","distinct_id":"24a573d4f202c6154c6a6e2b713f44c75fcf05f2","product_name":"UModeler Hub","product_version":"1.0.0","platform_name":"Unity","platform_version":"2022.3.47f1","screen_width":1920,"screen_height":1080,"viewport_width":640,"viewport_height":480,"unity_systeminfo_language":"English","unity_systeminfo_os":"Windows 11  (10.0.22631) 64bit","unity_systeminfo_graphicsDeviceType":"Direct3D11","unity_systeminfo_graphicsDeviceVendor":"Intel","unity_systeminfo_graphicsDeviceName":"Intel(R) Iris(R) Xe Graphics","unity_systeminfo_deviceType":"Desktop","unity_systeminfo_processorType":"11th Gen Intel(R) Core(TM) i5-1135G7 @ 2.40GHz"},"timestamp":"2024-11-29T06:03:14.293733Z"}]}
[11/29/2024 12:03:16 AM] [Debug] [HubAnalytics] PosthogClient.BatchAsync: Sent 1 queue item(s).
[11/29/2024 12:03:25 AM] [Debug] [Application] service: Tripolygon.UModeler.Hub.HubAuthentication = Tripolygon.UModeler.Hub.HubAuthentication
[11/29/2024 12:03:25 AM] [Debug] [Application] service: Tripolygon.UModeler.UI.IApplicationCache = Tripolygon.UModeler.Editor.UI.UnityEditorApplicationCache
[11/29/2024 12:03:25 AM] [Debug] [Application] service: Tripolygon.UModeler.Hub.IHubService = Tripolygon.UModeler.Hub.HubService
[11/29/2024 12:03:25 AM] [Debug] [Application] service: Tripolygon.UModeler.Authentication.IAuthenticationApiProvider = Tripolygon.UModeler.Editor.AuthenticationApiProviderService
[11/29/2024 12:03:25 AM] [Debug] [Application] service: Tripolygon.UModeler.UI.IObjectHierarchyService = Tripolygon.UModeler.Editor.UI.UnityEditorObjectHierarchyService
[11/29/2024 12:03:25 AM] [Debug] [Application] service: Tripolygon.UModeler.UI.ITextureProvider = Tripolygon.UModeler.Editor.UI.UnityEditorTextureProvider
[11/29/2024 12:03:25 AM] [Debug] [Application] service: Tripolygon.UModeler.UI.IApplicationUtilityService = Tripolygon.UModeler.Editor.UI.UnityEditorApplicationUtilityService
[11/29/2024 12:03:25 AM] [Debug] [Application] service: Tripolygon.UModeler.Editor.UI.ApplicationSettings = Tripolygon.UModeler.Editor.UI.ApplicationSettings
[11/29/2024 12:03:25 AM] [Debug] [Application] service: Tripolygon.UModeler.Hub.Resources.IResourcesApiProvider = Tripolygon.UModeler.Hub.ResourcesApiProviderService
[11/29/2024 12:03:25 AM] [Debug] [Application] service: Tripolygon.UModeler.Hub.HubFlashService = Tripolygon.UModeler.Hub.HubFlashService
[11/29/2024 12:03:25 AM] [Debug] [Application] service: Tripolygon.UModeler.Hub.IHubAnalyticsService = Tripolygon.UModeler.Hub.HubAnalyticsService
[11/29/2024 12:03:25 AM] [Debug] [Application] service: Tripolygon.UModeler.Hub.VSAttributionService = Tripolygon.UModeler.Hub.VSAttributionService
[11/29/2024 12:03:25 AM] [Debug] [Application] service: Tripolygon.UModeler.Hub.Notifications.UpdateHubNotifier = Tripolygon.UModeler.Hub.Notifications.UpdateHubNotifier
[11/29/2024 12:03:25 AM] [Debug] [Application] service: Tripolygon.UModeler.Hub.Notifications.UpdateProductNotifier = Tripolygon.UModeler.Hub.Notifications.UpdateProductNotifier
[11/29/2024 12:03:25 AM] [Debug] [Application] service: Tripolygon.UModeler.Hub.INoticeService = Tripolygon.UModeler.Hub.Noticies.NoticeService
[11/29/2024 12:03:25 AM] [Debug] [Application] service: Tripolygon.UModeler.Hub.Views.SceneViews.HubSceneViewService = Tripolygon.UModeler.Hub.Views.SceneViews.HubSceneViewService
[11/29/2024 12:03:26 AM] [Debug] [Application] Initialize: isReloading=False
[11/29/2024 12:03:26 AM] [Debug] [Application] Service Initialize: Tripolygon.UModeler.Hub.HubAuthentication
[11/29/2024 12:03:26 AM] [Debug] [Application] Service Initialize: Tripolygon.UModeler.Editor.UI.UnityEditorApplicationCache
[11/29/2024 12:03:26 AM] [Debug] [Application] Service Initialize: Tripolygon.UModeler.Hub.HubService
[11/29/2024 12:03:26 AM] [Debug] [Application] Service Initialize: Tripolygon.UModeler.Editor.UI.UnityEditorApplicationUtilityService
[11/29/2024 12:03:26 AM] [Debug] [Application] Service Initialize: Tripolygon.UModeler.Hub.HubFlashService
[11/29/2024 12:03:25 AM] [Debug] [Application] service: Tripolygon.UModeler.Hub.HubAuthentication = Tripolygon.UModeler.Hub.HubAuthentication
[11/29/2024 12:03:25 AM] [Debug] [Application] service: Tripolygon.UModeler.UI.IApplicationCache = Tripolygon.UModeler.Editor.UI.UnityEditorApplicationCache
[11/29/2024 12:03:25 AM] [Debug] [Application] service: Tripolygon.UModeler.Hub.IHubService = Tripolygon.UModeler.Hub.HubService
[11/29/2024 12:03:25 AM] [Debug] [Application] service: Tripolygon.UModeler.Authentication.IAuthenticationApiProvider = Tripolygon.UModeler.Editor.AuthenticationApiProviderService
[11/29/2024 12:03:25 AM] [Debug] [Application] service: Tripolygon.UModeler.UI.IObjectHierarchyService = Tripolygon.UModeler.Editor.UI.UnityEditorObjectHierarchyService
[11/29/2024 12:03:25 AM] [Debug] [Application] service: Tripolygon.UModeler.UI.ITextureProvider = Tripolygon.UModeler.Editor.UI.UnityEditorTextureProvider
[11/29/2024 12:03:25 AM] [Debug] [Application] service: Tripolygon.UModeler.UI.IApplicationUtilityService = Tripolygon.UModeler.Editor.UI.UnityEditorApplicationUtilityService
[11/29/2024 12:03:26 AM] [Debug] [Application] service: Tripolygon.UModeler.Editor.UI.ApplicationSettings = Tripolygon.UModeler.Editor.UI.ApplicationSettings
[11/29/2024 12:03:26 AM] [Debug] [Application] service: Tripolygon.UModeler.Hub.Resources.IResourcesApiProvider = Tripolygon.UModeler.Hub.ResourcesApiProviderService
[11/29/2024 12:03:26 AM] [Debug] [Application] service: Tripolygon.UModeler.Hub.HubFlashService = Tripolygon.UModeler.Hub.HubFlashService
[11/29/2024 12:03:26 AM] [Debug] [Application] service: Tripolygon.UModeler.Hub.IHubAnalyticsService = Tripolygon.UModeler.Hub.HubAnalyticsService
[11/29/2024 12:03:26 AM] [Debug] [Application] service: Tripolygon.UModeler.Hub.VSAttributionService = Tripolygon.UModeler.Hub.VSAttributionService
[11/29/2024 12:03:26 AM] [Debug] [Application] service: Tripolygon.UModeler.Hub.Notifications.UpdateHubNotifier = Tripolygon.UModeler.Hub.Notifications.UpdateHubNotifier
[11/29/2024 12:03:26 AM] [Debug] [Application] service: Tripolygon.UModeler.Hub.Notifications.UpdateProductNotifier = Tripolygon.UModeler.Hub.Notifications.UpdateProductNotifier
[11/29/2024 12:03:26 AM] [Debug] [Application] service: Tripolygon.UModeler.Hub.INoticeService = Tripolygon.UModeler.Hub.Noticies.NoticeService
[11/29/2024 12:03:26 AM] [Debug] [Application] service: Tripolygon.UModeler.Hub.Views.SceneViews.HubSceneViewService = Tripolygon.UModeler.Hub.Views.SceneViews.HubSceneViewService
[11/29/2024 12:03:26 AM] [Debug] [Application] Initialize: isReloading=False
[11/29/2024 12:03:26 AM] [Debug] [Application] Service Initialize: Tripolygon.UModeler.Hub.HubAuthentication
[11/29/2024 12:03:26 AM] [Debug] [Application] Service Initialize: Tripolygon.UModeler.Editor.UI.UnityEditorApplicationCache
[11/29/2024 12:03:26 AM] [Debug] [HubAnalytics] PosthogClient.SetAutoFlush: Value Changed: True
[11/29/2024 12:03:26 AM] [Debug] [Application] Service Initialize: Tripolygon.UModeler.Editor.UI.UnityEditorApplicationUtilityService
[11/29/2024 12:03:26 AM] [Debug] [Application] Service Initialize: Tripolygon.UModeler.Hub.HubFlashService
[11/29/2024 12:03:26 AM] [Debug] [HubAnalytics] PosthogClient.SetAutoFlush: Value Changed: True
[11/29/2024 12:03:26 AM] [Debug] [Application] Service Initialize: Tripolygon.UModeler.Hub.HubAnalyticsService
[11/29/2024 12:03:26 AM] [Debug] [Application] Service Initialize: Tripolygon.UModeler.Hub.VSAttributionService
[11/29/2024 12:03:26 AM] [Debug] [Application] Service Initialize: Tripolygon.UModeler.Hub.Notifications.UpdateHubNotifier
[11/29/2024 12:03:26 AM] [Debug] [Application] Service Initialize: Tripolygon.UModeler.Hub.Notifications.UpdateProductNotifier
[11/29/2024 12:03:26 AM] [Debug] [Application] Service Initialize: Tripolygon.UModeler.Hub.Noticies.NoticeService
[11/29/2024 12:03:26 AM] [Debug] [Application] Service Initialize: Tripolygon.UModeler.Hub.Views.SceneViews.HubSceneViewService
[11/29/2024 12:03:26 AM] [Debug] [Application] Service Initialize: Tripolygon.UModeler.Hub.HubAnalyticsService
[11/29/2024 12:03:26 AM] [Debug] [Application] Service Initialize: Tripolygon.UModeler.Hub.VSAttributionService
[11/29/2024 12:03:26 AM] [Debug] [Application] Service Initialize: Tripolygon.UModeler.Hub.Notifications.UpdateHubNotifier
[11/29/2024 12:03:26 AM] [Debug] [Application] Service Initialize: Tripolygon.UModeler.Hub.Notifications.UpdateProductNotifier
[11/29/2024 12:03:26 AM] [Debug] [Application] Service Initialize: Tripolygon.UModeler.Hub.Noticies.NoticeService
[11/29/2024 12:03:26 AM] [Debug] [Application] Service Initialize: Tripolygon.UModeler.Hub.Views.SceneViews.HubSceneViewService
[11/29/2024 12:18:41 AM] [Debug] [Application] Release: isReloading=True
[11/29/2024 12:18:41 AM] [Debug] [Application] Service Release: Tripolygon.UModeler.Hub.Views.SceneViews.HubSceneViewService
[11/29/2024 12:18:41 AM] [Debug] [Application] Service Release: Tripolygon.UModeler.Hub.Noticies.NoticeService
[11/29/2024 12:18:41 AM] [Debug] [Application] Service Release: Tripolygon.UModeler.Hub.Notifications.UpdateProductNotifier
[11/29/2024 12:18:41 AM] [Debug] [Application] Service Release: Tripolygon.UModeler.Hub.Notifications.UpdateHubNotifier
[11/29/2024 12:18:41 AM] [Debug] [Application] Service Release: Tripolygon.UModeler.Hub.VSAttributionService
[11/29/2024 12:18:41 AM] [Debug] [HubAnalytics] PosthogClient.SetAutoFlush: Value Changed: False
[11/29/2024 12:18:41 AM] [Debug] [Application] Service Release: Tripolygon.UModeler.Hub.HubAnalyticsService
[11/29/2024 12:18:41 AM] [Debug] [Application] Service Release: Tripolygon.UModeler.Hub.HubFlashService
[11/29/2024 12:18:41 AM] [Debug] [Application] Service Release: Tripolygon.UModeler.Editor.UI.UnityEditorApplicationUtilityService
[11/29/2024 12:18:41 AM] [Debug] [Application] Service Release: Tripolygon.UModeler.Hub.HubService
[11/29/2024 12:18:41 AM] [Debug] [Application] Service Release: Tripolygon.UModeler.Editor.UI.UnityEditorApplicationCache
[11/29/2024 12:18:41 AM] [Debug] [Application] Service Release: Tripolygon.UModeler.Hub.HubAuthentication
[11/29/2024 12:18:43 AM] [Debug] [Application] service: Tripolygon.UModeler.Hub.HubAuthentication = Tripolygon.UModeler.Hub.HubAuthentication
[11/29/2024 12:18:43 AM] [Debug] [Application] service: Tripolygon.UModeler.UI.IApplicationCache = Tripolygon.UModeler.Editor.UI.UnityEditorApplicationCache
[11/29/2024 12:18:43 AM] [Debug] [Application] service: Tripolygon.UModeler.Hub.IHubService = Tripolygon.UModeler.Hub.HubService
[11/29/2024 12:18:43 AM] [Debug] [Application] service: Tripolygon.UModeler.Authentication.IAuthenticationApiProvider = Tripolygon.UModeler.Editor.AuthenticationApiProviderService
[11/29/2024 12:18:43 AM] [Debug] [Application] service: Tripolygon.UModeler.UI.IObjectHierarchyService = Tripolygon.UModeler.Editor.UI.UnityEditorObjectHierarchyService
[11/29/2024 12:18:43 AM] [Debug] [Application] service: Tripolygon.UModeler.UI.ITextureProvider = Tripolygon.UModeler.Editor.UI.UnityEditorTextureProvider
[11/29/2024 12:18:43 AM] [Debug] [Application] service: Tripolygon.UModeler.UI.IApplicationUtilityService = Tripolygon.UModeler.Editor.UI.UnityEditorApplicationUtilityService
[11/29/2024 12:18:44 AM] [Debug] [Application] service: Tripolygon.UModeler.Editor.UI.ApplicationSettings = Tripolygon.UModeler.Editor.UI.ApplicationSettings
[11/29/2024 12:18:44 AM] [Debug] [Application] service: Tripolygon.UModeler.Hub.Resources.IResourcesApiProvider = Tripolygon.UModeler.Hub.ResourcesApiProviderService
[11/29/2024 12:18:44 AM] [Debug] [Application] service: Tripolygon.UModeler.Hub.HubFlashService = Tripolygon.UModeler.Hub.HubFlashService
[11/29/2024 12:18:44 AM] [Debug] [Application] service: Tripolygon.UModeler.Hub.IHubAnalyticsService = Tripolygon.UModeler.Hub.HubAnalyticsService
[11/29/2024 12:18:44 AM] [Debug] [Application] service: Tripolygon.UModeler.Hub.VSAttributionService = Tripolygon.UModeler.Hub.VSAttributionService
[11/29/2024 12:18:44 AM] [Debug] [Application] service: Tripolygon.UModeler.Hub.Notifications.UpdateHubNotifier = Tripolygon.UModeler.Hub.Notifications.UpdateHubNotifier
[11/29/2024 12:18:44 AM] [Debug] [Application] service: Tripolygon.UModeler.Hub.Notifications.UpdateProductNotifier = Tripolygon.UModeler.Hub.Notifications.UpdateProductNotifier
[11/29/2024 12:18:44 AM] [Debug] [Application] service: Tripolygon.UModeler.Hub.INoticeService = Tripolygon.UModeler.Hub.Noticies.NoticeService
[11/29/2024 12:18:44 AM] [Debug] [Application] service: Tripolygon.UModeler.Hub.Views.SceneViews.HubSceneViewService = Tripolygon.UModeler.Hub.Views.SceneViews.HubSceneViewService
[11/29/2024 12:18:44 AM] [Debug] [Application] Initialize: isReloading=True
[11/29/2024 12:18:44 AM] [Debug] [Application] Service Initialize: Tripolygon.UModeler.Hub.HubAuthentication
[11/29/2024 12:18:44 AM] [Debug] [Application] Service Initialize: Tripolygon.UModeler.Editor.UI.UnityEditorApplicationCache
[11/29/2024 12:18:44 AM] [Debug] [Application] Service Initialize: Tripolygon.UModeler.Hub.HubService
[11/29/2024 12:18:44 AM] [Debug] [Application] Service Initialize: Tripolygon.UModeler.Editor.UI.UnityEditorApplicationUtilityService
[11/29/2024 12:18:44 AM] [Debug] [Application] Service Initialize: Tripolygon.UModeler.Hub.HubFlashService
[11/29/2024 12:18:44 AM] [Debug] [HubAnalytics] PosthogClient.SetAutoFlush: Value Changed: True
[11/29/2024 12:18:44 AM] [Debug] [Application] Service Initialize: Tripolygon.UModeler.Hub.HubAnalyticsService
[11/29/2024 12:18:44 AM] [Debug] [Application] Service Initialize: Tripolygon.UModeler.Hub.VSAttributionService
[11/29/2024 12:18:44 AM] [Debug] [Application] Service Initialize: Tripolygon.UModeler.Hub.Notifications.UpdateHubNotifier
[11/29/2024 12:18:44 AM] [Debug] [Application] Service Initialize: Tripolygon.UModeler.Hub.Notifications.UpdateProductNotifier
[11/29/2024 12:18:44 AM] [Debug] [Application] Service Initialize: Tripolygon.UModeler.Hub.Noticies.NoticeService
[11/29/2024 12:18:44 AM] [Debug] [Application] Service Initialize: Tripolygon.UModeler.Hub.Views.SceneViews.HubSceneViewService
[11/29/2024 12:18:45 AM] [Debug] [Application] Release: isReloading=True
[11/29/2024 12:18:45 AM] [Debug] [Application] Release: isReloading=True
[11/29/2024 12:18:45 AM] [Debug] [Application] Service Release: Tripolygon.UModeler.Hub.Views.SceneViews.HubSceneViewService
[11/29/2024 12:18:45 AM] [Debug] [Application] Service Release: Tripolygon.UModeler.Hub.Views.SceneViews.HubSceneViewService
[11/29/2024 12:18:45 AM] [Debug] [Application] Service Release: Tripolygon.UModeler.Hub.Noticies.NoticeService
[11/29/2024 12:18:45 AM] [Debug] [Application] Service Release: Tripolygon.UModeler.Hub.Noticies.NoticeService
[11/29/2024 12:18:45 AM] [Debug] [Application] Service Release: Tripolygon.UModeler.Hub.Notifications.UpdateProductNotifier
[11/29/2024 12:18:45 AM] [Debug] [Application] Service Release: Tripolygon.UModeler.Hub.Notifications.UpdateProductNotifier
[11/29/2024 12:18:45 AM] [Debug] [Application] Service Release: Tripolygon.UModeler.Hub.Notifications.UpdateHubNotifier
[11/29/2024 12:18:45 AM] [Debug] [Application] Service Release: Tripolygon.UModeler.Hub.Notifications.UpdateHubNotifier
[11/29/2024 12:18:45 AM] [Debug] [Application] Service Release: Tripolygon.UModeler.Hub.VSAttributionService
[11/29/2024 12:18:45 AM] [Debug] [Application] Service Release: Tripolygon.UModeler.Hub.VSAttributionService
[11/29/2024 12:18:47 AM] [Debug] [Application] service: Tripolygon.UModeler.Hub.HubAuthentication = Tripolygon.UModeler.Hub.HubAuthentication
[11/29/2024 12:18:47 AM] [Debug] [Application] service: Tripolygon.UModeler.Authentication.IAuthenticationApiProvider = Tripolygon.UModeler.Editor.AuthenticationApiProviderService
[11/29/2024 12:18:47 AM] [Debug] [Application] service: Tripolygon.UModeler.Hub.IHubAnalyticsService = Tripolygon.UModeler.Hub.HubAnalyticsService
[11/29/2024 12:18:47 AM] [Debug] [Application] service: Tripolygon.UModeler.UI.IObjectHierarchyService = Tripolygon.UModeler.Editor.UI.UnityEditorObjectHierarchyService
[11/29/2024 12:18:47 AM] [Debug] [Application] service: Tripolygon.UModeler.Hub.VSAttributionService = Tripolygon.UModeler.Hub.VSAttributionService
[11/29/2024 12:18:47 AM] [Debug] [Application] service: Tripolygon.UModeler.UI.ITextureProvider = Tripolygon.UModeler.Editor.UI.UnityEditorTextureProvider
[11/29/2024 12:18:47 AM] [Debug] [Application] service: Tripolygon.UModeler.Hub.Notifications.UpdateHubNotifier = Tripolygon.UModeler.Hub.Notifications.UpdateHubNotifier
[11/29/2024 12:18:47 AM] [Debug] [Application] service: Tripolygon.UModeler.UI.IApplicationUtilityService = Tripolygon.UModeler.Editor.UI.UnityEditorApplicationUtilityService
[11/29/2024 12:18:47 AM] [Debug] [Application] service: Tripolygon.UModeler.Hub.Notifications.UpdateProductNotifier = Tripolygon.UModeler.Hub.Notifications.UpdateProductNotifier
[11/29/2024 12:18:47 AM] [Debug] [Application] service: Tripolygon.UModeler.Editor.UI.ApplicationSettings = Tripolygon.UModeler.Editor.UI.ApplicationSettings
[11/29/2024 12:18:47 AM] [Debug] [Application] service: Tripolygon.UModeler.Hub.INoticeService = Tripolygon.UModeler.Hub.Noticies.NoticeService
[11/29/2024 12:18:47 AM] [Debug] [Application] service: Tripolygon.UModeler.Hub.Resources.IResourcesApiProvider = Tripolygon.UModeler.Hub.ResourcesApiProviderService
[11/29/2024 12:18:47 AM] [Debug] [Application] service: Tripolygon.UModeler.Hub.Views.SceneViews.HubSceneViewService = Tripolygon.UModeler.Hub.Views.SceneViews.HubSceneViewService
[11/29/2024 12:18:47 AM] [Debug] [Application] service: Tripolygon.UModeler.Hub.HubFlashService = Tripolygon.UModeler.Hub.HubFlashService
[11/29/2024 12:18:47 AM] [Debug] [Application] Initialize: isReloading=True
[11/29/2024 12:18:47 AM] [Debug] [Application] service: Tripolygon.UModeler.Hub.IHubAnalyticsService = Tripolygon.UModeler.Hub.HubAnalyticsService
[11/29/2024 12:18:47 AM] [Debug] [Application] service: Tripolygon.UModeler.Hub.VSAttributionService = Tripolygon.UModeler.Hub.VSAttributionService
[11/29/2024 12:18:47 AM] [Debug] [Application] service: Tripolygon.UModeler.Hub.Notifications.UpdateHubNotifier = Tripolygon.UModeler.Hub.Notifications.UpdateHubNotifier
[11/29/2024 12:18:47 AM] [Debug] [Application] service: Tripolygon.UModeler.Hub.Notifications.UpdateProductNotifier = Tripolygon.UModeler.Hub.Notifications.UpdateProductNotifier
[11/29/2024 12:18:47 AM] [Debug] [Application] service: Tripolygon.UModeler.Hub.INoticeService = Tripolygon.UModeler.Hub.Noticies.NoticeService
[11/29/2024 12:18:47 AM] [Debug] [Application] Service Initialize: Tripolygon.UModeler.Hub.HubAuthentication
[11/29/2024 12:18:47 AM] [Debug] [Application] service: Tripolygon.UModeler.Hub.Views.SceneViews.HubSceneViewService = Tripolygon.UModeler.Hub.Views.SceneViews.HubSceneViewService
[11/29/2024 12:18:47 AM] [Debug] [Application] Initialize: isReloading=True
[11/29/2024 12:18:47 AM] [Debug] [Application] Service Initialize: Tripolygon.UModeler.Editor.UI.UnityEditorApplicationCache
[11/29/2024 12:18:47 AM] [Debug] [Application] Service Initialize: Tripolygon.UModeler.Hub.HubAuthentication
[11/29/2024 12:18:47 AM] [Debug] [Application] Service Initialize: Tripolygon.UModeler.Editor.UI.UnityEditorApplicationCache
[11/29/2024 12:18:47 AM] [Debug] [Application] Service Initialize: Tripolygon.UModeler.Hub.HubService
[11/29/2024 12:18:47 AM] [Debug] [Application] Service Initialize: Tripolygon.UModeler.Editor.UI.UnityEditorApplicationUtilityService
[11/29/2024 12:18:47 AM] [Debug] [Application] Service Initialize: Tripolygon.UModeler.Hub.HubFlashService
[11/29/2024 12:18:47 AM] [Debug] [Application] Service Initialize: Tripolygon.UModeler.Hub.HubService
[11/29/2024 12:18:47 AM] [Debug] [Application] Service Initialize: Tripolygon.UModeler.Editor.UI.UnityEditorApplicationUtilityService
[11/29/2024 12:18:47 AM] [Debug] [Application] Service Initialize: Tripolygon.UModeler.Hub.HubFlashService
[11/29/2024 12:18:47 AM] [Debug] [HubAnalytics] PosthogClient.SetAutoFlush: Value Changed: True
[11/29/2024 12:18:47 AM] [Debug] [HubAnalytics] PosthogClient.SetAutoFlush: Value Changed: True
[11/29/2024 12:18:47 AM] [Debug] [Application] Service Initialize: Tripolygon.UModeler.Hub.HubAnalyticsService
[11/29/2024 12:18:47 AM] [Debug] [Application] Service Initialize: Tripolygon.UModeler.Hub.VSAttributionService
[11/29/2024 12:18:47 AM] [Debug] [Application] Service Initialize: Tripolygon.UModeler.Hub.Notifications.UpdateHubNotifier
[11/29/2024 12:18:47 AM] [Debug] [Application] Service Initialize: Tripolygon.UModeler.Hub.HubAnalyticsService
[11/29/2024 12:18:47 AM] [Debug] [Application] Service Initialize: Tripolygon.UModeler.Hub.VSAttributionService
[11/29/2024 12:18:47 AM] [Debug] [Application] Service Initialize: Tripolygon.UModeler.Hub.Notifications.UpdateHubNotifier
[11/29/2024 12:18:47 AM] [Debug] [Application] Service Initialize: Tripolygon.UModeler.Hub.Notifications.UpdateProductNotifier
[11/29/2024 12:18:47 AM] [Debug] [Application] Service Initialize: Tripolygon.UModeler.Hub.Noticies.NoticeService
[11/29/2024 12:18:47 AM] [Debug] [Application] Service Initialize: Tripolygon.UModeler.Hub.Notifications.UpdateProductNotifier
[11/29/2024 12:18:47 AM] [Debug] [Application] Service Initialize: Tripolygon.UModeler.Hub.Noticies.NoticeService
[11/29/2024 12:18:47 AM] [Debug] [Application] Service Initialize: Tripolygon.UModeler.Hub.Views.SceneViews.HubSceneViewService
[11/29/2024 12:18:47 AM] [Debug] [Application] Service Initialize: Tripolygon.UModeler.Hub.Views.SceneViews.HubSceneViewService
[11/29/2024 12:18:48 AM] [Debug] [Application] Release: isReloading=True
[11/29/2024 12:18:48 AM] [Debug] [Application] Service Release: Tripolygon.UModeler.Hub.Views.SceneViews.HubSceneViewService
[11/29/2024 12:18:48 AM] [Debug] [Application] Service Release: Tripolygon.UModeler.Hub.Noticies.NoticeService
[11/29/2024 12:18:48 AM] [Debug] [Application] Service Release: Tripolygon.UModeler.Hub.Notifications.UpdateProductNotifier
[11/29/2024 12:18:48 AM] [Debug] [Application] Service Release: Tripolygon.UModeler.Hub.Notifications.UpdateHubNotifier
[11/29/2024 12:18:48 AM] [Debug] [Application] Service Release: Tripolygon.UModeler.Hub.VSAttributionService
[11/29/2024 12:18:48 AM] [Debug] [HubAnalytics] PosthogClient.SetAutoFlush: Value Changed: False
[11/29/2024 12:18:48 AM] [Debug] [Application] Service Release: Tripolygon.UModeler.Hub.HubAnalyticsService
[11/29/2024 12:18:48 AM] [Debug] [Application] Service Release: Tripolygon.UModeler.Hub.HubFlashService
[11/29/2024 12:18:48 AM] [Debug] [Application] Service Release: Tripolygon.UModeler.Editor.UI.UnityEditorApplicationUtilityService
[11/29/2024 12:18:48 AM] [Debug] [Application] Service Release: Tripolygon.UModeler.Hub.HubService
[11/29/2024 12:18:48 AM] [Debug] [Application] Service Release: Tripolygon.UModeler.Editor.UI.UnityEditorApplicationCache
[11/29/2024 12:18:48 AM] [Debug] [Application] Service Release: Tripolygon.UModeler.Hub.HubAuthentication
[11/29/2024 12:18:50 AM] [Debug] [Application] service: Tripolygon.UModeler.Hub.HubAuthentication = Tripolygon.UModeler.Hub.HubAuthentication
[11/29/2024 12:18:50 AM] [Debug] [Application] service: Tripolygon.UModeler.UI.IApplicationCache = Tripolygon.UModeler.Editor.UI.UnityEditorApplicationCache
[11/29/2024 12:18:50 AM] [Debug] [Application] service: Tripolygon.UModeler.Hub.IHubService = Tripolygon.UModeler.Hub.HubService
[11/29/2024 12:18:50 AM] [Debug] [Application] service: Tripolygon.UModeler.Authentication.IAuthenticationApiProvider = Tripolygon.UModeler.Editor.AuthenticationApiProviderService
[11/29/2024 12:18:50 AM] [Debug] [Application] service: Tripolygon.UModeler.UI.IObjectHierarchyService = Tripolygon.UModeler.Editor.UI.UnityEditorObjectHierarchyService
[11/29/2024 12:18:50 AM] [Debug] [Application] service: Tripolygon.UModeler.UI.ITextureProvider = Tripolygon.UModeler.Editor.UI.UnityEditorTextureProvider
[11/29/2024 12:18:50 AM] [Debug] [Application] service: Tripolygon.UModeler.UI.IApplicationUtilityService = Tripolygon.UModeler.Editor.UI.UnityEditorApplicationUtilityService
[11/29/2024 12:18:50 AM] [Debug] [Application] service: Tripolygon.UModeler.Editor.UI.ApplicationSettings = Tripolygon.UModeler.Editor.UI.ApplicationSettings
[11/29/2024 12:18:50 AM] [Debug] [Application] service: Tripolygon.UModeler.Hub.Resources.IResourcesApiProvider = Tripolygon.UModeler.Hub.ResourcesApiProviderService
[11/29/2024 12:18:50 AM] [Debug] [Application] service: Tripolygon.UModeler.Hub.HubFlashService = Tripolygon.UModeler.Hub.HubFlashService
[11/29/2024 12:18:50 AM] [Debug] [Application] service: Tripolygon.UModeler.Hub.IHubAnalyticsService = Tripolygon.UModeler.Hub.HubAnalyticsService
[11/29/2024 12:18:50 AM] [Debug] [Application] service: Tripolygon.UModeler.Hub.VSAttributionService = Tripolygon.UModeler.Hub.VSAttributionService
[11/29/2024 12:18:50 AM] [Debug] [Application] service: Tripolygon.UModeler.Hub.Notifications.UpdateHubNotifier = Tripolygon.UModeler.Hub.Notifications.UpdateHubNotifier
[11/29/2024 12:18:50 AM] [Debug] [Application] service: Tripolygon.UModeler.Hub.Notifications.UpdateProductNotifier = Tripolygon.UModeler.Hub.Notifications.UpdateProductNotifier
[11/29/2024 12:18:50 AM] [Debug] [Application] service: Tripolygon.UModeler.Hub.INoticeService = Tripolygon.UModeler.Hub.Noticies.NoticeService
[11/29/2024 12:18:50 AM] [Debug] [Application] service: Tripolygon.UModeler.Hub.Views.SceneViews.HubSceneViewService = Tripolygon.UModeler.Hub.Views.SceneViews.HubSceneViewService
[11/29/2024 12:18:50 AM] [Debug] [Application] Initialize: isReloading=True
[11/29/2024 12:18:51 AM] [Debug] [Application] Service Initialize: Tripolygon.UModeler.Hub.HubAuthentication
[11/29/2024 12:18:51 AM] [Debug] [Application] Service Initialize: Tripolygon.UModeler.Editor.UI.UnityEditorApplicationCache
[11/29/2024 12:18:51 AM] [Debug] [Application] Service Initialize: Tripolygon.UModeler.Hub.HubService
[11/29/2024 12:18:51 AM] [Debug] [Application] Service Initialize: Tripolygon.UModeler.Editor.UI.UnityEditorApplicationUtilityService
[11/29/2024 12:18:51 AM] [Debug] [Application] Service Initialize: Tripolygon.UModeler.Hub.HubFlashService
[11/29/2024 12:18:51 AM] [Debug] [HubAnalytics] PosthogClient.SetAutoFlush: Value Changed: True
[11/29/2024 12:18:51 AM] [Debug] [Application] Service Initialize: Tripolygon.UModeler.Hub.HubAnalyticsService
[11/29/2024 12:18:51 AM] [Debug] [Application] Service Initialize: Tripolygon.UModeler.Hub.VSAttributionService
[11/29/2024 12:18:51 AM] [Debug] [Application] Service Initialize: Tripolygon.UModeler.Hub.Notifications.UpdateHubNotifier
[11/29/2024 12:18:51 AM] [Debug] [Application] Service Initialize: Tripolygon.UModeler.Hub.Notifications.UpdateProductNotifier
[11/29/2024 12:18:51 AM] [Debug] [Application] Service Initialize: Tripolygon.UModeler.Hub.Noticies.NoticeService
[11/29/2024 12:18:51 AM] [Debug] [Application] Service Initialize: Tripolygon.UModeler.Hub.Views.SceneViews.HubSceneViewService
[11/29/2024 12:18:51 AM] [Debug] [Application] Release: isReloading=True
[11/29/2024 12:18:51 AM] [Debug] [Application] Release: isReloading=True
[11/29/2024 12:18:51 AM] [Debug] [Application] Service Release: Tripolygon.UModeler.Hub.Views.SceneViews.HubSceneViewService
[11/29/2024 12:18:51 AM] [Debug] [Application] Service Release: Tripolygon.UModeler.Hub.Noticies.NoticeService
[11/29/2024 12:18:51 AM] [Debug] [Application] Service Release: Tripolygon.UModeler.Hub.Notifications.UpdateProductNotifier
[11/29/2024 12:18:51 AM] [Debug] [Application] Service Release: Tripolygon.UModeler.Hub.Views.SceneViews.HubSceneViewService
[11/29/2024 12:18:51 AM] [Debug] [Application] Service Release: Tripolygon.UModeler.Hub.Notifications.UpdateHubNotifier
[11/29/2024 12:18:51 AM] [Debug] [Application] Service Release: Tripolygon.UModeler.Hub.VSAttributionService
[11/29/2024 12:18:51 AM] [Debug] [Application] Service Release: Tripolygon.UModeler.Hub.Noticies.NoticeService
[11/29/2024 12:18:51 AM] [Debug] [Application] Service Release: Tripolygon.UModeler.Hub.Notifications.UpdateProductNotifier
[11/29/2024 12:18:51 AM] [Debug] [Application] Service Release: Tripolygon.UModeler.Hub.Notifications.UpdateHubNotifier
[11/29/2024 12:18:51 AM] [Debug] [Application] Service Release: Tripolygon.UModeler.Hub.VSAttributionService
[11/29/2024 12:18:53 AM] [Debug] [Application] service: Tripolygon.UModeler.Hub.HubAuthentication = Tripolygon.UModeler.Hub.HubAuthentication
[11/29/2024 12:18:53 AM] [Debug] [Application] service: Tripolygon.UModeler.Hub.HubAuthentication = Tripolygon.UModeler.Hub.HubAuthentication
[11/29/2024 12:18:53 AM] [Debug] [Application] service: Tripolygon.UModeler.UI.IApplicationCache = Tripolygon.UModeler.Editor.UI.UnityEditorApplicationCache
[11/29/2024 12:18:53 AM] [Debug] [Application] service: Tripolygon.UModeler.Hub.IHubService = Tripolygon.UModeler.Hub.HubService
[11/29/2024 12:18:53 AM] [Debug] [Application] service: Tripolygon.UModeler.Authentication.IAuthenticationApiProvider = Tripolygon.UModeler.Editor.AuthenticationApiProviderService
[11/29/2024 12:18:53 AM] [Debug] [Application] service: Tripolygon.UModeler.UI.IObjectHierarchyService = Tripolygon.UModeler.Editor.UI.UnityEditorObjectHierarchyService
[11/29/2024 12:18:53 AM] [Debug] [Application] service: Tripolygon.UModeler.UI.ITextureProvider = Tripolygon.UModeler.Editor.UI.UnityEditorTextureProvider
[11/29/2024 12:18:53 AM] [Debug] [Application] service: Tripolygon.UModeler.UI.ITextureProvider = Tripolygon.UModeler.Editor.UI.UnityEditorTextureProvider
[11/29/2024 12:18:53 AM] [Debug] [Application] service: Tripolygon.UModeler.UI.IApplicationUtilityService = Tripolygon.UModeler.Editor.UI.UnityEditorApplicationUtilityService
[11/29/2024 12:18:53 AM] [Debug] [Application] service: Tripolygon.UModeler.UI.IApplicationUtilityService = Tripolygon.UModeler.Editor.UI.UnityEditorApplicationUtilityService
[11/29/2024 12:18:53 AM] [Debug] [Application] service: Tripolygon.UModeler.Editor.UI.ApplicationSettings = Tripolygon.UModeler.Editor.UI.ApplicationSettings
[11/29/2024 12:18:53 AM] [Debug] [Application] service: Tripolygon.UModeler.Editor.UI.ApplicationSettings = Tripolygon.UModeler.Editor.UI.ApplicationSettings
[11/29/2024 12:18:53 AM] [Debug] [Application] service: Tripolygon.UModeler.Hub.Resources.IResourcesApiProvider = Tripolygon.UModeler.Hub.ResourcesApiProviderService
[11/29/2024 12:18:53 AM] [Debug] [Application] service: Tripolygon.UModeler.Hub.Resources.IResourcesApiProvider = Tripolygon.UModeler.Hub.ResourcesApiProviderService
[11/29/2024 12:18:53 AM] [Debug] [Application] service: Tripolygon.UModeler.Hub.HubFlashService = Tripolygon.UModeler.Hub.HubFlashService
[11/29/2024 12:18:53 AM] [Debug] [Application] service: Tripolygon.UModeler.Hub.HubFlashService = Tripolygon.UModeler.Hub.HubFlashService
[11/29/2024 12:18:53 AM] [Debug] [Application] service: Tripolygon.UModeler.Hub.IHubAnalyticsService = Tripolygon.UModeler.Hub.HubAnalyticsService
[11/29/2024 12:18:53 AM] [Debug] [Application] service: Tripolygon.UModeler.Hub.IHubAnalyticsService = Tripolygon.UModeler.Hub.HubAnalyticsService
[11/29/2024 12:18:53 AM] [Debug] [Application] service: Tripolygon.UModeler.Hub.VSAttributionService = Tripolygon.UModeler.Hub.VSAttributionService
[11/29/2024 12:18:53 AM] [Debug] [Application] service: Tripolygon.UModeler.Hub.VSAttributionService = Tripolygon.UModeler.Hub.VSAttributionService
[11/29/2024 12:18:53 AM] [Debug] [Application] service: Tripolygon.UModeler.Hub.Notifications.UpdateHubNotifier = Tripolygon.UModeler.Hub.Notifications.UpdateHubNotifier
[11/29/2024 12:18:53 AM] [Debug] [Application] service: Tripolygon.UModeler.Hub.Notifications.UpdateHubNotifier = Tripolygon.UModeler.Hub.Notifications.UpdateHubNotifier
[11/29/2024 12:18:53 AM] [Debug] [Application] service: Tripolygon.UModeler.Hub.Notifications.UpdateProductNotifier = Tripolygon.UModeler.Hub.Notifications.UpdateProductNotifier
[11/29/2024 12:18:53 AM] [Debug] [Application] service: Tripolygon.UModeler.Hub.Notifications.UpdateProductNotifier = Tripolygon.UModeler.Hub.Notifications.UpdateProductNotifier
[11/29/2024 12:18:53 AM] [Debug] [Application] service: Tripolygon.UModeler.Hub.INoticeService = Tripolygon.UModeler.Hub.Noticies.NoticeService
[11/29/2024 12:18:53 AM] [Debug] [Application] service: Tripolygon.UModeler.Hub.INoticeService = Tripolygon.UModeler.Hub.Noticies.NoticeService
[11/29/2024 12:18:53 AM] [Debug] [Application] service: Tripolygon.UModeler.Hub.Views.SceneViews.HubSceneViewService = Tripolygon.UModeler.Hub.Views.SceneViews.HubSceneViewService
[11/29/2024 12:18:53 AM] [Debug] [Application] service: Tripolygon.UModeler.Hub.Views.SceneViews.HubSceneViewService = Tripolygon.UModeler.Hub.Views.SceneViews.HubSceneViewService
[11/29/2024 12:18:53 AM] [Debug] [Application] Initialize: isReloading=False
[11/29/2024 12:18:53 AM] [Debug] [Application] Service Initialize: Tripolygon.UModeler.Hub.HubAuthentication
[11/29/2024 12:18:53 AM] [Debug] [Application] Service Initialize: Tripolygon.UModeler.Hub.HubAuthentication
[11/29/2024 12:18:53 AM] [Debug] [Application] Service Initialize: Tripolygon.UModeler.Editor.UI.UnityEditorApplicationCache
[11/29/2024 12:18:53 AM] [Debug] [Application] Service Initialize: Tripolygon.UModeler.Editor.UI.UnityEditorApplicationCache
[11/29/2024 12:18:53 AM] [Debug] [Application] Service Initialize: Tripolygon.UModeler.Hub.HubService
[11/29/2024 12:18:53 AM] [Debug] [Application] Service Initialize: Tripolygon.UModeler.Editor.UI.UnityEditorApplicationUtilityService
[11/29/2024 12:18:53 AM] [Debug] [Application] Service Initialize: Tripolygon.UModeler.Hub.HubFlashService
[11/29/2024 12:18:53 AM] [Debug] [Application] Service Initialize: Tripolygon.UModeler.Hub.HubService
[11/29/2024 12:18:53 AM] [Debug] [Application] Service Initialize: Tripolygon.UModeler.Editor.UI.UnityEditorApplicationUtilityService
[11/29/2024 12:18:53 AM] [Debug] [Application] Service Initialize: Tripolygon.UModeler.Hub.HubFlashService
[11/29/2024 12:18:53 AM] [Debug] [HubAnalytics] PosthogClient.SetAutoFlush: Value Changed: True
[11/29/2024 12:18:53 AM] [Debug] [HubAnalytics] PosthogClient.SetAutoFlush: Value Changed: True
[11/29/2024 12:18:53 AM] [Debug] [Application] Service Initialize: Tripolygon.UModeler.Hub.HubAnalyticsService
[11/29/2024 12:18:53 AM] [Debug] [Application] Service Initialize: Tripolygon.UModeler.Hub.VSAttributionService
[11/29/2024 12:18:53 AM] [Debug] [Application] Service Initialize: Tripolygon.UModeler.Hub.Notifications.UpdateHubNotifier
[11/29/2024 12:18:53 AM] [Debug] [Application] Service Initialize: Tripolygon.UModeler.Hub.HubAnalyticsService
[11/29/2024 12:18:53 AM] [Debug] [Application] Service Initialize: Tripolygon.UModeler.Hub.VSAttributionService
[11/29/2024 12:18:53 AM] [Debug] [Application] Service Initialize: Tripolygon.UModeler.Hub.Notifications.UpdateHubNotifier
[11/29/2024 12:18:53 AM] [Debug] [Application] Service Initialize: Tripolygon.UModeler.Hub.Notifications.UpdateProductNotifier
[11/29/2024 12:18:53 AM] [Debug] [Application] Service Initialize: Tripolygon.UModeler.Hub.Noticies.NoticeService
[11/29/2024 12:18:53 AM] [Debug] [Application] Service Initialize: Tripolygon.UModeler.Hub.Notifications.UpdateProductNotifier
[11/29/2024 12:18:53 AM] [Debug] [Application] Service Initialize: Tripolygon.UModeler.Hub.Noticies.NoticeService
[11/29/2024 12:18:53 AM] [Debug] [Application] Service Initialize: Tripolygon.UModeler.Hub.Views.SceneViews.HubSceneViewService
[11/29/2024 12:18:53 AM] [Debug] [Application] Service Initialize: Tripolygon.UModeler.Hub.Views.SceneViews.HubSceneViewService
[11/29/2024 12:20:25 AM] [Debug] [Application] Release: isReloading=True
[11/29/2024 12:20:25 AM] [Debug] [Application] Service Release: Tripolygon.UModeler.Hub.Views.SceneViews.HubSceneViewService
[11/29/2024 12:20:25 AM] [Debug] [Application] Service Release: Tripolygon.UModeler.Hub.Noticies.NoticeService
[11/29/2024 12:20:25 AM] [Debug] [Application] Service Release: Tripolygon.UModeler.Hub.Notifications.UpdateProductNotifier
[11/29/2024 12:20:25 AM] [Debug] [Application] Service Release: Tripolygon.UModeler.Hub.Notifications.UpdateHubNotifier
[11/29/2024 12:20:25 AM] [Debug] [Application] Service Release: Tripolygon.UModeler.Hub.VSAttributionService
[11/29/2024 12:20:25 AM] [Debug] [HubAnalytics] PosthogClient.SetAutoFlush: Value Changed: False
[11/29/2024 12:20:25 AM] [Debug] [Application] Service Release: Tripolygon.UModeler.Hub.HubAnalyticsService
[11/29/2024 12:20:25 AM] [Debug] [Application] Service Release: Tripolygon.UModeler.Hub.HubFlashService
[11/29/2024 12:20:25 AM] [Debug] [Application] Service Release: Tripolygon.UModeler.Editor.UI.UnityEditorApplicationUtilityService
[11/29/2024 12:20:25 AM] [Debug] [Application] Service Release: Tripolygon.UModeler.Hub.HubService
[11/29/2024 12:20:25 AM] [Debug] [Application] Service Release: Tripolygon.UModeler.Editor.UI.UnityEditorApplicationCache
[11/29/2024 12:20:25 AM] [Debug] [Application] Service Release: Tripolygon.UModeler.Hub.HubAuthentication
[11/29/2024 12:20:27 AM] [Debug] [Application] service: Tripolygon.UModeler.Hub.HubAuthentication = Tripolygon.UModeler.Hub.HubAuthentication
[11/29/2024 12:20:27 AM] [Debug] [Application] service: Tripolygon.UModeler.UI.IApplicationCache = Tripolygon.UModeler.Editor.UI.UnityEditorApplicationCache
[11/29/2024 12:20:27 AM] [Debug] [Application] service: Tripolygon.UModeler.Hub.IHubService = Tripolygon.UModeler.Hub.HubService
[11/29/2024 12:20:27 AM] [Debug] [Application] service: Tripolygon.UModeler.Authentication.IAuthenticationApiProvider = Tripolygon.UModeler.Editor.AuthenticationApiProviderService
[11/29/2024 12:20:27 AM] [Debug] [Application] service: Tripolygon.UModeler.UI.IObjectHierarchyService = Tripolygon.UModeler.Editor.UI.UnityEditorObjectHierarchyService
[11/29/2024 12:20:27 AM] [Debug] [Application] service: Tripolygon.UModeler.UI.ITextureProvider = Tripolygon.UModeler.Editor.UI.UnityEditorTextureProvider
[11/29/2024 12:20:27 AM] [Debug] [Application] service: Tripolygon.UModeler.UI.IApplicationUtilityService = Tripolygon.UModeler.Editor.UI.UnityEditorApplicationUtilityService
[11/29/2024 12:20:27 AM] [Debug] [Application] service: Tripolygon.UModeler.Editor.UI.ApplicationSettings = Tripolygon.UModeler.Editor.UI.ApplicationSettings
[11/29/2024 12:20:27 AM] [Debug] [Application] service: Tripolygon.UModeler.Hub.Resources.IResourcesApiProvider = Tripolygon.UModeler.Hub.ResourcesApiProviderService
[11/29/2024 12:20:27 AM] [Debug] [Application] service: Tripolygon.UModeler.Hub.HubFlashService = Tripolygon.UModeler.Hub.HubFlashService
[11/29/2024 12:20:28 AM] [Debug] [Application] service: Tripolygon.UModeler.Hub.IHubAnalyticsService = Tripolygon.UModeler.Hub.HubAnalyticsService
[11/29/2024 12:20:28 AM] [Debug] [Application] service: Tripolygon.UModeler.Hub.VSAttributionService = Tripolygon.UModeler.Hub.VSAttributionService
[11/29/2024 12:20:28 AM] [Debug] [Application] service: Tripolygon.UModeler.Hub.Notifications.UpdateHubNotifier = Tripolygon.UModeler.Hub.Notifications.UpdateHubNotifier
[11/29/2024 12:20:28 AM] [Debug] [Application] service: Tripolygon.UModeler.Hub.Notifications.UpdateProductNotifier = Tripolygon.UModeler.Hub.Notifications.UpdateProductNotifier
[11/29/2024 12:20:28 AM] [Debug] [Application] service: Tripolygon.UModeler.Hub.INoticeService = Tripolygon.UModeler.Hub.Noticies.NoticeService
[11/29/2024 12:20:28 AM] [Debug] [Application] service: Tripolygon.UModeler.Hub.Views.SceneViews.HubSceneViewService = Tripolygon.UModeler.Hub.Views.SceneViews.HubSceneViewService
[11/29/2024 12:20:28 AM] [Debug] [Application] Initialize: isReloading=True
[11/29/2024 12:20:28 AM] [Debug] [Application] Service Initialize: Tripolygon.UModeler.Hub.HubAuthentication
[11/29/2024 12:20:28 AM] [Debug] [Application] Service Initialize: Tripolygon.UModeler.Editor.UI.UnityEditorApplicationCache
[11/29/2024 12:20:28 AM] [Debug] [Application] Service Initialize: Tripolygon.UModeler.Hub.HubService
[11/29/2024 12:20:28 AM] [Debug] [Application] Service Initialize: Tripolygon.UModeler.Editor.UI.UnityEditorApplicationUtilityService
[11/29/2024 12:20:28 AM] [Debug] [Application] Service Initialize: Tripolygon.UModeler.Hub.HubFlashService
[11/29/2024 12:20:28 AM] [Debug] [HubAnalytics] PosthogClient.SetAutoFlush: Value Changed: True
[11/29/2024 12:20:28 AM] [Debug] [Application] Service Initialize: Tripolygon.UModeler.Hub.HubAnalyticsService
[11/29/2024 12:20:28 AM] [Debug] [Application] Service Initialize: Tripolygon.UModeler.Hub.VSAttributionService
[11/29/2024 12:20:28 AM] [Debug] [Application] Service Initialize: Tripolygon.UModeler.Hub.Notifications.UpdateHubNotifier
[11/29/2024 12:20:28 AM] [Debug] [Application] Service Initialize: Tripolygon.UModeler.Hub.Notifications.UpdateProductNotifier
[11/29/2024 12:20:28 AM] [Debug] [Application] Service Initialize: Tripolygon.UModeler.Hub.Noticies.NoticeService
[11/29/2024 12:20:28 AM] [Debug] [Application] Service Initialize: Tripolygon.UModeler.Hub.Views.SceneViews.HubSceneViewService
[11/29/2024 12:20:29 AM] [Debug] [Application] Release: isReloading=True
[11/29/2024 12:20:29 AM] [Debug] [Application] Service Release: Tripolygon.UModeler.Hub.Views.SceneViews.HubSceneViewService
[11/29/2024 12:20:29 AM] [Debug] [Application] Service Release: Tripolygon.UModeler.Hub.Noticies.NoticeService
[11/29/2024 12:20:29 AM] [Debug] [Application] Service Release: Tripolygon.UModeler.Hub.Notifications.UpdateProductNotifier
[11/29/2024 12:20:29 AM] [Debug] [Application] Service Release: Tripolygon.UModeler.Hub.Notifications.UpdateHubNotifier
[11/29/2024 12:20:29 AM] [Debug] [Application] Service Release: Tripolygon.UModeler.Hub.VSAttributionService
[11/29/2024 12:20:29 AM] [Debug] [Application] Release: isReloading=True
[11/29/2024 12:20:29 AM] [Debug] [Application] Service Release: Tripolygon.UModeler.Hub.Views.SceneViews.HubSceneViewService
[11/29/2024 12:20:29 AM] [Debug] [Application] Service Release: Tripolygon.UModeler.Hub.Noticies.NoticeService
[11/29/2024 12:20:29 AM] [Debug] [Application] Service Release: Tripolygon.UModeler.Hub.Notifications.UpdateProductNotifier
[11/29/2024 12:20:29 AM] [Debug] [Application] Service Release: Tripolygon.UModeler.Hub.Notifications.UpdateHubNotifier
[11/29/2024 12:20:29 AM] [Debug] [Application] Service Release: Tripolygon.UModeler.Hub.VSAttributionService
[11/29/2024 12:20:31 AM] [Debug] [Application] service: Tripolygon.UModeler.Hub.HubAuthentication = Tripolygon.UModeler.Hub.HubAuthentication
[11/29/2024 12:20:31 AM] [Debug] [Application] service: Tripolygon.UModeler.UI.IApplicationCache = Tripolygon.UModeler.Editor.UI.UnityEditorApplicationCache
[11/29/2024 12:20:31 AM] [Debug] [Application] service: Tripolygon.UModeler.Hub.IHubService = Tripolygon.UModeler.Hub.HubService
[11/29/2024 12:20:31 AM] [Debug] [Application] service: Tripolygon.UModeler.Authentication.IAuthenticationApiProvider = Tripolygon.UModeler.Editor.AuthenticationApiProviderService
[11/29/2024 12:20:31 AM] [Debug] [Application] service: Tripolygon.UModeler.UI.IObjectHierarchyService = Tripolygon.UModeler.Editor.UI.UnityEditorObjectHierarchyService
[11/29/2024 12:20:31 AM] [Debug] [Application] service: Tripolygon.UModeler.UI.ITextureProvider = Tripolygon.UModeler.Editor.UI.UnityEditorTextureProvider
[11/29/2024 12:20:31 AM] [Debug] [Application] service: Tripolygon.UModeler.UI.IApplicationUtilityService = Tripolygon.UModeler.Editor.UI.UnityEditorApplicationUtilityService
[11/29/2024 12:20:31 AM] [Debug] [Application] service: Tripolygon.UModeler.Editor.UI.ApplicationSettings = Tripolygon.UModeler.Editor.UI.ApplicationSettings
[11/29/2024 12:20:31 AM] [Debug] [Application] service: Tripolygon.UModeler.Hub.Resources.IResourcesApiProvider = Tripolygon.UModeler.Hub.ResourcesApiProviderService
[11/29/2024 12:20:31 AM] [Debug] [Application] service: Tripolygon.UModeler.Hub.HubFlashService = Tripolygon.UModeler.Hub.HubFlashService
[11/29/2024 12:20:31 AM] [Debug] [Application] service: Tripolygon.UModeler.Hub.IHubAnalyticsService = Tripolygon.UModeler.Hub.HubAnalyticsService
[11/29/2024 12:20:31 AM] [Debug] [Application] service: Tripolygon.UModeler.Hub.VSAttributionService = Tripolygon.UModeler.Hub.VSAttributionService
[11/29/2024 12:20:31 AM] [Debug] [Application] service: Tripolygon.UModeler.Hub.Notifications.UpdateHubNotifier = Tripolygon.UModeler.Hub.Notifications.UpdateHubNotifier
[11/29/2024 12:20:31 AM] [Debug] [Application] service: Tripolygon.UModeler.Hub.Notifications.UpdateProductNotifier = Tripolygon.UModeler.Hub.Notifications.UpdateProductNotifier
[11/29/2024 12:20:31 AM] [Debug] [Application] service: Tripolygon.UModeler.Hub.INoticeService = Tripolygon.UModeler.Hub.Noticies.NoticeService
[11/29/2024 12:20:31 AM] [Debug] [Application] service: Tripolygon.UModeler.Hub.Views.SceneViews.HubSceneViewService = Tripolygon.UModeler.Hub.Views.SceneViews.HubSceneViewService
[11/29/2024 12:20:31 AM] [Debug] [Application] Initialize: isReloading=True
[11/29/2024 12:20:31 AM] [Debug] [Application] Service Initialize: Tripolygon.UModeler.Hub.HubAuthentication
[11/29/2024 12:20:31 AM] [Debug] [Application] Service Initialize: Tripolygon.UModeler.Editor.UI.UnityEditorApplicationCache
[11/29/2024 12:20:31 AM] [Debug] [Application] service: Tripolygon.UModeler.Hub.HubAuthentication = Tripolygon.UModeler.Hub.HubAuthentication
[11/29/2024 12:20:31 AM] [Debug] [Application] service: Tripolygon.UModeler.UI.IApplicationCache = Tripolygon.UModeler.Editor.UI.UnityEditorApplicationCache
[11/29/2024 12:20:31 AM] [Debug] [Application] service: Tripolygon.UModeler.Hub.IHubService = Tripolygon.UModeler.Hub.HubService
[11/29/2024 12:20:31 AM] [Debug] [Application] service: Tripolygon.UModeler.Authentication.IAuthenticationApiProvider = Tripolygon.UModeler.Editor.AuthenticationApiProviderService
[11/29/2024 12:20:31 AM] [Debug] [Application] service: Tripolygon.UModeler.UI.IObjectHierarchyService = Tripolygon.UModeler.Editor.UI.UnityEditorObjectHierarchyService
[11/29/2024 12:20:31 AM] [Debug] [Application] service: Tripolygon.UModeler.UI.ITextureProvider = Tripolygon.UModeler.Editor.UI.UnityEditorTextureProvider
[11/29/2024 12:20:31 AM] [Debug] [Application] service: Tripolygon.UModeler.UI.IApplicationUtilityService = Tripolygon.UModeler.Editor.UI.UnityEditorApplicationUtilityService
[11/29/2024 12:20:31 AM] [Debug] [Application] service: Tripolygon.UModeler.Editor.UI.ApplicationSettings = Tripolygon.UModeler.Editor.UI.ApplicationSettings
[11/29/2024 12:20:31 AM] [Debug] [Application] service: Tripolygon.UModeler.Hub.Resources.IResourcesApiProvider = Tripolygon.UModeler.Hub.ResourcesApiProviderService
[11/29/2024 12:20:31 AM] [Debug] [Application] service: Tripolygon.UModeler.Hub.HubFlashService = Tripolygon.UModeler.Hub.HubFlashService
[11/29/2024 12:20:31 AM] [Debug] [Application] service: Tripolygon.UModeler.Hub.IHubAnalyticsService = Tripolygon.UModeler.Hub.HubAnalyticsService
[11/29/2024 12:20:31 AM] [Debug] [Application] service: Tripolygon.UModeler.Hub.VSAttributionService = Tripolygon.UModeler.Hub.VSAttributionService
[11/29/2024 12:20:31 AM] [Debug] [Application] service: Tripolygon.UModeler.Hub.Notifications.UpdateHubNotifier = Tripolygon.UModeler.Hub.Notifications.UpdateHubNotifier
[11/29/2024 12:20:31 AM] [Debug] [Application] service: Tripolygon.UModeler.Hub.Notifications.UpdateProductNotifier = Tripolygon.UModeler.Hub.Notifications.UpdateProductNotifier
[11/29/2024 12:20:31 AM] [Debug] [Application] service: Tripolygon.UModeler.Hub.INoticeService = Tripolygon.UModeler.Hub.Noticies.NoticeService
[11/29/2024 12:20:31 AM] [Debug] [Application] service: Tripolygon.UModeler.Hub.Views.SceneViews.HubSceneViewService = Tripolygon.UModeler.Hub.Views.SceneViews.HubSceneViewService
[11/29/2024 12:20:31 AM] [Debug] [Application] Initialize: isReloading=False
[11/29/2024 12:20:31 AM] [Debug] [Application] Service Initialize: Tripolygon.UModeler.Hub.HubAuthentication
[11/29/2024 12:20:31 AM] [Debug] [Application] Service Initialize: Tripolygon.UModeler.Editor.UI.UnityEditorApplicationCache
[11/29/2024 12:20:31 AM] [Debug] [Application] Service Initialize: Tripolygon.UModeler.Hub.HubService
[11/29/2024 12:20:31 AM] [Debug] [Application] Service Initialize: Tripolygon.UModeler.Editor.UI.UnityEditorApplicationUtilityService
[11/29/2024 12:20:31 AM] [Debug] [Application] Service Initialize: Tripolygon.UModeler.Hub.HubFlashService
[11/29/2024 12:20:31 AM] [Debug] [Application] Service Initialize: Tripolygon.UModeler.Hub.HubService
[11/29/2024 12:20:31 AM] [Debug] [Application] Service Initialize: Tripolygon.UModeler.Editor.UI.UnityEditorApplicationUtilityService
[11/29/2024 12:20:31 AM] [Debug] [Application] Service Initialize: Tripolygon.UModeler.Hub.HubFlashService
[11/29/2024 12:20:31 AM] [Debug] [HubAnalytics] PosthogClient.SetAutoFlush: Value Changed: True
[11/29/2024 12:20:31 AM] [Debug] [HubAnalytics] PosthogClient.SetAutoFlush: Value Changed: True
[11/29/2024 12:20:31 AM] [Debug] [Application] Service Initialize: Tripolygon.UModeler.Hub.HubAnalyticsService
[11/29/2024 12:20:31 AM] [Debug] [Application] Service Initialize: Tripolygon.UModeler.Hub.VSAttributionService
[11/29/2024 12:20:31 AM] [Debug] [Application] Service Initialize: Tripolygon.UModeler.Hub.Notifications.UpdateHubNotifier
[11/29/2024 12:20:31 AM] [Debug] [Application] Service Initialize: Tripolygon.UModeler.Hub.Notifications.UpdateProductNotifier
[11/29/2024 12:20:31 AM] [Debug] [Application] Service Initialize: Tripolygon.UModeler.Hub.Noticies.NoticeService
[11/29/2024 12:20:31 AM] [Debug] [Application] Service Initialize: Tripolygon.UModeler.Hub.HubAnalyticsService
[11/29/2024 12:20:31 AM] [Debug] [Application] Service Initialize: Tripolygon.UModeler.Hub.VSAttributionService
[11/29/2024 12:20:31 AM] [Debug] [Application] Service Initialize: Tripolygon.UModeler.Hub.Notifications.UpdateHubNotifier
[11/29/2024 12:20:31 AM] [Debug] [Application] Service Initialize: Tripolygon.UModeler.Hub.Views.SceneViews.HubSceneViewService
[11/29/2024 12:20:31 AM] [Debug] [Application] Service Initialize: Tripolygon.UModeler.Hub.Notifications.UpdateProductNotifier
[11/29/2024 12:20:31 AM] [Debug] [Application] Service Initialize: Tripolygon.UModeler.Hub.Noticies.NoticeService
[11/29/2024 12:20:31 AM] [Debug] [Application] Service Initialize: Tripolygon.UModeler.Hub.Views.SceneViews.HubSceneViewService
[11/29/2024 12:21:16 AM] [Debug] [Application] Release: isReloading=True
[11/29/2024 12:21:16 AM] [Debug] [Application] Service Release: Tripolygon.UModeler.Hub.Views.SceneViews.HubSceneViewService
[11/29/2024 12:21:16 AM] [Debug] [Application] Service Release: Tripolygon.UModeler.Hub.Noticies.NoticeService
[11/29/2024 12:21:16 AM] [Debug] [Application] Service Release: Tripolygon.UModeler.Hub.Notifications.UpdateProductNotifier
[11/29/2024 12:21:16 AM] [Debug] [Application] Service Release: Tripolygon.UModeler.Hub.Notifications.UpdateHubNotifier
[11/29/2024 12:21:16 AM] [Debug] [Application] Service Release: Tripolygon.UModeler.Hub.VSAttributionService
[11/29/2024 12:21:16 AM] [Debug] [HubAnalytics] PosthogClient.SetAutoFlush: Value Changed: False
[11/29/2024 12:21:16 AM] [Debug] [Application] Service Release: Tripolygon.UModeler.Hub.HubAnalyticsService
[11/29/2024 12:21:16 AM] [Debug] [Application] Service Release: Tripolygon.UModeler.Hub.HubFlashService
[11/29/2024 12:21:16 AM] [Debug] [Application] Service Release: Tripolygon.UModeler.Editor.UI.UnityEditorApplicationUtilityService
[11/29/2024 12:21:16 AM] [Debug] [Application] Service Release: Tripolygon.UModeler.Hub.HubService
[11/29/2024 12:21:16 AM] [Debug] [Application] Service Release: Tripolygon.UModeler.Editor.UI.UnityEditorApplicationCache
[11/29/2024 12:21:16 AM] [Debug] [Application] Service Release: Tripolygon.UModeler.Hub.HubAuthentication
[11/29/2024 12:21:18 AM] [Debug] [Application] service: Tripolygon.UModeler.Hub.HubAuthentication = Tripolygon.UModeler.Hub.HubAuthentication
[11/29/2024 12:21:18 AM] [Debug] [Application] service: Tripolygon.UModeler.UI.IApplicationCache = Tripolygon.UModeler.Editor.UI.UnityEditorApplicationCache
[11/29/2024 12:21:18 AM] [Debug] [Application] service: Tripolygon.UModeler.Hub.IHubService = Tripolygon.UModeler.Hub.HubService
[11/29/2024 12:21:18 AM] [Debug] [Application] service: Tripolygon.UModeler.Authentication.IAuthenticationApiProvider = Tripolygon.UModeler.Editor.AuthenticationApiProviderService
[11/29/2024 12:21:18 AM] [Debug] [Application] service: Tripolygon.UModeler.UI.IObjectHierarchyService = Tripolygon.UModeler.Editor.UI.UnityEditorObjectHierarchyService
[11/29/2024 12:21:18 AM] [Debug] [Application] service: Tripolygon.UModeler.UI.ITextureProvider = Tripolygon.UModeler.Editor.UI.UnityEditorTextureProvider
[11/29/2024 12:21:18 AM] [Debug] [Application] service: Tripolygon.UModeler.UI.IApplicationUtilityService = Tripolygon.UModeler.Editor.UI.UnityEditorApplicationUtilityService
[11/29/2024 12:21:18 AM] [Debug] [Application] service: Tripolygon.UModeler.Editor.UI.ApplicationSettings = Tripolygon.UModeler.Editor.UI.ApplicationSettings
[11/29/2024 12:21:18 AM] [Debug] [Application] service: Tripolygon.UModeler.Hub.Resources.IResourcesApiProvider = Tripolygon.UModeler.Hub.ResourcesApiProviderService
[11/29/2024 12:21:18 AM] [Debug] [Application] service: Tripolygon.UModeler.Hub.HubFlashService = Tripolygon.UModeler.Hub.HubFlashService
[11/29/2024 12:21:18 AM] [Debug] [Application] service: Tripolygon.UModeler.Hub.IHubAnalyticsService = Tripolygon.UModeler.Hub.HubAnalyticsService
[11/29/2024 12:21:18 AM] [Debug] [Application] service: Tripolygon.UModeler.Hub.VSAttributionService = Tripolygon.UModeler.Hub.VSAttributionService
[11/29/2024 12:21:18 AM] [Debug] [Application] service: Tripolygon.UModeler.Hub.Notifications.UpdateHubNotifier = Tripolygon.UModeler.Hub.Notifications.UpdateHubNotifier
[11/29/2024 12:21:18 AM] [Debug] [Application] service: Tripolygon.UModeler.Hub.Notifications.UpdateProductNotifier = Tripolygon.UModeler.Hub.Notifications.UpdateProductNotifier
[11/29/2024 12:21:18 AM] [Debug] [Application] service: Tripolygon.UModeler.Hub.INoticeService = Tripolygon.UModeler.Hub.Noticies.NoticeService
[11/29/2024 12:21:18 AM] [Debug] [Application] service: Tripolygon.UModeler.Hub.Views.SceneViews.HubSceneViewService = Tripolygon.UModeler.Hub.Views.SceneViews.HubSceneViewService
[11/29/2024 12:21:18 AM] [Debug] [Application] Initialize: isReloading=True
[11/29/2024 12:21:18 AM] [Debug] [Application] Service Initialize: Tripolygon.UModeler.Hub.HubAuthentication
[11/29/2024 12:21:18 AM] [Debug] [Application] Service Initialize: Tripolygon.UModeler.Editor.UI.UnityEditorApplicationCache
[11/29/2024 12:21:18 AM] [Debug] [Application] Service Initialize: Tripolygon.UModeler.Hub.HubService
[11/29/2024 12:21:18 AM] [Debug] [Application] Service Initialize: Tripolygon.UModeler.Editor.UI.UnityEditorApplicationUtilityService
[11/29/2024 12:21:18 AM] [Debug] [Application] Service Initialize: Tripolygon.UModeler.Hub.HubFlashService
[11/29/2024 12:21:19 AM] [Debug] [HubAnalytics] PosthogClient.SetAutoFlush: Value Changed: True
[11/29/2024 12:21:19 AM] [Debug] [Application] Service Initialize: Tripolygon.UModeler.Hub.HubAnalyticsService
[11/29/2024 12:21:19 AM] [Debug] [Application] Service Initialize: Tripolygon.UModeler.Hub.VSAttributionService
[11/29/2024 12:21:19 AM] [Debug] [Application] Service Initialize: Tripolygon.UModeler.Hub.Notifications.UpdateHubNotifier
[11/29/2024 12:21:19 AM] [Debug] [Application] Service Initialize: Tripolygon.UModeler.Hub.Notifications.UpdateProductNotifier
[11/29/2024 12:21:19 AM] [Debug] [Application] Service Initialize: Tripolygon.UModeler.Hub.Noticies.NoticeService
[11/29/2024 12:21:19 AM] [Debug] [Application] Service Initialize: Tripolygon.UModeler.Hub.Views.SceneViews.HubSceneViewService
[11/29/2024 12:21:19 AM] [Debug] [Application] Release: isReloading=True
[11/29/2024 12:21:19 AM] [Debug] [Application] Release: isReloading=True
[11/29/2024 12:21:19 AM] [Debug] [Application] Service Release: Tripolygon.UModeler.Hub.Views.SceneViews.HubSceneViewService
[11/29/2024 12:21:19 AM] [Debug] [Application] Service Release: Tripolygon.UModeler.Hub.Noticies.NoticeService
[11/29/2024 12:21:19 AM] [Debug] [Application] Service Release: Tripolygon.UModeler.Hub.Notifications.UpdateProductNotifier
[11/29/2024 12:21:19 AM] [Debug] [Application] Service Release: Tripolygon.UModeler.Hub.Notifications.UpdateHubNotifier
[11/29/2024 12:21:19 AM] [Debug] [Application] Service Release: Tripolygon.UModeler.Hub.Noticies.NoticeService
[11/29/2024 12:21:19 AM] [Debug] [Application] Service Release: Tripolygon.UModeler.Hub.VSAttributionService
[11/29/2024 12:21:19 AM] [Debug] [Application] Service Release: Tripolygon.UModeler.Hub.Notifications.UpdateProductNotifier
[11/29/2024 12:21:19 AM] [Debug] [Application] Service Release: Tripolygon.UModeler.Hub.Notifications.UpdateHubNotifier
[11/29/2024 12:21:19 AM] [Debug] [Application] Service Release: Tripolygon.UModeler.Hub.VSAttributionService
[11/29/2024 12:21:21 AM] [Debug] [Application] service: Tripolygon.UModeler.Hub.HubAuthentication = Tripolygon.UModeler.Hub.HubAuthentication
[11/29/2024 12:21:21 AM] [Debug] [Application] service: Tripolygon.UModeler.UI.IApplicationCache = Tripolygon.UModeler.Editor.UI.UnityEditorApplicationCache
[11/29/2024 12:21:21 AM] [Debug] [Application] service: Tripolygon.UModeler.Hub.IHubService = Tripolygon.UModeler.Hub.HubService
[11/29/2024 12:21:21 AM] [Debug] [Application] service: Tripolygon.UModeler.Authentication.IAuthenticationApiProvider = Tripolygon.UModeler.Editor.AuthenticationApiProviderService
[11/29/2024 12:21:21 AM] [Debug] [Application] service: Tripolygon.UModeler.UI.IObjectHierarchyService = Tripolygon.UModeler.Editor.UI.UnityEditorObjectHierarchyService
[11/29/2024 12:21:21 AM] [Debug] [Application] service: Tripolygon.UModeler.UI.ITextureProvider = Tripolygon.UModeler.Editor.UI.UnityEditorTextureProvider
[11/29/2024 12:21:21 AM] [Debug] [Application] service: Tripolygon.UModeler.UI.IApplicationUtilityService = Tripolygon.UModeler.Editor.UI.UnityEditorApplicationUtilityService
[11/29/2024 12:21:21 AM] [Debug] [Application] service: Tripolygon.UModeler.Editor.UI.ApplicationSettings = Tripolygon.UModeler.Editor.UI.ApplicationSettings
[11/29/2024 12:21:21 AM] [Debug] [Application] service: Tripolygon.UModeler.Hub.Resources.IResourcesApiProvider = Tripolygon.UModeler.Hub.ResourcesApiProviderService
[11/29/2024 12:21:21 AM] [Debug] [Application] service: Tripolygon.UModeler.Hub.HubFlashService = Tripolygon.UModeler.Hub.HubFlashService
[11/29/2024 12:21:21 AM] [Debug] [Application] service: Tripolygon.UModeler.Hub.IHubAnalyticsService = Tripolygon.UModeler.Hub.HubAnalyticsService
[11/29/2024 12:21:21 AM] [Debug] [Application] service: Tripolygon.UModeler.Hub.VSAttributionService = Tripolygon.UModeler.Hub.VSAttributionService
[11/29/2024 12:21:21 AM] [Debug] [Application] service: Tripolygon.UModeler.Hub.Notifications.UpdateHubNotifier = Tripolygon.UModeler.Hub.Notifications.UpdateHubNotifier
[11/29/2024 12:21:21 AM] [Debug] [Application] service: Tripolygon.UModeler.Hub.Notifications.UpdateProductNotifier = Tripolygon.UModeler.Hub.Notifications.UpdateProductNotifier
[11/29/2024 12:21:21 AM] [Debug] [Application] service: Tripolygon.UModeler.Hub.INoticeService = Tripolygon.UModeler.Hub.Noticies.NoticeService
[11/29/2024 12:21:21 AM] [Debug] [Application] service: Tripolygon.UModeler.Hub.Views.SceneViews.HubSceneViewService = Tripolygon.UModeler.Hub.Views.SceneViews.HubSceneViewService
[11/29/2024 12:21:21 AM] [Debug] [Application] Initialize: isReloading=True
[11/29/2024 12:21:21 AM] [Debug] [Application] Service Initialize: Tripolygon.UModeler.Hub.HubAuthentication
[11/29/2024 12:21:21 AM] [Debug] [Application] Service Initialize: Tripolygon.UModeler.Editor.UI.UnityEditorApplicationCache
[11/29/2024 12:21:21 AM] [Debug] [Application] Service Initialize: Tripolygon.UModeler.Hub.HubService
[11/29/2024 12:21:21 AM] [Debug] [Application] Service Initialize: Tripolygon.UModeler.Editor.UI.UnityEditorApplicationUtilityService
[11/29/2024 12:21:21 AM] [Debug] [Application] Service Initialize: Tripolygon.UModeler.Hub.HubFlashService
[11/29/2024 12:21:21 AM] [Debug] [Application] service: Tripolygon.UModeler.Hub.HubAuthentication = Tripolygon.UModeler.Hub.HubAuthentication
[11/29/2024 12:21:21 AM] [Debug] [Application] service: Tripolygon.UModeler.UI.IApplicationCache = Tripolygon.UModeler.Editor.UI.UnityEditorApplicationCache
[11/29/2024 12:21:21 AM] [Debug] [Application] service: Tripolygon.UModeler.Hub.IHubService = Tripolygon.UModeler.Hub.HubService
[11/29/2024 12:21:21 AM] [Debug] [Application] service: Tripolygon.UModeler.Authentication.IAuthenticationApiProvider = Tripolygon.UModeler.Editor.AuthenticationApiProviderService
[11/29/2024 12:21:21 AM] [Debug] [Application] service: Tripolygon.UModeler.UI.IObjectHierarchyService = Tripolygon.UModeler.Editor.UI.UnityEditorObjectHierarchyService
[11/29/2024 12:21:21 AM] [Debug] [Application] service: Tripolygon.UModeler.UI.ITextureProvider = Tripolygon.UModeler.Editor.UI.UnityEditorTextureProvider
[11/29/2024 12:21:21 AM] [Debug] [Application] service: Tripolygon.UModeler.UI.IApplicationUtilityService = Tripolygon.UModeler.Editor.UI.UnityEditorApplicationUtilityService
[11/29/2024 12:21:21 AM] [Debug] [Application] service: Tripolygon.UModeler.Editor.UI.ApplicationSettings = Tripolygon.UModeler.Editor.UI.ApplicationSettings
[11/29/2024 12:21:21 AM] [Debug] [Application] service: Tripolygon.UModeler.Hub.Resources.IResourcesApiProvider = Tripolygon.UModeler.Hub.ResourcesApiProviderService
[11/29/2024 12:21:21 AM] [Debug] [Application] service: Tripolygon.UModeler.Hub.HubFlashService = Tripolygon.UModeler.Hub.HubFlashService
[11/29/2024 12:21:21 AM] [Debug] [Application] service: Tripolygon.UModeler.Hub.IHubAnalyticsService = Tripolygon.UModeler.Hub.HubAnalyticsService
[11/29/2024 12:21:21 AM] [Debug] [Application] service: Tripolygon.UModeler.Hub.VSAttributionService = Tripolygon.UModeler.Hub.VSAttributionService
[11/29/2024 12:21:21 AM] [Debug] [Application] service: Tripolygon.UModeler.Hub.Notifications.UpdateHubNotifier = Tripolygon.UModeler.Hub.Notifications.UpdateHubNotifier
[11/29/2024 12:21:21 AM] [Debug] [Application] service: Tripolygon.UModeler.Hub.Notifications.UpdateProductNotifier = Tripolygon.UModeler.Hub.Notifications.UpdateProductNotifier
[11/29/2024 12:21:21 AM] [Debug] [Application] service: Tripolygon.UModeler.Hub.INoticeService = Tripolygon.UModeler.Hub.Noticies.NoticeService
[11/29/2024 12:21:21 AM] [Debug] [Application] service: Tripolygon.UModeler.Hub.Views.SceneViews.HubSceneViewService = Tripolygon.UModeler.Hub.Views.SceneViews.HubSceneViewService
[11/29/2024 12:21:21 AM] [Debug] [Application] Initialize: isReloading=False
[11/29/2024 12:21:21 AM] [Debug] [Application] Service Initialize: Tripolygon.UModeler.Hub.HubAuthentication
[11/29/2024 12:21:21 AM] [Debug] [HubAnalytics] PosthogClient.SetAutoFlush: Value Changed: True
[11/29/2024 12:21:21 AM] [Debug] [Application] Service Initialize: Tripolygon.UModeler.Editor.UI.UnityEditorApplicationCache
[11/29/2024 12:21:21 AM] [Debug] [Application] Service Initialize: Tripolygon.UModeler.Hub.HubService
[11/29/2024 12:21:21 AM] [Debug] [Application] Service Initialize: Tripolygon.UModeler.Editor.UI.UnityEditorApplicationUtilityService
[11/29/2024 12:21:21 AM] [Debug] [Application] Service Initialize: Tripolygon.UModeler.Hub.HubFlashService
[11/29/2024 12:21:21 AM] [Debug] [HubAnalytics] PosthogClient.SetAutoFlush: Value Changed: True
[11/29/2024 12:21:21 AM] [Debug] [Application] Service Initialize: Tripolygon.UModeler.Hub.HubAnalyticsService
[11/29/2024 12:21:21 AM] [Debug] [Application] Service Initialize: Tripolygon.UModeler.Hub.VSAttributionService
[11/29/2024 12:21:21 AM] [Debug] [Application] Service Initialize: Tripolygon.UModeler.Hub.Notifications.UpdateHubNotifier
[11/29/2024 12:21:21 AM] [Debug] [Application] Service Initialize: Tripolygon.UModeler.Hub.Notifications.UpdateProductNotifier
[11/29/2024 12:21:21 AM] [Debug] [Application] Service Initialize: Tripolygon.UModeler.Hub.Noticies.NoticeService
[11/29/2024 12:21:21 AM] [Debug] [Application] Service Initialize: Tripolygon.UModeler.Hub.Views.SceneViews.HubSceneViewService
[11/29/2024 12:21:21 AM] [Debug] [Application] Service Initialize: Tripolygon.UModeler.Hub.HubAnalyticsService
[11/29/2024 12:21:21 AM] [Debug] [Application] Service Initialize: Tripolygon.UModeler.Hub.VSAttributionService
[11/29/2024 12:21:21 AM] [Debug] [Application] Service Initialize: Tripolygon.UModeler.Hub.Notifications.UpdateHubNotifier
[11/29/2024 12:21:21 AM] [Debug] [Application] Service Initialize: Tripolygon.UModeler.Hub.Notifications.UpdateProductNotifier
[11/29/2024 12:21:21 AM] [Debug] [Application] Service Initialize: Tripolygon.UModeler.Hub.Noticies.NoticeService
[11/29/2024 12:21:21 AM] [Debug] [Application] Service Initialize: Tripolygon.UModeler.Hub.Views.SceneViews.HubSceneViewService
[11/29/2024 1:29:18 AM] [Debug] [Application] Release: isReloading=True
[11/29/2024 1:29:18 AM] [Debug] [Application] Service Release: Tripolygon.UModeler.Hub.Views.SceneViews.HubSceneViewService
[11/29/2024 1:29:18 AM] [Debug] [Application] Service Release: Tripolygon.UModeler.Hub.Noticies.NoticeService
[11/29/2024 1:29:18 AM] [Debug] [Application] Service Release: Tripolygon.UModeler.Hub.Notifications.UpdateProductNotifier
[11/29/2024 1:29:18 AM] [Debug] [Application] Service Release: Tripolygon.UModeler.Hub.Notifications.UpdateHubNotifier
[11/29/2024 1:29:18 AM] [Debug] [Application] Service Release: Tripolygon.UModeler.Hub.VSAttributionService
[11/29/2024 1:29:18 AM] [Debug] [HubAnalytics] PosthogClient.SetAutoFlush: Value Changed: False
[11/29/2024 1:29:18 AM] [Debug] [Application] Service Release: Tripolygon.UModeler.Hub.HubAnalyticsService
[11/29/2024 1:29:18 AM] [Debug] [Application] Service Release: Tripolygon.UModeler.Hub.HubFlashService
[11/29/2024 1:29:18 AM] [Debug] [Application] Service Release: Tripolygon.UModeler.Editor.UI.UnityEditorApplicationUtilityService
[11/29/2024 1:29:18 AM] [Debug] [Application] Service Release: Tripolygon.UModeler.Hub.HubService
[11/29/2024 1:29:18 AM] [Debug] [Application] Service Release: Tripolygon.UModeler.Editor.UI.UnityEditorApplicationCache
[11/29/2024 1:29:18 AM] [Debug] [Application] Service Release: Tripolygon.UModeler.Hub.HubAuthentication
[11/29/2024 1:29:21 AM] [Debug] [Application] service: Tripolygon.UModeler.Hub.HubAuthentication = Tripolygon.UModeler.Hub.HubAuthentication
[11/29/2024 1:29:21 AM] [Debug] [Application] service: Tripolygon.UModeler.UI.IApplicationCache = Tripolygon.UModeler.Editor.UI.UnityEditorApplicationCache
[11/29/2024 1:29:21 AM] [Debug] [Application] service: Tripolygon.UModeler.Hub.IHubService = Tripolygon.UModeler.Hub.HubService
[11/29/2024 1:29:21 AM] [Debug] [Application] service: Tripolygon.UModeler.Authentication.IAuthenticationApiProvider = Tripolygon.UModeler.Editor.AuthenticationApiProviderService
[11/29/2024 1:29:21 AM] [Debug] [Application] service: Tripolygon.UModeler.UI.IObjectHierarchyService = Tripolygon.UModeler.Editor.UI.UnityEditorObjectHierarchyService
[11/29/2024 1:29:21 AM] [Debug] [Application] service: Tripolygon.UModeler.UI.ITextureProvider = Tripolygon.UModeler.Editor.UI.UnityEditorTextureProvider
[11/29/2024 1:29:21 AM] [Debug] [Application] service: Tripolygon.UModeler.UI.IApplicationUtilityService = Tripolygon.UModeler.Editor.UI.UnityEditorApplicationUtilityService
[11/29/2024 1:29:21 AM] [Debug] [Application] service: Tripolygon.UModeler.Editor.UI.ApplicationSettings = Tripolygon.UModeler.Editor.UI.ApplicationSettings
[11/29/2024 1:29:21 AM] [Debug] [Application] service: Tripolygon.UModeler.Hub.Resources.IResourcesApiProvider = Tripolygon.UModeler.Hub.ResourcesApiProviderService
[11/29/2024 1:29:21 AM] [Debug] [Application] service: Tripolygon.UModeler.Hub.HubFlashService = Tripolygon.UModeler.Hub.HubFlashService
[11/29/2024 1:29:21 AM] [Debug] [Application] service: Tripolygon.UModeler.Hub.IHubAnalyticsService = Tripolygon.UModeler.Hub.HubAnalyticsService
[11/29/2024 1:29:21 AM] [Debug] [Application] service: Tripolygon.UModeler.Hub.VSAttributionService = Tripolygon.UModeler.Hub.VSAttributionService
[11/29/2024 1:29:21 AM] [Debug] [Application] service: Tripolygon.UModeler.Hub.Notifications.UpdateHubNotifier = Tripolygon.UModeler.Hub.Notifications.UpdateHubNotifier
[11/29/2024 1:29:21 AM] [Debug] [Application] service: Tripolygon.UModeler.Hub.Notifications.UpdateProductNotifier = Tripolygon.UModeler.Hub.Notifications.UpdateProductNotifier
[11/29/2024 1:29:21 AM] [Debug] [Application] service: Tripolygon.UModeler.Hub.INoticeService = Tripolygon.UModeler.Hub.Noticies.NoticeService
[11/29/2024 1:29:21 AM] [Debug] [Application] service: Tripolygon.UModeler.Hub.Views.SceneViews.HubSceneViewService = Tripolygon.UModeler.Hub.Views.SceneViews.HubSceneViewService
[11/29/2024 1:29:22 AM] [Debug] [Application] Initialize: isReloading=True
[11/29/2024 1:29:22 AM] [Debug] [Application] Service Initialize: Tripolygon.UModeler.Hub.HubAuthentication
[11/29/2024 1:29:22 AM] [Debug] [Application] Service Initialize: Tripolygon.UModeler.Editor.UI.UnityEditorApplicationCache
[11/29/2024 1:29:22 AM] [Debug] [Application] Service Initialize: Tripolygon.UModeler.Hub.HubService
[11/29/2024 1:29:22 AM] [Debug] [Application] Service Initialize: Tripolygon.UModeler.Editor.UI.UnityEditorApplicationUtilityService
[11/29/2024 1:29:22 AM] [Debug] [Application] Service Initialize: Tripolygon.UModeler.Hub.HubFlashService
[11/29/2024 1:29:22 AM] [Debug] [HubAnalytics] PosthogClient.SetAutoFlush: Value Changed: True
[11/29/2024 1:29:22 AM] [Debug] [Application] Service Initialize: Tripolygon.UModeler.Hub.HubAnalyticsService
[11/29/2024 1:29:22 AM] [Debug] [Application] Service Initialize: Tripolygon.UModeler.Hub.VSAttributionService
[11/29/2024 1:29:22 AM] [Debug] [Application] Service Initialize: Tripolygon.UModeler.Hub.Notifications.UpdateHubNotifier
[11/29/2024 1:29:22 AM] [Debug] [Application] Service Initialize: Tripolygon.UModeler.Hub.Notifications.UpdateProductNotifier
[11/29/2024 1:29:22 AM] [Debug] [Application] Service Initialize: Tripolygon.UModeler.Hub.Noticies.NoticeService
[11/29/2024 1:29:22 AM] [Debug] [Application] Service Initialize: Tripolygon.UModeler.Hub.Views.SceneViews.HubSceneViewService
[11/29/2024 1:29:23 AM] [Debug] [Application] Release: isReloading=True
[11/29/2024 1:29:23 AM] [Debug] [Application] Service Release: Tripolygon.UModeler.Hub.Views.SceneViews.HubSceneViewService
[11/29/2024 1:29:23 AM] [Debug] [Application] Service Release: Tripolygon.UModeler.Hub.Noticies.NoticeService
[11/29/2024 1:29:23 AM] [Debug] [Application] Service Release: Tripolygon.UModeler.Hub.Notifications.UpdateProductNotifier
[11/29/2024 1:29:23 AM] [Debug] [Application] Service Release: Tripolygon.UModeler.Hub.Notifications.UpdateHubNotifier
[11/29/2024 1:29:23 AM] [Debug] [Application] Service Release: Tripolygon.UModeler.Hub.VSAttributionService
[11/29/2024 1:29:23 AM] [Debug] [Application] Release: isReloading=True
[11/29/2024 1:29:23 AM] [Debug] [Application] Service Release: Tripolygon.UModeler.Hub.Views.SceneViews.HubSceneViewService
[11/29/2024 1:29:23 AM] [Debug] [Application] Service Release: Tripolygon.UModeler.Hub.Noticies.NoticeService
[11/29/2024 1:29:23 AM] [Debug] [Application] Service Release: Tripolygon.UModeler.Hub.Notifications.UpdateProductNotifier
[11/29/2024 1:29:23 AM] [Debug] [Application] Service Release: Tripolygon.UModeler.Hub.Notifications.UpdateHubNotifier
[11/29/2024 1:29:23 AM] [Debug] [Application] Service Release: Tripolygon.UModeler.Hub.VSAttributionService
[11/29/2024 1:29:25 AM] [Debug] [Application] service: Tripolygon.UModeler.Hub.HubAuthentication = Tripolygon.UModeler.Hub.HubAuthentication
[11/29/2024 1:29:25 AM] [Debug] [Application] service: Tripolygon.UModeler.UI.IApplicationCache = Tripolygon.UModeler.Editor.UI.UnityEditorApplicationCache
[11/29/2024 1:29:25 AM] [Debug] [Application] service: Tripolygon.UModeler.Hub.IHubService = Tripolygon.UModeler.Hub.HubService
[11/29/2024 1:29:25 AM] [Debug] [Application] service: Tripolygon.UModeler.Authentication.IAuthenticationApiProvider = Tripolygon.UModeler.Editor.AuthenticationApiProviderService
[11/29/2024 1:29:25 AM] [Debug] [Application] service: Tripolygon.UModeler.UI.IObjectHierarchyService = Tripolygon.UModeler.Editor.UI.UnityEditorObjectHierarchyService
[11/29/2024 1:29:25 AM] [Debug] [Application] service: Tripolygon.UModeler.UI.ITextureProvider = Tripolygon.UModeler.Editor.UI.UnityEditorTextureProvider
[11/29/2024 1:29:25 AM] [Debug] [Application] service: Tripolygon.UModeler.UI.IApplicationUtilityService = Tripolygon.UModeler.Editor.UI.UnityEditorApplicationUtilityService
[11/29/2024 1:29:25 AM] [Debug] [Application] service: Tripolygon.UModeler.Editor.UI.ApplicationSettings = Tripolygon.UModeler.Editor.UI.ApplicationSettings
[11/29/2024 1:29:25 AM] [Debug] [Application] service: Tripolygon.UModeler.Hub.Resources.IResourcesApiProvider = Tripolygon.UModeler.Hub.ResourcesApiProviderService
[11/29/2024 1:29:25 AM] [Debug] [Application] service: Tripolygon.UModeler.Hub.HubFlashService = Tripolygon.UModeler.Hub.HubFlashService
[11/29/2024 1:29:25 AM] [Debug] [Application] service: Tripolygon.UModeler.Hub.IHubAnalyticsService = Tripolygon.UModeler.Hub.HubAnalyticsService
[11/29/2024 1:29:25 AM] [Debug] [Application] service: Tripolygon.UModeler.Hub.VSAttributionService = Tripolygon.UModeler.Hub.VSAttributionService
[11/29/2024 1:29:25 AM] [Debug] [Application] service: Tripolygon.UModeler.Hub.Notifications.UpdateHubNotifier = Tripolygon.UModeler.Hub.Notifications.UpdateHubNotifier
[11/29/2024 1:29:25 AM] [Debug] [Application] service: Tripolygon.UModeler.Hub.Notifications.UpdateProductNotifier = Tripolygon.UModeler.Hub.Notifications.UpdateProductNotifier
[11/29/2024 1:29:25 AM] [Debug] [Application] service: Tripolygon.UModeler.Hub.INoticeService = Tripolygon.UModeler.Hub.Noticies.NoticeService
[11/29/2024 1:29:25 AM] [Debug] [Application] service: Tripolygon.UModeler.Hub.Views.SceneViews.HubSceneViewService = Tripolygon.UModeler.Hub.Views.SceneViews.HubSceneViewService
[11/29/2024 1:29:25 AM] [Debug] [Application] Initialize: isReloading=True
[11/29/2024 1:29:25 AM] [Debug] [Application] Service Initialize: Tripolygon.UModeler.Hub.HubAuthentication
[11/29/2024 1:29:25 AM] [Debug] [Application] service: Tripolygon.UModeler.Hub.HubAuthentication = Tripolygon.UModeler.Hub.HubAuthentication
[11/29/2024 1:29:25 AM] [Debug] [Application] service: Tripolygon.UModeler.UI.IApplicationCache = Tripolygon.UModeler.Editor.UI.UnityEditorApplicationCache
[11/29/2024 1:29:25 AM] [Debug] [Application] service: Tripolygon.UModeler.Hub.IHubService = Tripolygon.UModeler.Hub.HubService
[11/29/2024 1:29:25 AM] [Debug] [Application] service: Tripolygon.UModeler.Authentication.IAuthenticationApiProvider = Tripolygon.UModeler.Editor.AuthenticationApiProviderService
[11/29/2024 1:29:25 AM] [Debug] [Application] service: Tripolygon.UModeler.UI.IObjectHierarchyService = Tripolygon.UModeler.Editor.UI.UnityEditorObjectHierarchyService
[11/29/2024 1:29:25 AM] [Debug] [Application] service: Tripolygon.UModeler.UI.ITextureProvider = Tripolygon.UModeler.Editor.UI.UnityEditorTextureProvider
[11/29/2024 1:29:25 AM] [Debug] [Application] service: Tripolygon.UModeler.UI.IApplicationUtilityService = Tripolygon.UModeler.Editor.UI.UnityEditorApplicationUtilityService
[11/29/2024 1:29:25 AM] [Debug] [Application] service: Tripolygon.UModeler.Editor.UI.ApplicationSettings = Tripolygon.UModeler.Editor.UI.ApplicationSettings
[11/29/2024 1:29:25 AM] [Debug] [Application] service: Tripolygon.UModeler.Hub.Resources.IResourcesApiProvider = Tripolygon.UModeler.Hub.ResourcesApiProviderService
[11/29/2024 1:29:25 AM] [Debug] [Application] service: Tripolygon.UModeler.Hub.HubFlashService = Tripolygon.UModeler.Hub.HubFlashService
[11/29/2024 1:29:25 AM] [Debug] [Application] service: Tripolygon.UModeler.Hub.IHubAnalyticsService = Tripolygon.UModeler.Hub.HubAnalyticsService
[11/29/2024 1:29:25 AM] [Debug] [Application] service: Tripolygon.UModeler.Hub.VSAttributionService = Tripolygon.UModeler.Hub.VSAttributionService
[11/29/2024 1:29:25 AM] [Debug] [Application] service: Tripolygon.UModeler.Hub.Notifications.UpdateHubNotifier = Tripolygon.UModeler.Hub.Notifications.UpdateHubNotifier
[11/29/2024 1:29:25 AM] [Debug] [Application] service: Tripolygon.UModeler.Hub.Notifications.UpdateProductNotifier = Tripolygon.UModeler.Hub.Notifications.UpdateProductNotifier
[11/29/2024 1:29:25 AM] [Debug] [Application] service: Tripolygon.UModeler.Hub.INoticeService = Tripolygon.UModeler.Hub.Noticies.NoticeService
[11/29/2024 1:29:25 AM] [Debug] [Application] service: Tripolygon.UModeler.Hub.Views.SceneViews.HubSceneViewService = Tripolygon.UModeler.Hub.Views.SceneViews.HubSceneViewService
[11/29/2024 1:29:25 AM] [Debug] [Application] Initialize: isReloading=False
[11/29/2024 1:29:26 AM] [Debug] [Application] Service Initialize: Tripolygon.UModeler.Hub.HubAuthentication
[11/29/2024 1:29:26 AM] [Debug] [Application] Service Initialize: Tripolygon.UModeler.Editor.UI.UnityEditorApplicationCache
[11/29/2024 1:29:26 AM] [Debug] [Application] Service Initialize: Tripolygon.UModeler.Hub.HubService
[11/29/2024 1:29:26 AM] [Debug] [Application] Service Initialize: Tripolygon.UModeler.Editor.UI.UnityEditorApplicationUtilityService
[11/29/2024 1:29:26 AM] [Debug] [Application] Service Initialize: Tripolygon.UModeler.Hub.HubFlashService
[11/29/2024 1:29:26 AM] [Debug] [Application] Service Initialize: Tripolygon.UModeler.Hub.HubService
[11/29/2024 1:29:26 AM] [Debug] [Application] Service Initialize: Tripolygon.UModeler.Editor.UI.UnityEditorApplicationUtilityService
[11/29/2024 1:29:26 AM] [Debug] [Application] Service Initialize: Tripolygon.UModeler.Hub.HubFlashService
[11/29/2024 1:29:26 AM] [Debug] [HubAnalytics] PosthogClient.SetAutoFlush: Value Changed: True
[11/29/2024 1:29:26 AM] [Debug] [HubAnalytics] PosthogClient.SetAutoFlush: Value Changed: True
[11/29/2024 1:29:26 AM] [Debug] [Application] Service Initialize: Tripolygon.UModeler.Hub.HubAnalyticsService
[11/29/2024 1:29:26 AM] [Debug] [Application] Service Initialize: Tripolygon.UModeler.Hub.VSAttributionService
[11/29/2024 1:29:26 AM] [Debug] [Application] Service Initialize: Tripolygon.UModeler.Hub.HubAnalyticsService
[11/29/2024 1:29:26 AM] [Debug] [Application] Service Initialize: Tripolygon.UModeler.Hub.Notifications.UpdateHubNotifier
[11/29/2024 1:29:26 AM] [Debug] [Application] Service Initialize: Tripolygon.UModeler.Hub.VSAttributionService
[11/29/2024 1:29:26 AM] [Debug] [Application] Service Initialize: Tripolygon.UModeler.Hub.Notifications.UpdateHubNotifier
[11/29/2024 1:29:26 AM] [Debug] [Application] Service Initialize: Tripolygon.UModeler.Hub.Notifications.UpdateProductNotifier
[11/29/2024 1:29:26 AM] [Debug] [Application] Service Initialize: Tripolygon.UModeler.Hub.Noticies.NoticeService
[11/29/2024 1:29:26 AM] [Debug] [Application] Service Initialize: Tripolygon.UModeler.Hub.Notifications.UpdateProductNotifier
[11/29/2024 1:29:26 AM] [Debug] [Application] Service Initialize: Tripolygon.UModeler.Hub.Noticies.NoticeService
[11/29/2024 1:29:26 AM] [Debug] [Application] Service Initialize: Tripolygon.UModeler.Hub.Views.SceneViews.HubSceneViewService
[11/29/2024 1:29:26 AM] [Debug] [Application] Service Initialize: Tripolygon.UModeler.Hub.Views.SceneViews.HubSceneViewService
[11/29/2024 1:34:20 AM] [Debug] [Application] Release: isReloading=True
[11/29/2024 1:34:20 AM] [Debug] [Application] Service Release: Tripolygon.UModeler.Hub.Views.SceneViews.HubSceneViewService
[11/29/2024 1:34:20 AM] [Debug] [Application] Service Release: Tripolygon.UModeler.Hub.Noticies.NoticeService
[11/29/2024 1:34:20 AM] [Debug] [Application] Service Release: Tripolygon.UModeler.Hub.Notifications.UpdateProductNotifier
[11/29/2024 1:34:20 AM] [Debug] [Application] Service Release: Tripolygon.UModeler.Hub.Notifications.UpdateHubNotifier
[11/29/2024 1:34:20 AM] [Debug] [Application] Service Release: Tripolygon.UModeler.Hub.VSAttributionService
[11/29/2024 1:34:20 AM] [Debug] [HubAnalytics] PosthogClient.SetAutoFlush: Value Changed: False
[11/29/2024 1:34:20 AM] [Debug] [Application] Service Release: Tripolygon.UModeler.Hub.HubAnalyticsService
[11/29/2024 1:34:20 AM] [Debug] [Application] Service Release: Tripolygon.UModeler.Hub.HubFlashService
[11/29/2024 1:34:20 AM] [Debug] [Application] Service Release: Tripolygon.UModeler.Editor.UI.UnityEditorApplicationUtilityService
[11/29/2024 1:34:20 AM] [Debug] [Application] Service Release: Tripolygon.UModeler.Hub.HubService
[11/29/2024 1:34:20 AM] [Debug] [Application] Service Release: Tripolygon.UModeler.Editor.UI.UnityEditorApplicationCache
[11/29/2024 1:34:20 AM] [Debug] [Application] Service Release: Tripolygon.UModeler.Hub.HubAuthentication
[11/29/2024 1:34:23 AM] [Debug] [Application] service: Tripolygon.UModeler.Hub.HubAuthentication = Tripolygon.UModeler.Hub.HubAuthentication
[11/29/2024 1:34:23 AM] [Debug] [Application] service: Tripolygon.UModeler.UI.IApplicationCache = Tripolygon.UModeler.Editor.UI.UnityEditorApplicationCache
[11/29/2024 1:34:23 AM] [Debug] [Application] service: Tripolygon.UModeler.Hub.IHubService = Tripolygon.UModeler.Hub.HubService
[11/29/2024 1:34:23 AM] [Debug] [Application] service: Tripolygon.UModeler.Authentication.IAuthenticationApiProvider = Tripolygon.UModeler.Editor.AuthenticationApiProviderService
[11/29/2024 1:34:23 AM] [Debug] [Application] service: Tripolygon.UModeler.UI.IObjectHierarchyService = Tripolygon.UModeler.Editor.UI.UnityEditorObjectHierarchyService
[11/29/2024 1:34:23 AM] [Debug] [Application] service: Tripolygon.UModeler.UI.ITextureProvider = Tripolygon.UModeler.Editor.UI.UnityEditorTextureProvider
[11/29/2024 1:34:23 AM] [Debug] [Application] service: Tripolygon.UModeler.UI.IApplicationUtilityService = Tripolygon.UModeler.Editor.UI.UnityEditorApplicationUtilityService
[11/29/2024 1:34:23 AM] [Debug] [Application] service: Tripolygon.UModeler.Editor.UI.ApplicationSettings = Tripolygon.UModeler.Editor.UI.ApplicationSettings
[11/29/2024 1:34:23 AM] [Debug] [Application] service: Tripolygon.UModeler.Hub.Resources.IResourcesApiProvider = Tripolygon.UModeler.Hub.ResourcesApiProviderService
[11/29/2024 1:34:23 AM] [Debug] [Application] service: Tripolygon.UModeler.Hub.HubFlashService = Tripolygon.UModeler.Hub.HubFlashService
[11/29/2024 1:34:23 AM] [Debug] [Application] service: Tripolygon.UModeler.Hub.IHubAnalyticsService = Tripolygon.UModeler.Hub.HubAnalyticsService
[11/29/2024 1:34:23 AM] [Debug] [Application] service: Tripolygon.UModeler.Hub.VSAttributionService = Tripolygon.UModeler.Hub.VSAttributionService
[11/29/2024 1:34:23 AM] [Debug] [Application] service: Tripolygon.UModeler.Hub.Notifications.UpdateHubNotifier = Tripolygon.UModeler.Hub.Notifications.UpdateHubNotifier
[11/29/2024 1:34:23 AM] [Debug] [Application] service: Tripolygon.UModeler.Hub.Notifications.UpdateProductNotifier = Tripolygon.UModeler.Hub.Notifications.UpdateProductNotifier
[11/29/2024 1:34:23 AM] [Debug] [Application] service: Tripolygon.UModeler.Hub.INoticeService = Tripolygon.UModeler.Hub.Noticies.NoticeService
[11/29/2024 1:34:23 AM] [Debug] [Application] service: Tripolygon.UModeler.Hub.Views.SceneViews.HubSceneViewService = Tripolygon.UModeler.Hub.Views.SceneViews.HubSceneViewService
[11/29/2024 1:34:24 AM] [Debug] [Application] Initialize: isReloading=True
[11/29/2024 1:34:24 AM] [Debug] [Application] Service Initialize: Tripolygon.UModeler.Hub.HubAuthentication
[11/29/2024 1:34:24 AM] [Debug] [Application] Service Initialize: Tripolygon.UModeler.Editor.UI.UnityEditorApplicationCache
[11/29/2024 1:34:24 AM] [Debug] [Application] Service Initialize: Tripolygon.UModeler.Hub.HubService
[11/29/2024 1:34:24 AM] [Debug] [Application] Service Initialize: Tripolygon.UModeler.Editor.UI.UnityEditorApplicationUtilityService
[11/29/2024 1:34:24 AM] [Debug] [Application] Service Initialize: Tripolygon.UModeler.Hub.HubFlashService
[11/29/2024 1:34:24 AM] [Debug] [HubAnalytics] PosthogClient.SetAutoFlush: Value Changed: True
[11/29/2024 1:34:25 AM] [Debug] [Application] Service Initialize: Tripolygon.UModeler.Hub.HubAnalyticsService
[11/29/2024 1:34:25 AM] [Debug] [Application] Service Initialize: Tripolygon.UModeler.Hub.VSAttributionService
[11/29/2024 1:34:25 AM] [Debug] [Application] Service Initialize: Tripolygon.UModeler.Hub.Notifications.UpdateHubNotifier
[11/29/2024 1:34:25 AM] [Debug] [Application] Service Initialize: Tripolygon.UModeler.Hub.Notifications.UpdateProductNotifier
[11/29/2024 1:34:25 AM] [Debug] [Application] Service Initialize: Tripolygon.UModeler.Hub.Noticies.NoticeService
[11/29/2024 1:34:25 AM] [Debug] [Application] Service Initialize: Tripolygon.UModeler.Hub.Views.SceneViews.HubSceneViewService
[11/29/2024 1:34:25 AM] [Debug] [Application] Release: isReloading=True
[11/29/2024 1:34:25 AM] [Debug] [Application] Release: isReloading=True
[11/29/2024 1:34:25 AM] [Debug] [Application] Service Release: Tripolygon.UModeler.Hub.Views.SceneViews.HubSceneViewService
[11/29/2024 1:34:25 AM] [Debug] [Application] Service Release: Tripolygon.UModeler.Hub.Views.SceneViews.HubSceneViewService
[11/29/2024 1:34:25 AM] [Debug] [Application] Service Release: Tripolygon.UModeler.Hub.Noticies.NoticeService
[11/29/2024 1:34:25 AM] [Debug] [Application] Service Release: Tripolygon.UModeler.Hub.Noticies.NoticeService
[11/29/2024 1:34:25 AM] [Debug] [Application] Service Release: Tripolygon.UModeler.Hub.Notifications.UpdateProductNotifier
[11/29/2024 1:34:25 AM] [Debug] [Application] Service Release: Tripolygon.UModeler.Hub.Notifications.UpdateProductNotifier
[11/29/2024 1:34:25 AM] [Debug] [Application] Service Release: Tripolygon.UModeler.Hub.Notifications.UpdateHubNotifier
[11/29/2024 1:34:25 AM] [Debug] [Application] Service Release: Tripolygon.UModeler.Hub.VSAttributionService
[11/29/2024 1:34:25 AM] [Debug] [Application] Service Release: Tripolygon.UModeler.Hub.VSAttributionService
[11/29/2024 1:34:27 AM] [Debug] [Application] service: Tripolygon.UModeler.Hub.HubAuthentication = Tripolygon.UModeler.Hub.HubAuthentication
[11/29/2024 1:34:27 AM] [Debug] [Application] service: Tripolygon.UModeler.UI.IApplicationCache = Tripolygon.UModeler.Editor.UI.UnityEditorApplicationCache
[11/29/2024 1:34:27 AM] [Debug] [Application] service: Tripolygon.UModeler.Hub.IHubService = Tripolygon.UModeler.Hub.HubService
[11/29/2024 1:34:27 AM] [Debug] [Application] service: Tripolygon.UModeler.Authentication.IAuthenticationApiProvider = Tripolygon.UModeler.Editor.AuthenticationApiProviderService
[11/29/2024 1:34:27 AM] [Debug] [Application] service: Tripolygon.UModeler.UI.IObjectHierarchyService = Tripolygon.UModeler.Editor.UI.UnityEditorObjectHierarchyService
[11/29/2024 1:34:27 AM] [Debug] [Application] service: Tripolygon.UModeler.UI.ITextureProvider = Tripolygon.UModeler.Editor.UI.UnityEditorTextureProvider
[11/29/2024 1:34:27 AM] [Debug] [Application] service: Tripolygon.UModeler.UI.IApplicationUtilityService = Tripolygon.UModeler.Editor.UI.UnityEditorApplicationUtilityService
[11/29/2024 1:34:27 AM] [Debug] [Application] service: Tripolygon.UModeler.Editor.UI.ApplicationSettings = Tripolygon.UModeler.Editor.UI.ApplicationSettings
[11/29/2024 1:34:27 AM] [Debug] [Application] service: Tripolygon.UModeler.Hub.Resources.IResourcesApiProvider = Tripolygon.UModeler.Hub.ResourcesApiProviderService
[11/29/2024 1:34:27 AM] [Debug] [Application] service: Tripolygon.UModeler.Hub.HubFlashService = Tripolygon.UModeler.Hub.HubFlashService
[11/29/2024 1:34:27 AM] [Debug] [Application] service: Tripolygon.UModeler.Hub.IHubAnalyticsService = Tripolygon.UModeler.Hub.HubAnalyticsService
[11/29/2024 1:34:27 AM] [Debug] [Application] service: Tripolygon.UModeler.Hub.VSAttributionService = Tripolygon.UModeler.Hub.VSAttributionService
[11/29/2024 1:34:27 AM] [Debug] [Application] service: Tripolygon.UModeler.Hub.Notifications.UpdateHubNotifier = Tripolygon.UModeler.Hub.Notifications.UpdateHubNotifier
[11/29/2024 1:34:27 AM] [Debug] [Application] service: Tripolygon.UModeler.Hub.Notifications.UpdateProductNotifier = Tripolygon.UModeler.Hub.Notifications.UpdateProductNotifier
[11/29/2024 1:34:27 AM] [Debug] [Application] service: Tripolygon.UModeler.Hub.INoticeService = Tripolygon.UModeler.Hub.Noticies.NoticeService
[11/29/2024 1:34:27 AM] [Debug] [Application] service: Tripolygon.UModeler.Hub.Views.SceneViews.HubSceneViewService = Tripolygon.UModeler.Hub.Views.SceneViews.HubSceneViewService
[11/29/2024 1:34:28 AM] [Debug] [Application] Initialize: isReloading=True
[11/29/2024 1:34:28 AM] [Debug] [Application] Service Initialize: Tripolygon.UModeler.Hub.HubAuthentication
[11/29/2024 1:34:28 AM] [Debug] [Application] Service Initialize: Tripolygon.UModeler.Editor.UI.UnityEditorApplicationCache
[11/29/2024 1:34:27 AM] [Debug] [Application] service: Tripolygon.UModeler.Hub.HubAuthentication = Tripolygon.UModeler.Hub.HubAuthentication
[11/29/2024 1:34:27 AM] [Debug] [Application] service: Tripolygon.UModeler.UI.IApplicationCache = Tripolygon.UModeler.Editor.UI.UnityEditorApplicationCache
[11/29/2024 1:34:27 AM] [Debug] [Application] service: Tripolygon.UModeler.Hub.IHubService = Tripolygon.UModeler.Hub.HubService
[11/29/2024 1:34:27 AM] [Debug] [Application] service: Tripolygon.UModeler.Authentication.IAuthenticationApiProvider = Tripolygon.UModeler.Editor.AuthenticationApiProviderService
[11/29/2024 1:34:27 AM] [Debug] [Application] service: Tripolygon.UModeler.UI.IObjectHierarchyService = Tripolygon.UModeler.Editor.UI.UnityEditorObjectHierarchyService
[11/29/2024 1:34:27 AM] [Debug] [Application] service: Tripolygon.UModeler.UI.ITextureProvider = Tripolygon.UModeler.Editor.UI.UnityEditorTextureProvider
[11/29/2024 1:34:27 AM] [Debug] [Application] service: Tripolygon.UModeler.UI.IApplicationUtilityService = Tripolygon.UModeler.Editor.UI.UnityEditorApplicationUtilityService
[11/29/2024 1:34:27 AM] [Debug] [Application] service: Tripolygon.UModeler.Editor.UI.ApplicationSettings = Tripolygon.UModeler.Editor.UI.ApplicationSettings
[11/29/2024 1:34:27 AM] [Debug] [Application] service: Tripolygon.UModeler.Hub.Resources.IResourcesApiProvider = Tripolygon.UModeler.Hub.ResourcesApiProviderService
[11/29/2024 1:34:27 AM] [Debug] [Application] service: Tripolygon.UModeler.Hub.HubFlashService = Tripolygon.UModeler.Hub.HubFlashService
[11/29/2024 1:34:27 AM] [Debug] [Application] service: Tripolygon.UModeler.Hub.IHubAnalyticsService = Tripolygon.UModeler.Hub.HubAnalyticsService
[11/29/2024 1:34:27 AM] [Debug] [Application] service: Tripolygon.UModeler.Hub.VSAttributionService = Tripolygon.UModeler.Hub.VSAttributionService
[11/29/2024 1:34:27 AM] [Debug] [Application] service: Tripolygon.UModeler.Hub.Notifications.UpdateHubNotifier = Tripolygon.UModeler.Hub.Notifications.UpdateHubNotifier
[11/29/2024 1:34:27 AM] [Debug] [Application] service: Tripolygon.UModeler.Hub.Notifications.UpdateProductNotifier = Tripolygon.UModeler.Hub.Notifications.UpdateProductNotifier
[11/29/2024 1:34:27 AM] [Debug] [Application] service: Tripolygon.UModeler.Hub.INoticeService = Tripolygon.UModeler.Hub.Noticies.NoticeService
[11/29/2024 1:34:27 AM] [Debug] [Application] service: Tripolygon.UModeler.Hub.Views.SceneViews.HubSceneViewService = Tripolygon.UModeler.Hub.Views.SceneViews.HubSceneViewService
[11/29/2024 1:34:28 AM] [Debug] [Application] Initialize: isReloading=False
[11/29/2024 1:34:28 AM] [Debug] [Application] Service Initialize: Tripolygon.UModeler.Hub.HubAuthentication
[11/29/2024 1:34:28 AM] [Debug] [Application] Service Initialize: Tripolygon.UModeler.Editor.UI.UnityEditorApplicationCache
[11/29/2024 1:34:28 AM] [Debug] [Application] Service Initialize: Tripolygon.UModeler.Hub.HubService
[11/29/2024 1:34:28 AM] [Debug] [Application] Service Initialize: Tripolygon.UModeler.Editor.UI.UnityEditorApplicationUtilityService
[11/29/2024 1:34:28 AM] [Debug] [Application] Service Initialize: Tripolygon.UModeler.Hub.HubFlashService
[11/29/2024 1:34:28 AM] [Debug] [Application] Service Initialize: Tripolygon.UModeler.Hub.HubService
[11/29/2024 1:34:28 AM] [Debug] [Application] Service Initialize: Tripolygon.UModeler.Editor.UI.UnityEditorApplicationUtilityService
[11/29/2024 1:34:28 AM] [Debug] [Application] Service Initialize: Tripolygon.UModeler.Hub.HubFlashService
[11/29/2024 1:34:28 AM] [Debug] [HubAnalytics] PosthogClient.SetAutoFlush: Value Changed: True
[11/29/2024 1:34:28 AM] [Debug] [HubAnalytics] PosthogClient.SetAutoFlush: Value Changed: True
[11/29/2024 1:34:28 AM] [Debug] [Application] Service Initialize: Tripolygon.UModeler.Hub.HubAnalyticsService
[11/29/2024 1:34:28 AM] [Debug] [Application] Service Initialize: Tripolygon.UModeler.Hub.VSAttributionService
[11/29/2024 1:34:28 AM] [Debug] [Application] Service Initialize: Tripolygon.UModeler.Hub.Notifications.UpdateHubNotifier
[11/29/2024 1:34:28 AM] [Debug] [Application] Service Initialize: Tripolygon.UModeler.Hub.Notifications.UpdateProductNotifier
[11/29/2024 1:34:28 AM] [Debug] [Application] Service Initialize: Tripolygon.UModeler.Hub.Noticies.NoticeService
[11/29/2024 1:34:28 AM] [Debug] [Application] Service Initialize: Tripolygon.UModeler.Hub.HubAnalyticsService
[11/29/2024 1:34:28 AM] [Debug] [Application] Service Initialize: Tripolygon.UModeler.Hub.VSAttributionService
[11/29/2024 1:34:28 AM] [Debug] [Application] Service Initialize: Tripolygon.UModeler.Hub.Notifications.UpdateHubNotifier
[11/29/2024 1:34:28 AM] [Debug] [Application] Service Initialize: Tripolygon.UModeler.Hub.Views.SceneViews.HubSceneViewService
[11/29/2024 1:34:28 AM] [Debug] [Application] Service Initialize: Tripolygon.UModeler.Hub.Notifications.UpdateProductNotifier
[11/29/2024 1:34:28 AM] [Debug] [Application] Service Initialize: Tripolygon.UModeler.Hub.Noticies.NoticeService
[11/29/2024 1:34:28 AM] [Debug] [Application] Service Initialize: Tripolygon.UModeler.Hub.Views.SceneViews.HubSceneViewService
