[14/10/2024 10:50:20 a. m.] [Debug] [Application] service: Tripolygon.UModeler.Hub.HubAuthentication = Tripolygon.UModeler.Hub.HubAuthentication
[14/10/2024 10:50:20 a. m.] [Debug] [Application] service: Tripolygon.UModeler.UI.IApplicationCache = Tripolygon.UModeler.Editor.UI.UnityEditorApplicationCache
[14/10/2024 10:50:20 a. m.] [Debug] [Application] service: Tripolygon.UModeler.Hub.IHubService = Tripolygon.UModeler.Hub.HubService
[14/10/2024 10:50:20 a. m.] [Debug] [Application] service: Tripolygon.UModeler.Authentication.IAuthenticationApiProvider = Tripolygon.UModeler.Editor.AuthenticationApiProviderService
[14/10/2024 10:50:20 a. m.] [Debug] [Application] service: Tripolygon.UModeler.UI.IObjectHierarchyService = Tripolygon.UModeler.Editor.UI.UnityEditorObjectHierarchyService
[14/10/2024 10:50:20 a. m.] [Debug] [Application] service: Tripolygon.UModeler.UI.ITextureProvider = Tripolygon.UModeler.Editor.UI.UnityEditorTextureProvider
[14/10/2024 10:50:20 a. m.] [Debug] [Application] service: Tripolygon.UModeler.UI.IApplicationUtilityService = Tripolygon.UModeler.Editor.UI.UnityEditorApplicationUtilityService
[14/10/2024 10:50:20 a. m.] [Debug] [Application] service: Tripolygon.UModeler.Editor.UI.ApplicationSettings = Tripolygon.UModeler.Editor.UI.ApplicationSettings
[14/10/2024 10:50:20 a. m.] [Debug] [Application] service: Tripolygon.UModeler.Hub.Resources.IResourcesApiProvider = Tripolygon.UModeler.Hub.ResourcesApiProviderService
[14/10/2024 10:50:20 a. m.] [Debug] [Application] service: Tripolygon.UModeler.Hub.HubFlashService = Tripolygon.UModeler.Hub.HubFlashService
[14/10/2024 10:50:20 a. m.] [Debug] [Application] service: Tripolygon.UModeler.Hub.IHubAnalyticsService = Tripolygon.UModeler.Hub.HubAnalyticsService
[14/10/2024 10:50:20 a. m.] [Debug] [Application] service: Tripolygon.UModeler.Hub.VSAttributionService = Tripolygon.UModeler.Hub.VSAttributionService
[14/10/2024 10:50:20 a. m.] [Debug] [Application] service: Tripolygon.UModeler.Hub.Notifications.UpdateHubNotifier = Tripolygon.UModeler.Hub.Notifications.UpdateHubNotifier
[14/10/2024 10:50:20 a. m.] [Debug] [Application] service: Tripolygon.UModeler.Hub.Notifications.UpdateProductNotifier = Tripolygon.UModeler.Hub.Notifications.UpdateProductNotifier
[14/10/2024 10:50:20 a. m.] [Debug] [Application] service: Tripolygon.UModeler.Hub.INoticeService = Tripolygon.UModeler.Hub.Noticies.NoticeService
[14/10/2024 10:50:20 a. m.] [Debug] [Application] service: Tripolygon.UModeler.Hub.Views.SceneViews.HubSceneViewService = Tripolygon.UModeler.Hub.Views.SceneViews.HubSceneViewService
[14/10/2024 10:50:20 a. m.] [Debug] [Application] Initialize: isReloading=False
[14/10/2024 10:50:20 a. m.] [Debug] [Application] Service Initialize: Tripolygon.UModeler.Hub.HubAuthentication
[14/10/2024 10:50:20 a. m.] [Debug] [Application] Service Initialize: Tripolygon.UModeler.Editor.UI.UnityEditorApplicationCache
[14/10/2024 10:50:20 a. m.] [Debug] [Application] Service Initialize: Tripolygon.UModeler.Hub.HubService
[14/10/2024 10:50:20 a. m.] [Debug] [Application] Service Initialize: Tripolygon.UModeler.Editor.UI.UnityEditorApplicationUtilityService
[14/10/2024 10:50:20 a. m.] [Debug] [Application] Service Initialize: Tripolygon.UModeler.Hub.HubFlashService
[14/10/2024 10:50:20 a. m.] [Debug] [HubAnalytics] PosthogClient.SetAutoFlush: Value Changed: True
[14/10/2024 10:50:20 a. m.] [Debug] [Application] Service Initialize: Tripolygon.UModeler.Hub.HubAnalyticsService
[14/10/2024 10:50:20 a. m.] [Debug] [Application] Service Initialize: Tripolygon.UModeler.Hub.VSAttributionService
[14/10/2024 10:50:20 a. m.] [Debug] [Application] Service Initialize: Tripolygon.UModeler.Hub.Notifications.UpdateHubNotifier
[14/10/2024 10:50:20 a. m.] [Debug] [Application] Service Initialize: Tripolygon.UModeler.Hub.Notifications.UpdateProductNotifier
[14/10/2024 10:50:20 a. m.] [Debug] [Application] Service Initialize: Tripolygon.UModeler.Hub.Noticies.NoticeService
[14/10/2024 10:50:20 a. m.] [Debug] [Application] Service Initialize: Tripolygon.UModeler.Hub.Views.SceneViews.HubSceneViewService
[14/10/2024 10:50:24 a. m.] [Debug] [HubAnalytics] OnAppStart
[14/10/2024 10:50:30 a. m.] [Debug] [HubAnalytics] PosthogClient.BatchAsync: Sending Queue Items={"api_key":"phc_DQ6tsN03HRXTr9hNBfi3DierOY5Y0SisUxgxjuAmZG5","batch":[{"event":"app start","properties":{"$set":{"sdk_region_id":"es-MX","sdk_region_name":"Mexico","sdk_language":"Spanish","sdk_os_architecture":"X64","sdk_time_zone":"Central Standard Time (Mexico)","product_version":"1.0.0","platform_account_id":"anonymous","platform_account_name":"LFc0eHPfQJhF1TebJ7Wi0JkebiHg7GzrD+/1ja0EBFTl7oeH3lvMpYR+SMBujpA36+yLNjK6wU1CcGW+Fi9KbTC29ndz14S/4g96eccrPkNZlnQ9aLZ/a0FpKvG4lvqe9AH2USuWNMNeJBGhK8B6TCHJGxqADI5bVfN50BGC1EGRktou/8kFpEgQZPX5+KEnXcUliFT6CG7gjKGbKhnW08JsdIEJTYxG9GOFj/HEIMRkqnhQPPk2QHUqarJ73kG0FBVuhqZFOw+S7cDNQ21WEB0rsrOQRLwwfoJb4zC92WiL31hWS0HJmnfgZmiRCyJH4/DbwCLGNC2pri+T8aqijA=="},"$os":"WINDOWS","$os_name":"WINDOWS","$session_id":"9126a0d9-32e2-49df-b637-a0ed291e87b9_a9b039cc-f357-401d-bba4-e151327b8dbc","distinct_id":"bd32d41ad3cd5d43e5f6912f7db82b682027b69d","product_name":"UModeler Hub","product_version":"1.0.0","platform_name":"Unity","platform_version":"2022.3.47f1","screen_width":1920,"screen_height":1080,"viewport_width":1209,"viewport_height":324,"unity_systeminfo_language":"Spanish","unity_systeminfo_os":"Windows 10  (10.0.19045) 64bit","unity_systeminfo_graphicsDeviceType":"Direct3D11","unity_systeminfo_graphicsDeviceVendor":"Intel","unity_systeminfo_graphicsDeviceName":"Intel(R) UHD Graphics 750","unity_systeminfo_deviceType":"Desktop","unity_systeminfo_processorType":"11th Gen Intel(R) Core(TM) i7-11700 @ 2.50GHz"},"timestamp":"2024-10-14T16:50:24.2426681Z"}]}
[14/10/2024 10:50:31 a. m.] [Debug] [HubAnalytics] PosthogClient.BatchAsync: Sent 1 queue item(s).
[14/10/2024 10:52:10 a. m.] [Debug] [Application] service: Tripolygon.UModeler.Hub.HubAuthentication = Tripolygon.UModeler.Hub.HubAuthentication
[14/10/2024 10:52:10 a. m.] [Debug] [Application] service: Tripolygon.UModeler.UI.IApplicationCache = Tripolygon.UModeler.Editor.UI.UnityEditorApplicationCache
[14/10/2024 10:52:10 a. m.] [Debug] [Application] service: Tripolygon.UModeler.Hub.IHubService = Tripolygon.UModeler.Hub.HubService
[14/10/2024 10:52:10 a. m.] [Debug] [Application] service: Tripolygon.UModeler.Authentication.IAuthenticationApiProvider = Tripolygon.UModeler.Editor.AuthenticationApiProviderService
[14/10/2024 10:52:10 a. m.] [Debug] [Application] service: Tripolygon.UModeler.UI.IObjectHierarchyService = Tripolygon.UModeler.Editor.UI.UnityEditorObjectHierarchyService
[14/10/2024 10:52:10 a. m.] [Debug] [Application] service: Tripolygon.UModeler.UI.ITextureProvider = Tripolygon.UModeler.Editor.UI.UnityEditorTextureProvider
[14/10/2024 10:52:10 a. m.] [Debug] [Application] service: Tripolygon.UModeler.UI.IApplicationUtilityService = Tripolygon.UModeler.Editor.UI.UnityEditorApplicationUtilityService
[14/10/2024 10:52:10 a. m.] [Debug] [Application] service: Tripolygon.UModeler.Editor.UI.ApplicationSettings = Tripolygon.UModeler.Editor.UI.ApplicationSettings
[14/10/2024 10:52:10 a. m.] [Debug] [Application] service: Tripolygon.UModeler.Hub.Resources.IResourcesApiProvider = Tripolygon.UModeler.Hub.ResourcesApiProviderService
[14/10/2024 10:52:10 a. m.] [Debug] [Application] service: Tripolygon.UModeler.Hub.HubFlashService = Tripolygon.UModeler.Hub.HubFlashService
[14/10/2024 10:52:10 a. m.] [Debug] [Application] service: Tripolygon.UModeler.Hub.IHubAnalyticsService = Tripolygon.UModeler.Hub.HubAnalyticsService
[14/10/2024 10:52:10 a. m.] [Debug] [Application] service: Tripolygon.UModeler.Hub.VSAttributionService = Tripolygon.UModeler.Hub.VSAttributionService
[14/10/2024 10:52:10 a. m.] [Debug] [Application] service: Tripolygon.UModeler.Hub.Notifications.UpdateHubNotifier = Tripolygon.UModeler.Hub.Notifications.UpdateHubNotifier
[14/10/2024 10:52:10 a. m.] [Debug] [Application] service: Tripolygon.UModeler.Hub.Notifications.UpdateProductNotifier = Tripolygon.UModeler.Hub.Notifications.UpdateProductNotifier
[14/10/2024 10:52:10 a. m.] [Debug] [Application] service: Tripolygon.UModeler.Hub.INoticeService = Tripolygon.UModeler.Hub.Noticies.NoticeService
[14/10/2024 10:52:10 a. m.] [Debug] [Application] service: Tripolygon.UModeler.Hub.Views.SceneViews.HubSceneViewService = Tripolygon.UModeler.Hub.Views.SceneViews.HubSceneViewService
[14/10/2024 10:52:11 a. m.] [Debug] [Application] Initialize: isReloading=False
[14/10/2024 10:52:11 a. m.] [Debug] [Application] Service Initialize: Tripolygon.UModeler.Hub.HubAuthentication
[14/10/2024 10:52:11 a. m.] [Debug] [Application] Service Initialize: Tripolygon.UModeler.Editor.UI.UnityEditorApplicationCache
[14/10/2024 10:52:11 a. m.] [Debug] [Application] Service Initialize: Tripolygon.UModeler.Hub.HubService
[14/10/2024 10:52:11 a. m.] [Debug] [Application] Service Initialize: Tripolygon.UModeler.Editor.UI.UnityEditorApplicationUtilityService
[14/10/2024 10:52:11 a. m.] [Debug] [Application] Service Initialize: Tripolygon.UModeler.Hub.HubFlashService
[14/10/2024 10:52:11 a. m.] [Debug] [Application] service: Tripolygon.UModeler.Hub.HubAuthentication = Tripolygon.UModeler.Hub.HubAuthentication
[14/10/2024 10:52:11 a. m.] [Debug] [Application] service: Tripolygon.UModeler.UI.IApplicationCache = Tripolygon.UModeler.Editor.UI.UnityEditorApplicationCache
[14/10/2024 10:52:11 a. m.] [Debug] [Application] service: Tripolygon.UModeler.Hub.IHubService = Tripolygon.UModeler.Hub.HubService
[14/10/2024 10:52:11 a. m.] [Debug] [Application] service: Tripolygon.UModeler.Authentication.IAuthenticationApiProvider = Tripolygon.UModeler.Editor.AuthenticationApiProviderService
[14/10/2024 10:52:11 a. m.] [Debug] [Application] service: Tripolygon.UModeler.UI.IObjectHierarchyService = Tripolygon.UModeler.Editor.UI.UnityEditorObjectHierarchyService
[14/10/2024 10:52:11 a. m.] [Debug] [Application] service: Tripolygon.UModeler.UI.ITextureProvider = Tripolygon.UModeler.Editor.UI.UnityEditorTextureProvider
[14/10/2024 10:52:11 a. m.] [Debug] [Application] service: Tripolygon.UModeler.UI.IApplicationUtilityService = Tripolygon.UModeler.Editor.UI.UnityEditorApplicationUtilityService
[14/10/2024 10:52:11 a. m.] [Debug] [Application] service: Tripolygon.UModeler.Editor.UI.ApplicationSettings = Tripolygon.UModeler.Editor.UI.ApplicationSettings
[14/10/2024 10:52:11 a. m.] [Debug] [Application] service: Tripolygon.UModeler.Hub.Resources.IResourcesApiProvider = Tripolygon.UModeler.Hub.ResourcesApiProviderService
[14/10/2024 10:52:11 a. m.] [Debug] [Application] service: Tripolygon.UModeler.Hub.HubFlashService = Tripolygon.UModeler.Hub.HubFlashService
[14/10/2024 10:52:11 a. m.] [Debug] [Application] service: Tripolygon.UModeler.Hub.IHubAnalyticsService = Tripolygon.UModeler.Hub.HubAnalyticsService
[14/10/2024 10:52:11 a. m.] [Debug] [Application] service: Tripolygon.UModeler.Hub.VSAttributionService = Tripolygon.UModeler.Hub.VSAttributionService
[14/10/2024 10:52:11 a. m.] [Debug] [HubAnalytics] PosthogClient.SetAutoFlush: Value Changed: True
[14/10/2024 10:52:11 a. m.] [Debug] [Application] service: Tripolygon.UModeler.Hub.Notifications.UpdateProductNotifier = Tripolygon.UModeler.Hub.Notifications.UpdateProductNotifier
[14/10/2024 10:52:11 a. m.] [Debug] [Application] service: Tripolygon.UModeler.Hub.INoticeService = Tripolygon.UModeler.Hub.Noticies.NoticeService
[14/10/2024 10:52:11 a. m.] [Debug] [Application] service: Tripolygon.UModeler.Hub.Views.SceneViews.HubSceneViewService = Tripolygon.UModeler.Hub.Views.SceneViews.HubSceneViewService
[14/10/2024 10:52:11 a. m.] [Debug] [Application] Initialize: isReloading=False
[14/10/2024 10:52:11 a. m.] [Debug] [Application] Service Initialize: Tripolygon.UModeler.Hub.HubAuthentication
[14/10/2024 10:52:11 a. m.] [Debug] [Application] Service Initialize: Tripolygon.UModeler.Editor.UI.UnityEditorApplicationCache
[14/10/2024 10:52:11 a. m.] [Debug] [Application] Service Initialize: Tripolygon.UModeler.Hub.HubService
[14/10/2024 10:52:11 a. m.] [Debug] [Application] Service Initialize: Tripolygon.UModeler.Editor.UI.UnityEditorApplicationUtilityService
[14/10/2024 10:52:11 a. m.] [Debug] [Application] Service Initialize: Tripolygon.UModeler.Hub.HubFlashService
[14/10/2024 10:52:11 a. m.] [Debug] [Application] Service Initialize: Tripolygon.UModeler.Hub.HubAnalyticsService
[14/10/2024 10:52:11 a. m.] [Debug] [Application] Service Initialize: Tripolygon.UModeler.Hub.VSAttributionService
[14/10/2024 10:52:11 a. m.] [Debug] [Application] Service Initialize: Tripolygon.UModeler.Hub.Notifications.UpdateHubNotifier
[14/10/2024 10:52:11 a. m.] [Debug] [Application] Service Initialize: Tripolygon.UModeler.Hub.Notifications.UpdateProductNotifier
[14/10/2024 10:52:11 a. m.] [Debug] [Application] Service Initialize: Tripolygon.UModeler.Hub.Noticies.NoticeService
[14/10/2024 10:52:11 a. m.] [Debug] [Application] Service Initialize: Tripolygon.UModeler.Hub.Views.SceneViews.HubSceneViewService
[14/10/2024 10:52:11 a. m.] [Debug] [HubAnalytics] PosthogClient.SetAutoFlush: Value Changed: True
[14/10/2024 10:52:11 a. m.] [Debug] [Application] Service Initialize: Tripolygon.UModeler.Hub.HubAnalyticsService
[14/10/2024 10:52:11 a. m.] [Debug] [Application] Service Initialize: Tripolygon.UModeler.Hub.VSAttributionService
[14/10/2024 10:52:11 a. m.] [Debug] [Application] Service Initialize: Tripolygon.UModeler.Hub.Notifications.UpdateHubNotifier
[14/10/2024 10:52:11 a. m.] [Debug] [Application] Service Initialize: Tripolygon.UModeler.Hub.Notifications.UpdateProductNotifier
[14/10/2024 10:52:11 a. m.] [Debug] [Application] Service Initialize: Tripolygon.UModeler.Hub.Noticies.NoticeService
[14/10/2024 10:52:11 a. m.] [Debug] [Application] Service Initialize: Tripolygon.UModeler.Hub.Views.SceneViews.HubSceneViewService
[14/10/2024 10:57:36 a. m.] [Debug] [Application] Release: isReloading=True
[14/10/2024 10:57:36 a. m.] [Debug] [Application] Service Release: Tripolygon.UModeler.Hub.Views.SceneViews.HubSceneViewService
[14/10/2024 10:57:36 a. m.] [Debug] [Application] Service Release: Tripolygon.UModeler.Hub.Noticies.NoticeService
[14/10/2024 10:57:36 a. m.] [Debug] [Application] Service Release: Tripolygon.UModeler.Hub.Notifications.UpdateProductNotifier
[14/10/2024 10:57:36 a. m.] [Debug] [Application] Service Release: Tripolygon.UModeler.Hub.Notifications.UpdateHubNotifier
[14/10/2024 10:57:36 a. m.] [Debug] [Application] Service Release: Tripolygon.UModeler.Hub.VSAttributionService
[14/10/2024 10:57:36 a. m.] [Debug] [HubAnalytics] PosthogClient.SetAutoFlush: Value Changed: False
[14/10/2024 10:57:36 a. m.] [Debug] [Application] Service Release: Tripolygon.UModeler.Hub.HubAnalyticsService
[14/10/2024 10:57:36 a. m.] [Debug] [Application] Service Release: Tripolygon.UModeler.Hub.HubFlashService
[14/10/2024 10:57:36 a. m.] [Debug] [Application] Service Release: Tripolygon.UModeler.Editor.UI.UnityEditorApplicationUtilityService
[14/10/2024 10:57:36 a. m.] [Debug] [Application] Service Release: Tripolygon.UModeler.Hub.HubService
[14/10/2024 10:57:36 a. m.] [Debug] [Application] Service Release: Tripolygon.UModeler.Editor.UI.UnityEditorApplicationCache
[14/10/2024 10:57:36 a. m.] [Debug] [Application] Service Release: Tripolygon.UModeler.Hub.HubAuthentication
[14/10/2024 10:57:38 a. m.] [Debug] [Application] service: Tripolygon.UModeler.Hub.HubAuthentication = Tripolygon.UModeler.Hub.HubAuthentication
[14/10/2024 10:57:38 a. m.] [Debug] [Application] service: Tripolygon.UModeler.UI.IApplicationCache = Tripolygon.UModeler.Editor.UI.UnityEditorApplicationCache
[14/10/2024 10:57:38 a. m.] [Debug] [Application] service: Tripolygon.UModeler.Hub.IHubService = Tripolygon.UModeler.Hub.HubService
[14/10/2024 10:57:38 a. m.] [Debug] [Application] service: Tripolygon.UModeler.Authentication.IAuthenticationApiProvider = Tripolygon.UModeler.Editor.AuthenticationApiProviderService
[14/10/2024 10:57:38 a. m.] [Debug] [Application] service: Tripolygon.UModeler.UI.IObjectHierarchyService = Tripolygon.UModeler.Editor.UI.UnityEditorObjectHierarchyService
[14/10/2024 10:57:38 a. m.] [Debug] [Application] service: Tripolygon.UModeler.UI.ITextureProvider = Tripolygon.UModeler.Editor.UI.UnityEditorTextureProvider
[14/10/2024 10:57:38 a. m.] [Debug] [Application] service: Tripolygon.UModeler.UI.IApplicationUtilityService = Tripolygon.UModeler.Editor.UI.UnityEditorApplicationUtilityService
[14/10/2024 10:57:38 a. m.] [Debug] [Application] service: Tripolygon.UModeler.Editor.UI.ApplicationSettings = Tripolygon.UModeler.Editor.UI.ApplicationSettings
[14/10/2024 10:57:38 a. m.] [Debug] [Application] service: Tripolygon.UModeler.Hub.Resources.IResourcesApiProvider = Tripolygon.UModeler.Hub.ResourcesApiProviderService
[14/10/2024 10:57:38 a. m.] [Debug] [Application] service: Tripolygon.UModeler.Hub.HubFlashService = Tripolygon.UModeler.Hub.HubFlashService
[14/10/2024 10:57:38 a. m.] [Debug] [Application] service: Tripolygon.UModeler.Hub.IHubAnalyticsService = Tripolygon.UModeler.Hub.HubAnalyticsService
[14/10/2024 10:57:38 a. m.] [Debug] [Application] service: Tripolygon.UModeler.Hub.VSAttributionService = Tripolygon.UModeler.Hub.VSAttributionService
[14/10/2024 10:57:38 a. m.] [Debug] [Application] service: Tripolygon.UModeler.Hub.Notifications.UpdateHubNotifier = Tripolygon.UModeler.Hub.Notifications.UpdateHubNotifier
[14/10/2024 10:57:38 a. m.] [Debug] [Application] service: Tripolygon.UModeler.Hub.Notifications.UpdateProductNotifier = Tripolygon.UModeler.Hub.Notifications.UpdateProductNotifier
[14/10/2024 10:57:38 a. m.] [Debug] [Application] service: Tripolygon.UModeler.Hub.INoticeService = Tripolygon.UModeler.Hub.Noticies.NoticeService
[14/10/2024 10:57:38 a. m.] [Debug] [Application] service: Tripolygon.UModeler.Hub.Views.SceneViews.HubSceneViewService = Tripolygon.UModeler.Hub.Views.SceneViews.HubSceneViewService
[14/10/2024 10:57:39 a. m.] [Debug] [Application] Initialize: isReloading=True
[14/10/2024 10:57:39 a. m.] [Debug] [Application] Service Initialize: Tripolygon.UModeler.Hub.HubAuthentication
[14/10/2024 10:57:39 a. m.] [Debug] [Application] Service Initialize: Tripolygon.UModeler.Editor.UI.UnityEditorApplicationCache
[14/10/2024 10:57:39 a. m.] [Debug] [Application] Service Initialize: Tripolygon.UModeler.Hub.HubService
[14/10/2024 10:57:39 a. m.] [Debug] [Application] Service Initialize: Tripolygon.UModeler.Editor.UI.UnityEditorApplicationUtilityService
[14/10/2024 10:57:39 a. m.] [Debug] [Application] Service Initialize: Tripolygon.UModeler.Hub.HubFlashService
[14/10/2024 10:57:39 a. m.] [Debug] [HubAnalytics] PosthogClient.SetAutoFlush: Value Changed: True
[14/10/2024 10:57:39 a. m.] [Debug] [Application] Service Initialize: Tripolygon.UModeler.Hub.HubAnalyticsService
[14/10/2024 10:57:39 a. m.] [Debug] [Application] Service Initialize: Tripolygon.UModeler.Hub.VSAttributionService
[14/10/2024 10:57:39 a. m.] [Debug] [Application] Service Initialize: Tripolygon.UModeler.Hub.Notifications.UpdateHubNotifier
[14/10/2024 10:57:39 a. m.] [Debug] [Application] Service Initialize: Tripolygon.UModeler.Hub.Notifications.UpdateProductNotifier
[14/10/2024 10:57:39 a. m.] [Debug] [Application] Service Initialize: Tripolygon.UModeler.Hub.Noticies.NoticeService
[14/10/2024 10:57:39 a. m.] [Debug] [Application] Service Initialize: Tripolygon.UModeler.Hub.Views.SceneViews.HubSceneViewService
[14/10/2024 10:57:39 a. m.] [Debug] [Application] Release: isReloading=True
[14/10/2024 10:57:39 a. m.] [Debug] [Application] Service Release: Tripolygon.UModeler.Hub.Views.SceneViews.HubSceneViewService
[14/10/2024 10:57:39 a. m.] [Debug] [Application] Service Release: Tripolygon.UModeler.Hub.Noticies.NoticeService
[14/10/2024 10:57:39 a. m.] [Debug] [Application] Service Release: Tripolygon.UModeler.Hub.Notifications.UpdateProductNotifier
[14/10/2024 10:57:39 a. m.] [Debug] [Application] Service Release: Tripolygon.UModeler.Hub.Notifications.UpdateHubNotifier
[14/10/2024 10:57:39 a. m.] [Debug] [Application] Service Release: Tripolygon.UModeler.Hub.VSAttributionService
[14/10/2024 10:57:39 a. m.] [Debug] [Application] Service Release: Tripolygon.UModeler.Hub.Views.SceneViews.HubSceneViewService
[14/10/2024 10:57:39 a. m.] [Debug] [Application] Service Release: Tripolygon.UModeler.Hub.Noticies.NoticeService
[14/10/2024 10:57:39 a. m.] [Debug] [Application] Service Release: Tripolygon.UModeler.Hub.Notifications.UpdateProductNotifier
[14/10/2024 10:57:39 a. m.] [Debug] [Application] Service Release: Tripolygon.UModeler.Hub.Notifications.UpdateHubNotifier
[14/10/2024 10:57:39 a. m.] [Debug] [Application] Service Release: Tripolygon.UModeler.Hub.VSAttributionService
[14/10/2024 10:57:43 a. m.] [Debug] [Application] service: Tripolygon.UModeler.Hub.HubAuthentication = Tripolygon.UModeler.Hub.HubAuthentication
[14/10/2024 10:57:43 a. m.] [Debug] [Application] service: Tripolygon.UModeler.UI.IApplicationCache = Tripolygon.UModeler.Editor.UI.UnityEditorApplicationCache
[14/10/2024 10:57:43 a. m.] [Debug] [Application] service: Tripolygon.UModeler.Hub.IHubService = Tripolygon.UModeler.Hub.HubService
[14/10/2024 10:57:43 a. m.] [Debug] [Application] service: Tripolygon.UModeler.Authentication.IAuthenticationApiProvider = Tripolygon.UModeler.Editor.AuthenticationApiProviderService
[14/10/2024 10:57:43 a. m.] [Debug] [Application] service: Tripolygon.UModeler.UI.IObjectHierarchyService = Tripolygon.UModeler.Editor.UI.UnityEditorObjectHierarchyService
[14/10/2024 10:57:43 a. m.] [Debug] [Application] service: Tripolygon.UModeler.UI.ITextureProvider = Tripolygon.UModeler.Editor.UI.UnityEditorTextureProvider
[14/10/2024 10:57:43 a. m.] [Debug] [Application] service: Tripolygon.UModeler.UI.IApplicationUtilityService = Tripolygon.UModeler.Editor.UI.UnityEditorApplicationUtilityService
[14/10/2024 10:57:43 a. m.] [Debug] [Application] service: Tripolygon.UModeler.Editor.UI.ApplicationSettings = Tripolygon.UModeler.Editor.UI.ApplicationSettings
[14/10/2024 10:57:43 a. m.] [Debug] [Application] service: Tripolygon.UModeler.Hub.Resources.IResourcesApiProvider = Tripolygon.UModeler.Hub.ResourcesApiProviderService
[14/10/2024 10:57:43 a. m.] [Debug] [Application] service: Tripolygon.UModeler.Hub.HubFlashService = Tripolygon.UModeler.Hub.HubFlashService
[14/10/2024 10:57:43 a. m.] [Debug] [Application] service: Tripolygon.UModeler.Hub.IHubAnalyticsService = Tripolygon.UModeler.Hub.HubAnalyticsService
[14/10/2024 10:57:43 a. m.] [Debug] [Application] service: Tripolygon.UModeler.Hub.VSAttributionService = Tripolygon.UModeler.Hub.VSAttributionService
[14/10/2024 10:57:43 a. m.] [Debug] [Application] service: Tripolygon.UModeler.Hub.Notifications.UpdateHubNotifier = Tripolygon.UModeler.Hub.Notifications.UpdateHubNotifier
[14/10/2024 10:57:43 a. m.] [Debug] [Application] service: Tripolygon.UModeler.Hub.Notifications.UpdateProductNotifier = Tripolygon.UModeler.Hub.Notifications.UpdateProductNotifier
[14/10/2024 10:57:43 a. m.] [Debug] [Application] service: Tripolygon.UModeler.Hub.INoticeService = Tripolygon.UModeler.Hub.Noticies.NoticeService
[14/10/2024 10:57:43 a. m.] [Debug] [Application] service: Tripolygon.UModeler.Hub.Views.SceneViews.HubSceneViewService = Tripolygon.UModeler.Hub.Views.SceneViews.HubSceneViewService
[14/10/2024 10:57:43 a. m.] [Debug] [Application] Initialize: isReloading=True
[14/10/2024 10:57:43 a. m.] [Debug] [Application] Service Initialize: Tripolygon.UModeler.Hub.HubAuthentication
[14/10/2024 10:57:43 a. m.] [Debug] [Application] Service Initialize: Tripolygon.UModeler.Editor.UI.UnityEditorApplicationCache
[14/10/2024 10:57:43 a. m.] [Debug] [Application] Service Initialize: Tripolygon.UModeler.Hub.HubService
[14/10/2024 10:57:43 a. m.] [Debug] [Application] Service Initialize: Tripolygon.UModeler.Editor.UI.UnityEditorApplicationUtilityService
[14/10/2024 10:57:43 a. m.] [Debug] [Application] Service Initialize: Tripolygon.UModeler.Hub.HubFlashService
[14/10/2024 10:57:43 a. m.] [Debug] [HubAnalytics] PosthogClient.SetAutoFlush: Value Changed: True
[14/10/2024 10:57:43 a. m.] [Debug] [Application] service: Tripolygon.UModeler.Hub.HubAuthentication = Tripolygon.UModeler.Hub.HubAuthentication
[14/10/2024 10:57:43 a. m.] [Debug] [Application] service: Tripolygon.UModeler.UI.IApplicationCache = Tripolygon.UModeler.Editor.UI.UnityEditorApplicationCache
[14/10/2024 10:57:43 a. m.] [Debug] [Application] service: Tripolygon.UModeler.Hub.IHubService = Tripolygon.UModeler.Hub.HubService
[14/10/2024 10:57:43 a. m.] [Debug] [Application] service: Tripolygon.UModeler.Authentication.IAuthenticationApiProvider = Tripolygon.UModeler.Editor.AuthenticationApiProviderService
[14/10/2024 10:57:43 a. m.] [Debug] [Application] service: Tripolygon.UModeler.UI.IObjectHierarchyService = Tripolygon.UModeler.Editor.UI.UnityEditorObjectHierarchyService
[14/10/2024 10:57:43 a. m.] [Debug] [Application] service: Tripolygon.UModeler.UI.ITextureProvider = Tripolygon.UModeler.Editor.UI.UnityEditorTextureProvider
[14/10/2024 10:57:43 a. m.] [Debug] [Application] service: Tripolygon.UModeler.UI.IApplicationUtilityService = Tripolygon.UModeler.Editor.UI.UnityEditorApplicationUtilityService
[14/10/2024 10:57:43 a. m.] [Debug] [Application] service: Tripolygon.UModeler.Editor.UI.ApplicationSettings = Tripolygon.UModeler.Editor.UI.ApplicationSettings
[14/10/2024 10:57:43 a. m.] [Debug] [Application] service: Tripolygon.UModeler.Hub.Resources.IResourcesApiProvider = Tripolygon.UModeler.Hub.ResourcesApiProviderService
[14/10/2024 10:57:43 a. m.] [Debug] [Application] service: Tripolygon.UModeler.Hub.HubFlashService = Tripolygon.UModeler.Hub.HubFlashService
[14/10/2024 10:57:43 a. m.] [Debug] [Application] service: Tripolygon.UModeler.Hub.IHubAnalyticsService = Tripolygon.UModeler.Hub.HubAnalyticsService
[14/10/2024 10:57:43 a. m.] [Debug] [Application] service: Tripolygon.UModeler.Hub.VSAttributionService = Tripolygon.UModeler.Hub.VSAttributionService
[14/10/2024 10:57:43 a. m.] [Debug] [Application] service: Tripolygon.UModeler.Hub.Notifications.UpdateHubNotifier = Tripolygon.UModeler.Hub.Notifications.UpdateHubNotifier
[14/10/2024 10:57:43 a. m.] [Debug] [Application] service: Tripolygon.UModeler.Hub.Notifications.UpdateProductNotifier = Tripolygon.UModeler.Hub.Notifications.UpdateProductNotifier
[14/10/2024 10:57:43 a. m.] [Debug] [Application] service: Tripolygon.UModeler.Hub.INoticeService = Tripolygon.UModeler.Hub.Noticies.NoticeService
[14/10/2024 10:57:43 a. m.] [Debug] [Application] service: Tripolygon.UModeler.Hub.Views.SceneViews.HubSceneViewService = Tripolygon.UModeler.Hub.Views.SceneViews.HubSceneViewService
[14/10/2024 10:57:43 a. m.] [Debug] [Application] Initialize: isReloading=False
[14/10/2024 10:57:43 a. m.] [Debug] [Application] Service Initialize: Tripolygon.UModeler.Hub.HubAuthentication
[14/10/2024 10:57:43 a. m.] [Debug] [Application] Service Initialize: Tripolygon.UModeler.Editor.UI.UnityEditorApplicationCache
[14/10/2024 10:57:43 a. m.] [Debug] [Application] Service Initialize: Tripolygon.UModeler.Hub.HubService
[14/10/2024 10:57:43 a. m.] [Debug] [Application] Service Initialize: Tripolygon.UModeler.Editor.UI.UnityEditorApplicationUtilityService
[14/10/2024 10:57:43 a. m.] [Debug] [Application] Service Initialize: Tripolygon.UModeler.Hub.HubFlashService
[14/10/2024 10:57:43 a. m.] [Debug] [HubAnalytics] PosthogClient.SetAutoFlush: Value Changed: True
[14/10/2024 10:57:43 a. m.] [Debug] [Application] Service Initialize: Tripolygon.UModeler.Hub.HubAnalyticsService
[14/10/2024 10:57:43 a. m.] [Debug] [Application] Service Initialize: Tripolygon.UModeler.Hub.VSAttributionService
[14/10/2024 10:57:43 a. m.] [Debug] [Application] Service Initialize: Tripolygon.UModeler.Hub.Notifications.UpdateHubNotifier
[14/10/2024 10:57:43 a. m.] [Debug] [Application] Service Initialize: Tripolygon.UModeler.Hub.Notifications.UpdateProductNotifier
[14/10/2024 10:57:43 a. m.] [Debug] [Application] Service Initialize: Tripolygon.UModeler.Hub.Noticies.NoticeService
[14/10/2024 10:57:43 a. m.] [Debug] [Application] Service Initialize: Tripolygon.UModeler.Hub.Views.SceneViews.HubSceneViewService
[14/10/2024 10:57:43 a. m.] [Debug] [Application] Service Initialize: Tripolygon.UModeler.Hub.HubAnalyticsService
[14/10/2024 10:57:43 a. m.] [Debug] [Application] Service Initialize: Tripolygon.UModeler.Hub.VSAttributionService
[14/10/2024 10:57:43 a. m.] [Debug] [Application] Service Initialize: Tripolygon.UModeler.Hub.Notifications.UpdateHubNotifier
[14/10/2024 10:57:43 a. m.] [Debug] [Application] Service Initialize: Tripolygon.UModeler.Hub.Notifications.UpdateProductNotifier
[14/10/2024 10:57:43 a. m.] [Debug] [Application] Service Initialize: Tripolygon.UModeler.Hub.Noticies.NoticeService
[14/10/2024 10:57:43 a. m.] [Debug] [Application] Service Initialize: Tripolygon.UModeler.Hub.Views.SceneViews.HubSceneViewService
[14/10/2024 11:13:32 a. m.] [Debug] [Application] Release: isReloading=True
[14/10/2024 11:13:32 a. m.] [Debug] [Application] Service Release: Tripolygon.UModeler.Hub.Views.SceneViews.HubSceneViewService
[14/10/2024 11:13:32 a. m.] [Debug] [Application] Service Release: Tripolygon.UModeler.Hub.Noticies.NoticeService
[14/10/2024 11:13:32 a. m.] [Debug] [Application] Service Release: Tripolygon.UModeler.Hub.Notifications.UpdateProductNotifier
[14/10/2024 11:13:32 a. m.] [Debug] [Application] Service Release: Tripolygon.UModeler.Hub.Notifications.UpdateHubNotifier
[14/10/2024 11:13:32 a. m.] [Debug] [Application] Service Release: Tripolygon.UModeler.Hub.VSAttributionService
[14/10/2024 11:13:32 a. m.] [Debug] [HubAnalytics] PosthogClient.SetAutoFlush: Value Changed: False
[14/10/2024 11:13:32 a. m.] [Debug] [Application] Service Release: Tripolygon.UModeler.Hub.HubAnalyticsService
[14/10/2024 11:13:32 a. m.] [Debug] [Application] Service Release: Tripolygon.UModeler.Hub.HubFlashService
[14/10/2024 11:13:32 a. m.] [Debug] [Application] Service Release: Tripolygon.UModeler.Editor.UI.UnityEditorApplicationUtilityService
[14/10/2024 11:13:32 a. m.] [Debug] [Application] Service Release: Tripolygon.UModeler.Hub.HubService
[14/10/2024 11:13:32 a. m.] [Debug] [Application] Service Release: Tripolygon.UModeler.Editor.UI.UnityEditorApplicationCache
[14/10/2024 11:13:32 a. m.] [Debug] [Application] Service Release: Tripolygon.UModeler.Hub.HubAuthentication
[14/10/2024 11:13:35 a. m.] [Debug] [Application] service: Tripolygon.UModeler.Hub.HubAuthentication = Tripolygon.UModeler.Hub.HubAuthentication
[14/10/2024 11:13:35 a. m.] [Debug] [Application] service: Tripolygon.UModeler.UI.IApplicationCache = Tripolygon.UModeler.Editor.UI.UnityEditorApplicationCache
[14/10/2024 11:13:35 a. m.] [Debug] [Application] service: Tripolygon.UModeler.Hub.IHubService = Tripolygon.UModeler.Hub.HubService
[14/10/2024 11:13:35 a. m.] [Debug] [Application] service: Tripolygon.UModeler.Authentication.IAuthenticationApiProvider = Tripolygon.UModeler.Editor.AuthenticationApiProviderService
[14/10/2024 11:13:35 a. m.] [Debug] [Application] service: Tripolygon.UModeler.UI.IObjectHierarchyService = Tripolygon.UModeler.Editor.UI.UnityEditorObjectHierarchyService
[14/10/2024 11:13:35 a. m.] [Debug] [Application] service: Tripolygon.UModeler.UI.ITextureProvider = Tripolygon.UModeler.Editor.UI.UnityEditorTextureProvider
[14/10/2024 11:13:35 a. m.] [Debug] [Application] service: Tripolygon.UModeler.UI.IApplicationUtilityService = Tripolygon.UModeler.Editor.UI.UnityEditorApplicationUtilityService
[14/10/2024 11:13:35 a. m.] [Debug] [Application] service: Tripolygon.UModeler.Editor.UI.ApplicationSettings = Tripolygon.UModeler.Editor.UI.ApplicationSettings
[14/10/2024 11:13:35 a. m.] [Debug] [Application] service: Tripolygon.UModeler.Hub.Resources.IResourcesApiProvider = Tripolygon.UModeler.Hub.ResourcesApiProviderService
[14/10/2024 11:13:35 a. m.] [Debug] [Application] service: Tripolygon.UModeler.Hub.HubFlashService = Tripolygon.UModeler.Hub.HubFlashService
[14/10/2024 11:13:35 a. m.] [Debug] [Application] service: Tripolygon.UModeler.Hub.IHubAnalyticsService = Tripolygon.UModeler.Hub.HubAnalyticsService
[14/10/2024 11:13:35 a. m.] [Debug] [Application] service: Tripolygon.UModeler.Hub.VSAttributionService = Tripolygon.UModeler.Hub.VSAttributionService
[14/10/2024 11:13:35 a. m.] [Debug] [Application] service: Tripolygon.UModeler.Hub.Notifications.UpdateHubNotifier = Tripolygon.UModeler.Hub.Notifications.UpdateHubNotifier
[14/10/2024 11:13:35 a. m.] [Debug] [Application] service: Tripolygon.UModeler.Hub.Notifications.UpdateProductNotifier = Tripolygon.UModeler.Hub.Notifications.UpdateProductNotifier
[14/10/2024 11:13:35 a. m.] [Debug] [Application] service: Tripolygon.UModeler.Hub.INoticeService = Tripolygon.UModeler.Hub.Noticies.NoticeService
[14/10/2024 11:13:35 a. m.] [Debug] [Application] service: Tripolygon.UModeler.Hub.Views.SceneViews.HubSceneViewService = Tripolygon.UModeler.Hub.Views.SceneViews.HubSceneViewService
[14/10/2024 11:13:36 a. m.] [Debug] [Application] Initialize: isReloading=True
[14/10/2024 11:13:36 a. m.] [Debug] [Application] Service Initialize: Tripolygon.UModeler.Hub.HubAuthentication
[14/10/2024 11:13:36 a. m.] [Debug] [Application] Service Initialize: Tripolygon.UModeler.Editor.UI.UnityEditorApplicationCache
[14/10/2024 11:13:36 a. m.] [Debug] [Application] Service Initialize: Tripolygon.UModeler.Hub.HubService
[14/10/2024 11:13:36 a. m.] [Debug] [Application] Service Initialize: Tripolygon.UModeler.Editor.UI.UnityEditorApplicationUtilityService
[14/10/2024 11:13:36 a. m.] [Debug] [Application] Service Initialize: Tripolygon.UModeler.Hub.HubFlashService
[14/10/2024 11:13:36 a. m.] [Debug] [HubAnalytics] PosthogClient.SetAutoFlush: Value Changed: True
[14/10/2024 11:13:36 a. m.] [Debug] [Application] Service Initialize: Tripolygon.UModeler.Hub.HubAnalyticsService
[14/10/2024 11:13:36 a. m.] [Debug] [Application] Service Initialize: Tripolygon.UModeler.Hub.VSAttributionService
[14/10/2024 11:13:36 a. m.] [Debug] [Application] Service Initialize: Tripolygon.UModeler.Hub.Notifications.UpdateHubNotifier
[14/10/2024 11:13:36 a. m.] [Debug] [Application] Service Initialize: Tripolygon.UModeler.Hub.Notifications.UpdateProductNotifier
[14/10/2024 11:13:36 a. m.] [Debug] [Application] Service Initialize: Tripolygon.UModeler.Hub.Noticies.NoticeService
[14/10/2024 11:13:36 a. m.] [Debug] [Application] Service Initialize: Tripolygon.UModeler.Hub.Views.SceneViews.HubSceneViewService
[14/10/2024 11:13:41 a. m.] [Debug] [Application] Release: isReloading=True
[14/10/2024 11:13:41 a. m.] [Debug] [Application] Service Release: Tripolygon.UModeler.Hub.Views.SceneViews.HubSceneViewService
[14/10/2024 11:13:41 a. m.] [Debug] [Application] Service Release: Tripolygon.UModeler.Hub.Noticies.NoticeService
[14/10/2024 11:13:41 a. m.] [Debug] [Application] Service Release: Tripolygon.UModeler.Hub.Notifications.UpdateProductNotifier
[14/10/2024 11:13:41 a. m.] [Debug] [Application] Service Release: Tripolygon.UModeler.Hub.Notifications.UpdateHubNotifier
[14/10/2024 11:13:41 a. m.] [Debug] [Application] Service Release: Tripolygon.UModeler.Hub.VSAttributionService
[14/10/2024 11:13:41 a. m.] [Debug] [Application] Release: isReloading=True
[14/10/2024 11:13:41 a. m.] [Debug] [Application] Service Release: Tripolygon.UModeler.Hub.Views.SceneViews.HubSceneViewService
[14/10/2024 11:13:41 a. m.] [Debug] [Application] Service Release: Tripolygon.UModeler.Hub.Noticies.NoticeService
[14/10/2024 11:13:41 a. m.] [Debug] [Application] Service Release: Tripolygon.UModeler.Hub.Notifications.UpdateProductNotifier
[14/10/2024 11:13:41 a. m.] [Debug] [Application] Service Release: Tripolygon.UModeler.Hub.Notifications.UpdateHubNotifier
[14/10/2024 11:13:41 a. m.] [Debug] [Application] Service Release: Tripolygon.UModeler.Hub.VSAttributionService
[14/10/2024 11:13:46 a. m.] [Debug] [Application] service: Tripolygon.UModeler.Hub.HubAuthentication = Tripolygon.UModeler.Hub.HubAuthentication
[14/10/2024 11:13:46 a. m.] [Debug] [Application] service: Tripolygon.UModeler.UI.IApplicationCache = Tripolygon.UModeler.Editor.UI.UnityEditorApplicationCache
[14/10/2024 11:13:46 a. m.] [Debug] [Application] service: Tripolygon.UModeler.Hub.IHubService = Tripolygon.UModeler.Hub.HubService
[14/10/2024 11:13:46 a. m.] [Debug] [Application] service: Tripolygon.UModeler.Authentication.IAuthenticationApiProvider = Tripolygon.UModeler.Editor.AuthenticationApiProviderService
[14/10/2024 11:13:46 a. m.] [Debug] [Application] service: Tripolygon.UModeler.UI.IObjectHierarchyService = Tripolygon.UModeler.Editor.UI.UnityEditorObjectHierarchyService
[14/10/2024 11:13:46 a. m.] [Debug] [Application] service: Tripolygon.UModeler.UI.ITextureProvider = Tripolygon.UModeler.Editor.UI.UnityEditorTextureProvider
[14/10/2024 11:13:46 a. m.] [Debug] [Application] service: Tripolygon.UModeler.UI.IApplicationUtilityService = Tripolygon.UModeler.Editor.UI.UnityEditorApplicationUtilityService
[14/10/2024 11:13:46 a. m.] [Debug] [Application] service: Tripolygon.UModeler.Editor.UI.ApplicationSettings = Tripolygon.UModeler.Editor.UI.ApplicationSettings
[14/10/2024 11:13:46 a. m.] [Debug] [Application] service: Tripolygon.UModeler.Hub.Resources.IResourcesApiProvider = Tripolygon.UModeler.Hub.ResourcesApiProviderService
[14/10/2024 11:13:46 a. m.] [Debug] [Application] service: Tripolygon.UModeler.Hub.HubFlashService = Tripolygon.UModeler.Hub.HubFlashService
[14/10/2024 11:13:46 a. m.] [Debug] [Application] service: Tripolygon.UModeler.Hub.IHubAnalyticsService = Tripolygon.UModeler.Hub.HubAnalyticsService
[14/10/2024 11:13:46 a. m.] [Debug] [Application] service: Tripolygon.UModeler.Hub.VSAttributionService = Tripolygon.UModeler.Hub.VSAttributionService
[14/10/2024 11:13:46 a. m.] [Debug] [Application] service: Tripolygon.UModeler.Hub.Notifications.UpdateHubNotifier = Tripolygon.UModeler.Hub.Notifications.UpdateHubNotifier
[14/10/2024 11:13:46 a. m.] [Debug] [Application] service: Tripolygon.UModeler.Hub.Notifications.UpdateProductNotifier = Tripolygon.UModeler.Hub.Notifications.UpdateProductNotifier
[14/10/2024 11:13:46 a. m.] [Debug] [Application] service: Tripolygon.UModeler.Hub.INoticeService = Tripolygon.UModeler.Hub.Noticies.NoticeService
[14/10/2024 11:13:46 a. m.] [Debug] [Application] service: Tripolygon.UModeler.Hub.Views.SceneViews.HubSceneViewService = Tripolygon.UModeler.Hub.Views.SceneViews.HubSceneViewService
[14/10/2024 11:13:46 a. m.] [Debug] [Application] Initialize: isReloading=True
[14/10/2024 11:13:46 a. m.] [Debug] [Application] Service Initialize: Tripolygon.UModeler.Hub.HubAuthentication
[14/10/2024 11:13:46 a. m.] [Debug] [Application] Service Initialize: Tripolygon.UModeler.Editor.UI.UnityEditorApplicationCache
[14/10/2024 11:13:46 a. m.] [Debug] [Application] Service Initialize: Tripolygon.UModeler.Hub.HubService
[14/10/2024 11:13:46 a. m.] [Debug] [Application] Service Initialize: Tripolygon.UModeler.Editor.UI.UnityEditorApplicationUtilityService
[14/10/2024 11:13:46 a. m.] [Debug] [Application] Service Initialize: Tripolygon.UModeler.Hub.HubFlashService
[14/10/2024 11:13:46 a. m.] [Debug] [Application] service: Tripolygon.UModeler.Hub.HubAuthentication = Tripolygon.UModeler.Hub.HubAuthentication
[14/10/2024 11:13:46 a. m.] [Debug] [Application] service: Tripolygon.UModeler.UI.IApplicationCache = Tripolygon.UModeler.Editor.UI.UnityEditorApplicationCache
[14/10/2024 11:13:46 a. m.] [Debug] [Application] service: Tripolygon.UModeler.Hub.IHubService = Tripolygon.UModeler.Hub.HubService
[14/10/2024 11:13:46 a. m.] [Debug] [Application] service: Tripolygon.UModeler.Authentication.IAuthenticationApiProvider = Tripolygon.UModeler.Editor.AuthenticationApiProviderService
[14/10/2024 11:13:46 a. m.] [Debug] [Application] service: Tripolygon.UModeler.UI.IObjectHierarchyService = Tripolygon.UModeler.Editor.UI.UnityEditorObjectHierarchyService
[14/10/2024 11:13:46 a. m.] [Debug] [Application] service: Tripolygon.UModeler.UI.ITextureProvider = Tripolygon.UModeler.Editor.UI.UnityEditorTextureProvider
[14/10/2024 11:13:46 a. m.] [Debug] [Application] service: Tripolygon.UModeler.UI.IApplicationUtilityService = Tripolygon.UModeler.Editor.UI.UnityEditorApplicationUtilityService
[14/10/2024 11:13:46 a. m.] [Debug] [Application] service: Tripolygon.UModeler.Editor.UI.ApplicationSettings = Tripolygon.UModeler.Editor.UI.ApplicationSettings
[14/10/2024 11:13:46 a. m.] [Debug] [Application] service: Tripolygon.UModeler.Hub.Resources.IResourcesApiProvider = Tripolygon.UModeler.Hub.ResourcesApiProviderService
[14/10/2024 11:13:46 a. m.] [Debug] [Application] service: Tripolygon.UModeler.Hub.HubFlashService = Tripolygon.UModeler.Hub.HubFlashService
[14/10/2024 11:13:46 a. m.] [Debug] [Application] service: Tripolygon.UModeler.Hub.IHubAnalyticsService = Tripolygon.UModeler.Hub.HubAnalyticsService
[14/10/2024 11:13:46 a. m.] [Debug] [Application] service: Tripolygon.UModeler.Hub.VSAttributionService = Tripolygon.UModeler.Hub.VSAttributionService
[14/10/2024 11:13:46 a. m.] [Debug] [Application] service: Tripolygon.UModeler.Hub.Notifications.UpdateHubNotifier = Tripolygon.UModeler.Hub.Notifications.UpdateHubNotifier
[14/10/2024 11:13:46 a. m.] [Debug] [Application] service: Tripolygon.UModeler.Hub.Notifications.UpdateProductNotifier = Tripolygon.UModeler.Hub.Notifications.UpdateProductNotifier
[14/10/2024 11:13:46 a. m.] [Debug] [Application] service: Tripolygon.UModeler.Hub.INoticeService = Tripolygon.UModeler.Hub.Noticies.NoticeService
[14/10/2024 11:13:46 a. m.] [Debug] [Application] service: Tripolygon.UModeler.Hub.Views.SceneViews.HubSceneViewService = Tripolygon.UModeler.Hub.Views.SceneViews.HubSceneViewService
[14/10/2024 11:13:46 a. m.] [Debug] [Application] Initialize: isReloading=False
[14/10/2024 11:13:46 a. m.] [Debug] [Application] Service Initialize: Tripolygon.UModeler.Hub.HubAuthentication
[14/10/2024 11:13:46 a. m.] [Debug] [HubAnalytics] PosthogClient.SetAutoFlush: Value Changed: True
[14/10/2024 11:13:46 a. m.] [Debug] [Application] Service Initialize: Tripolygon.UModeler.Editor.UI.UnityEditorApplicationCache
[14/10/2024 11:13:46 a. m.] [Debug] [Application] Service Initialize: Tripolygon.UModeler.Hub.HubService
[14/10/2024 11:13:46 a. m.] [Debug] [Application] Service Initialize: Tripolygon.UModeler.Editor.UI.UnityEditorApplicationUtilityService
[14/10/2024 11:13:46 a. m.] [Debug] [Application] Service Initialize: Tripolygon.UModeler.Hub.HubFlashService
[14/10/2024 11:13:46 a. m.] [Debug] [HubAnalytics] PosthogClient.SetAutoFlush: Value Changed: True
[14/10/2024 11:13:46 a. m.] [Debug] [Application] Service Initialize: Tripolygon.UModeler.Hub.HubAnalyticsService
[14/10/2024 11:13:46 a. m.] [Debug] [Application] Service Initialize: Tripolygon.UModeler.Hub.VSAttributionService
[14/10/2024 11:13:47 a. m.] [Debug] [Application] Service Initialize: Tripolygon.UModeler.Hub.Notifications.UpdateHubNotifier
[14/10/2024 11:13:47 a. m.] [Debug] [Application] Service Initialize: Tripolygon.UModeler.Hub.Notifications.UpdateProductNotifier
[14/10/2024 11:13:47 a. m.] [Debug] [Application] Service Initialize: Tripolygon.UModeler.Hub.Noticies.NoticeService
[14/10/2024 11:13:47 a. m.] [Debug] [Application] Service Initialize: Tripolygon.UModeler.Hub.Views.SceneViews.HubSceneViewService
[14/10/2024 11:13:47 a. m.] [Debug] [Application] Service Initialize: Tripolygon.UModeler.Hub.HubAnalyticsService
[14/10/2024 11:13:47 a. m.] [Debug] [Application] Service Initialize: Tripolygon.UModeler.Hub.VSAttributionService
[14/10/2024 11:13:47 a. m.] [Debug] [Application] Service Initialize: Tripolygon.UModeler.Hub.Notifications.UpdateHubNotifier
[14/10/2024 11:13:47 a. m.] [Debug] [Application] Service Initialize: Tripolygon.UModeler.Hub.Notifications.UpdateProductNotifier
[14/10/2024 11:13:47 a. m.] [Debug] [Application] Service Initialize: Tripolygon.UModeler.Hub.Noticies.NoticeService
[14/10/2024 11:13:47 a. m.] [Debug] [Application] Service Initialize: Tripolygon.UModeler.Hub.Views.SceneViews.HubSceneViewService
[14/10/2024 11:14:23 a. m.] [Debug] [Application] Release: isReloading=True
[14/10/2024 11:14:23 a. m.] [Debug] [Application] Service Release: Tripolygon.UModeler.Hub.Views.SceneViews.HubSceneViewService
[14/10/2024 11:14:23 a. m.] [Debug] [Application] Service Release: Tripolygon.UModeler.Hub.Noticies.NoticeService
[14/10/2024 11:14:23 a. m.] [Debug] [Application] Service Release: Tripolygon.UModeler.Hub.Notifications.UpdateProductNotifier
[14/10/2024 11:14:23 a. m.] [Debug] [Application] Service Release: Tripolygon.UModeler.Hub.Notifications.UpdateHubNotifier
[14/10/2024 11:14:23 a. m.] [Debug] [Application] Service Release: Tripolygon.UModeler.Hub.VSAttributionService
[14/10/2024 11:14:23 a. m.] [Debug] [HubAnalytics] PosthogClient.SetAutoFlush: Value Changed: False
[14/10/2024 11:14:23 a. m.] [Debug] [Application] Service Release: Tripolygon.UModeler.Hub.HubAnalyticsService
[14/10/2024 11:14:23 a. m.] [Debug] [Application] Service Release: Tripolygon.UModeler.Hub.HubFlashService
[14/10/2024 11:14:23 a. m.] [Debug] [Application] Service Release: Tripolygon.UModeler.Editor.UI.UnityEditorApplicationUtilityService
[14/10/2024 11:14:23 a. m.] [Debug] [Application] Service Release: Tripolygon.UModeler.Hub.HubService
[14/10/2024 11:14:23 a. m.] [Debug] [Application] Service Release: Tripolygon.UModeler.Editor.UI.UnityEditorApplicationCache
[14/10/2024 11:14:23 a. m.] [Debug] [Application] Service Release: Tripolygon.UModeler.Hub.HubAuthentication
[14/10/2024 11:14:26 a. m.] [Debug] [Application] service: Tripolygon.UModeler.Hub.HubAuthentication = Tripolygon.UModeler.Hub.HubAuthentication
[14/10/2024 11:14:26 a. m.] [Debug] [Application] service: Tripolygon.UModeler.UI.IApplicationCache = Tripolygon.UModeler.Editor.UI.UnityEditorApplicationCache
[14/10/2024 11:14:26 a. m.] [Debug] [Application] service: Tripolygon.UModeler.Hub.IHubService = Tripolygon.UModeler.Hub.HubService
[14/10/2024 11:14:26 a. m.] [Debug] [Application] service: Tripolygon.UModeler.Authentication.IAuthenticationApiProvider = Tripolygon.UModeler.Editor.AuthenticationApiProviderService
[14/10/2024 11:14:26 a. m.] [Debug] [Application] service: Tripolygon.UModeler.UI.IObjectHierarchyService = Tripolygon.UModeler.Editor.UI.UnityEditorObjectHierarchyService
[14/10/2024 11:14:26 a. m.] [Debug] [Application] service: Tripolygon.UModeler.UI.ITextureProvider = Tripolygon.UModeler.Editor.UI.UnityEditorTextureProvider
[14/10/2024 11:14:26 a. m.] [Debug] [Application] service: Tripolygon.UModeler.UI.IApplicationUtilityService = Tripolygon.UModeler.Editor.UI.UnityEditorApplicationUtilityService
[14/10/2024 11:14:26 a. m.] [Debug] [Application] service: Tripolygon.UModeler.Editor.UI.ApplicationSettings = Tripolygon.UModeler.Editor.UI.ApplicationSettings
[14/10/2024 11:14:26 a. m.] [Debug] [Application] service: Tripolygon.UModeler.Hub.Resources.IResourcesApiProvider = Tripolygon.UModeler.Hub.ResourcesApiProviderService
[14/10/2024 11:14:26 a. m.] [Debug] [Application] service: Tripolygon.UModeler.Hub.HubFlashService = Tripolygon.UModeler.Hub.HubFlashService
[14/10/2024 11:14:26 a. m.] [Debug] [Application] service: Tripolygon.UModeler.Hub.IHubAnalyticsService = Tripolygon.UModeler.Hub.HubAnalyticsService
[14/10/2024 11:14:26 a. m.] [Debug] [Application] service: Tripolygon.UModeler.Hub.VSAttributionService = Tripolygon.UModeler.Hub.VSAttributionService
[14/10/2024 11:14:26 a. m.] [Debug] [Application] service: Tripolygon.UModeler.Hub.Notifications.UpdateHubNotifier = Tripolygon.UModeler.Hub.Notifications.UpdateHubNotifier
[14/10/2024 11:14:26 a. m.] [Debug] [Application] service: Tripolygon.UModeler.Hub.Notifications.UpdateProductNotifier = Tripolygon.UModeler.Hub.Notifications.UpdateProductNotifier
[14/10/2024 11:14:26 a. m.] [Debug] [Application] service: Tripolygon.UModeler.Hub.INoticeService = Tripolygon.UModeler.Hub.Noticies.NoticeService
[14/10/2024 11:14:26 a. m.] [Debug] [Application] service: Tripolygon.UModeler.Hub.Views.SceneViews.HubSceneViewService = Tripolygon.UModeler.Hub.Views.SceneViews.HubSceneViewService
[14/10/2024 11:14:27 a. m.] [Debug] [Application] Initialize: isReloading=True
[14/10/2024 11:14:27 a. m.] [Debug] [Application] Service Initialize: Tripolygon.UModeler.Hub.HubAuthentication
[14/10/2024 11:14:27 a. m.] [Debug] [Application] Service Initialize: Tripolygon.UModeler.Editor.UI.UnityEditorApplicationCache
[14/10/2024 11:14:27 a. m.] [Debug] [Application] Service Initialize: Tripolygon.UModeler.Hub.HubService
[14/10/2024 11:14:27 a. m.] [Debug] [Application] Service Initialize: Tripolygon.UModeler.Editor.UI.UnityEditorApplicationUtilityService
[14/10/2024 11:14:27 a. m.] [Debug] [Application] Service Initialize: Tripolygon.UModeler.Hub.HubFlashService
[14/10/2024 11:14:27 a. m.] [Debug] [HubAnalytics] PosthogClient.SetAutoFlush: Value Changed: True
[14/10/2024 11:14:27 a. m.] [Debug] [Application] Service Initialize: Tripolygon.UModeler.Hub.HubAnalyticsService
[14/10/2024 11:14:27 a. m.] [Debug] [Application] Service Initialize: Tripolygon.UModeler.Hub.VSAttributionService
[14/10/2024 11:14:27 a. m.] [Debug] [Application] Service Initialize: Tripolygon.UModeler.Hub.Notifications.UpdateHubNotifier
[14/10/2024 11:14:27 a. m.] [Debug] [Application] Service Initialize: Tripolygon.UModeler.Hub.Notifications.UpdateProductNotifier
[14/10/2024 11:14:27 a. m.] [Debug] [Application] Service Initialize: Tripolygon.UModeler.Hub.Noticies.NoticeService
[14/10/2024 11:14:27 a. m.] [Debug] [Application] Service Initialize: Tripolygon.UModeler.Hub.Views.SceneViews.HubSceneViewService
[14/10/2024 11:14:27 a. m.] [Debug] [Application] Release: isReloading=True
[14/10/2024 11:14:27 a. m.] [Debug] [Application] Service Release: Tripolygon.UModeler.Hub.Views.SceneViews.HubSceneViewService
[14/10/2024 11:14:27 a. m.] [Debug] [Application] Service Release: Tripolygon.UModeler.Hub.Noticies.NoticeService
[14/10/2024 11:14:27 a. m.] [Debug] [Application] Release: isReloading=True
[14/10/2024 11:14:27 a. m.] [Debug] [Application] Service Release: Tripolygon.UModeler.Hub.Notifications.UpdateProductNotifier
[14/10/2024 11:14:27 a. m.] [Debug] [Application] Service Release: Tripolygon.UModeler.Hub.Notifications.UpdateHubNotifier
[14/10/2024 11:14:27 a. m.] [Debug] [Application] Service Release: Tripolygon.UModeler.Hub.VSAttributionService
[14/10/2024 11:14:27 a. m.] [Debug] [Application] Service Release: Tripolygon.UModeler.Hub.Views.SceneViews.HubSceneViewService
[14/10/2024 11:14:27 a. m.] [Debug] [Application] Service Release: Tripolygon.UModeler.Hub.Noticies.NoticeService
[14/10/2024 11:14:27 a. m.] [Debug] [Application] Service Release: Tripolygon.UModeler.Hub.Notifications.UpdateProductNotifier
[14/10/2024 11:14:27 a. m.] [Debug] [Application] Service Release: Tripolygon.UModeler.Hub.Notifications.UpdateHubNotifier
[14/10/2024 11:14:27 a. m.] [Debug] [Application] Service Release: Tripolygon.UModeler.Hub.VSAttributionService
[14/10/2024 11:14:31 a. m.] [Debug] [Application] service: Tripolygon.UModeler.Hub.HubAuthentication = Tripolygon.UModeler.Hub.HubAuthentication
[14/10/2024 11:14:31 a. m.] [Debug] [Application] service: Tripolygon.UModeler.UI.IApplicationCache = Tripolygon.UModeler.Editor.UI.UnityEditorApplicationCache
[14/10/2024 11:14:31 a. m.] [Debug] [Application] service: Tripolygon.UModeler.Hub.IHubService = Tripolygon.UModeler.Hub.HubService
[14/10/2024 11:14:31 a. m.] [Debug] [Application] service: Tripolygon.UModeler.Authentication.IAuthenticationApiProvider = Tripolygon.UModeler.Editor.AuthenticationApiProviderService
[14/10/2024 11:14:31 a. m.] [Debug] [Application] service: Tripolygon.UModeler.UI.IObjectHierarchyService = Tripolygon.UModeler.Editor.UI.UnityEditorObjectHierarchyService
[14/10/2024 11:14:31 a. m.] [Debug] [Application] service: Tripolygon.UModeler.UI.ITextureProvider = Tripolygon.UModeler.Editor.UI.UnityEditorTextureProvider
[14/10/2024 11:14:31 a. m.] [Debug] [Application] service: Tripolygon.UModeler.UI.IApplicationUtilityService = Tripolygon.UModeler.Editor.UI.UnityEditorApplicationUtilityService
[14/10/2024 11:14:31 a. m.] [Debug] [Application] service: Tripolygon.UModeler.Editor.UI.ApplicationSettings = Tripolygon.UModeler.Editor.UI.ApplicationSettings
[14/10/2024 11:14:31 a. m.] [Debug] [Application] service: Tripolygon.UModeler.Hub.Resources.IResourcesApiProvider = Tripolygon.UModeler.Hub.ResourcesApiProviderService
[14/10/2024 11:14:31 a. m.] [Debug] [Application] service: Tripolygon.UModeler.Hub.HubFlashService = Tripolygon.UModeler.Hub.HubFlashService
[14/10/2024 11:14:32 a. m.] [Debug] [Application] service: Tripolygon.UModeler.Hub.IHubAnalyticsService = Tripolygon.UModeler.Hub.HubAnalyticsService
[14/10/2024 11:14:32 a. m.] [Debug] [Application] service: Tripolygon.UModeler.Hub.VSAttributionService = Tripolygon.UModeler.Hub.VSAttributionService
[14/10/2024 11:14:32 a. m.] [Debug] [Application] service: Tripolygon.UModeler.Hub.Notifications.UpdateHubNotifier = Tripolygon.UModeler.Hub.Notifications.UpdateHubNotifier
[14/10/2024 11:14:32 a. m.] [Debug] [Application] service: Tripolygon.UModeler.Hub.Notifications.UpdateProductNotifier = Tripolygon.UModeler.Hub.Notifications.UpdateProductNotifier
[14/10/2024 11:14:32 a. m.] [Debug] [Application] service: Tripolygon.UModeler.Hub.INoticeService = Tripolygon.UModeler.Hub.Noticies.NoticeService
[14/10/2024 11:14:32 a. m.] [Debug] [Application] service: Tripolygon.UModeler.Hub.Views.SceneViews.HubSceneViewService = Tripolygon.UModeler.Hub.Views.SceneViews.HubSceneViewService
[14/10/2024 11:14:32 a. m.] [Debug] [Application] Initialize: isReloading=True
[14/10/2024 11:14:32 a. m.] [Debug] [Application] Service Initialize: Tripolygon.UModeler.Hub.HubAuthentication
[14/10/2024 11:14:32 a. m.] [Debug] [Application] Service Initialize: Tripolygon.UModeler.Editor.UI.UnityEditorApplicationCache
[14/10/2024 11:14:32 a. m.] [Debug] [Application] Service Initialize: Tripolygon.UModeler.Hub.HubService
[14/10/2024 11:14:32 a. m.] [Debug] [Application] Service Initialize: Tripolygon.UModeler.Editor.UI.UnityEditorApplicationUtilityService
[14/10/2024 11:14:32 a. m.] [Debug] [Application] Service Initialize: Tripolygon.UModeler.Hub.HubFlashService
[14/10/2024 11:14:31 a. m.] [Debug] [Application] service: Tripolygon.UModeler.Hub.HubAuthentication = Tripolygon.UModeler.Hub.HubAuthentication
[14/10/2024 11:14:31 a. m.] [Debug] [Application] service: Tripolygon.UModeler.UI.IApplicationCache = Tripolygon.UModeler.Editor.UI.UnityEditorApplicationCache
[14/10/2024 11:14:31 a. m.] [Debug] [Application] service: Tripolygon.UModeler.Hub.IHubService = Tripolygon.UModeler.Hub.HubService
[14/10/2024 11:14:31 a. m.] [Debug] [Application] service: Tripolygon.UModeler.Authentication.IAuthenticationApiProvider = Tripolygon.UModeler.Editor.AuthenticationApiProviderService
[14/10/2024 11:14:31 a. m.] [Debug] [Application] service: Tripolygon.UModeler.UI.IObjectHierarchyService = Tripolygon.UModeler.Editor.UI.UnityEditorObjectHierarchyService
[14/10/2024 11:14:31 a. m.] [Debug] [Application] service: Tripolygon.UModeler.UI.ITextureProvider = Tripolygon.UModeler.Editor.UI.UnityEditorTextureProvider
[14/10/2024 11:14:31 a. m.] [Debug] [Application] service: Tripolygon.UModeler.UI.IApplicationUtilityService = Tripolygon.UModeler.Editor.UI.UnityEditorApplicationUtilityService
[14/10/2024 11:14:32 a. m.] [Debug] [Application] service: Tripolygon.UModeler.Editor.UI.ApplicationSettings = Tripolygon.UModeler.Editor.UI.ApplicationSettings
[14/10/2024 11:14:32 a. m.] [Debug] [Application] service: Tripolygon.UModeler.Hub.Resources.IResourcesApiProvider = Tripolygon.UModeler.Hub.ResourcesApiProviderService
[14/10/2024 11:14:32 a. m.] [Debug] [Application] service: Tripolygon.UModeler.Hub.HubFlashService = Tripolygon.UModeler.Hub.HubFlashService
[14/10/2024 11:14:32 a. m.] [Debug] [Application] service: Tripolygon.UModeler.Hub.IHubAnalyticsService = Tripolygon.UModeler.Hub.HubAnalyticsService
[14/10/2024 11:14:32 a. m.] [Debug] [Application] service: Tripolygon.UModeler.Hub.VSAttributionService = Tripolygon.UModeler.Hub.VSAttributionService
[14/10/2024 11:14:32 a. m.] [Debug] [Application] service: Tripolygon.UModeler.Hub.Notifications.UpdateHubNotifier = Tripolygon.UModeler.Hub.Notifications.UpdateHubNotifier
[14/10/2024 11:14:32 a. m.] [Debug] [Application] service: Tripolygon.UModeler.Hub.Notifications.UpdateProductNotifier = Tripolygon.UModeler.Hub.Notifications.UpdateProductNotifier
[14/10/2024 11:14:32 a. m.] [Debug] [Application] service: Tripolygon.UModeler.Hub.INoticeService = Tripolygon.UModeler.Hub.Noticies.NoticeService
[14/10/2024 11:14:32 a. m.] [Debug] [Application] service: Tripolygon.UModeler.Hub.Views.SceneViews.HubSceneViewService = Tripolygon.UModeler.Hub.Views.SceneViews.HubSceneViewService
[14/10/2024 11:14:32 a. m.] [Debug] [Application] Initialize: isReloading=False
[14/10/2024 11:14:32 a. m.] [Debug] [Application] Service Initialize: Tripolygon.UModeler.Hub.HubAuthentication
[14/10/2024 11:14:32 a. m.] [Debug] [Application] Service Initialize: Tripolygon.UModeler.Editor.UI.UnityEditorApplicationCache
[14/10/2024 11:14:32 a. m.] [Debug] [HubAnalytics] PosthogClient.SetAutoFlush: Value Changed: True
[14/10/2024 11:14:32 a. m.] [Debug] [Application] Service Initialize: Tripolygon.UModeler.Hub.HubService
[14/10/2024 11:14:32 a. m.] [Debug] [Application] Service Initialize: Tripolygon.UModeler.Editor.UI.UnityEditorApplicationUtilityService
[14/10/2024 11:14:32 a. m.] [Debug] [Application] Service Initialize: Tripolygon.UModeler.Hub.HubFlashService
[14/10/2024 11:14:32 a. m.] [Debug] [HubAnalytics] PosthogClient.SetAutoFlush: Value Changed: True
[14/10/2024 11:14:32 a. m.] [Debug] [Application] Service Initialize: Tripolygon.UModeler.Hub.HubAnalyticsService
[14/10/2024 11:14:32 a. m.] [Debug] [Application] Service Initialize: Tripolygon.UModeler.Hub.VSAttributionService
[14/10/2024 11:14:32 a. m.] [Debug] [Application] Service Initialize: Tripolygon.UModeler.Hub.Notifications.UpdateHubNotifier
[14/10/2024 11:14:32 a. m.] [Debug] [Application] Service Initialize: Tripolygon.UModeler.Hub.Notifications.UpdateProductNotifier
[14/10/2024 11:14:32 a. m.] [Debug] [Application] Service Initialize: Tripolygon.UModeler.Hub.Noticies.NoticeService
[14/10/2024 11:14:32 a. m.] [Debug] [Application] Service Initialize: Tripolygon.UModeler.Hub.Views.SceneViews.HubSceneViewService
[14/10/2024 11:14:32 a. m.] [Debug] [Application] Service Initialize: Tripolygon.UModeler.Hub.HubAnalyticsService
[14/10/2024 11:14:32 a. m.] [Debug] [Application] Service Initialize: Tripolygon.UModeler.Hub.VSAttributionService
[14/10/2024 11:14:32 a. m.] [Debug] [Application] Service Initialize: Tripolygon.UModeler.Hub.Notifications.UpdateHubNotifier
[14/10/2024 11:14:32 a. m.] [Debug] [Application] Service Initialize: Tripolygon.UModeler.Hub.Notifications.UpdateProductNotifier
[14/10/2024 11:14:32 a. m.] [Debug] [Application] Service Initialize: Tripolygon.UModeler.Hub.Noticies.NoticeService
[14/10/2024 11:14:32 a. m.] [Debug] [Application] Service Initialize: Tripolygon.UModeler.Hub.Views.SceneViews.HubSceneViewService
[14/10/2024 11:14:32 a. m.] [Debug] [Application] Release: isReloading=False
[14/10/2024 11:14:32 a. m.] [Debug] [Application] Service Release: Tripolygon.UModeler.Hub.Views.SceneViews.HubSceneViewService
[14/10/2024 11:14:32 a. m.] [Debug] [Application] Service Release: Tripolygon.UModeler.Hub.Noticies.NoticeService
[14/10/2024 11:14:32 a. m.] [Debug] [Application] Service Release: Tripolygon.UModeler.Hub.Notifications.UpdateProductNotifier
[14/10/2024 11:14:32 a. m.] [Debug] [Application] Service Release: Tripolygon.UModeler.Hub.Notifications.UpdateHubNotifier
[14/10/2024 11:14:32 a. m.] [Debug] [Application] Service Release: Tripolygon.UModeler.Hub.VSAttributionService
[14/10/2024 11:14:32 a. m.] [Debug] [HubAnalytics] OnAppEnd
[14/10/2024 11:14:32 a. m.] [Debug] [HubAnalytics] PosthogClient.SetAutoFlush: Value Changed: False
[14/10/2024 11:14:32 a. m.] [Debug] [HubAnalytics] PosthogClient.BatchAsync: Sending Queue Items={"api_key":"phc_DQ6tsN03HRXTr9hNBfi3DierOY5Y0SisUxgxjuAmZG5","batch":[{"event":"app end","properties":{"$set":{"sdk_region_id":"es-MX","sdk_region_name":"Mexico","sdk_language":"Spanish","sdk_os_architecture":"X64","sdk_time_zone":"Central Standard Time (Mexico)","product_version":"1.0.0"},"$os":"WINDOWS","$os_name":"WINDOWS","$session_id":"fe2a6f6e-3903-4335-8c34-8ed094862b2e_a0215a61-cc08-4f65-9b5e-306363127cb1","distinct_id":"bd32d41ad3cd5d43e5f6912f7db82b682027b69d","product_name":"UModeler Hub","product_version":"1.0.0","platform_name":"Unity","platform_version":"2022.3.47f1","screen_width":1920,"screen_height":1080,"viewport_width":800,"viewport_height":561,"unity_systeminfo_language":"Spanish","unity_systeminfo_os":"Windows 10  (10.0.19045) 64bit","unity_systeminfo_graphicsDeviceType":"Direct3D11","unity_systeminfo_graphicsDeviceVendor":"Intel","unity_systeminfo_graphicsDeviceName":"Intel(R) UHD Graphics 750","unity_systeminfo_deviceType":"Desktop","unity_systeminfo_processorType":"11th Gen Intel(R) Core(TM) i7-11700 @ 2.50GHz"},"timestamp":"2024-10-14T17:14:32.5078038Z"}]}
[14/10/2024 11:14:32 a. m.] [Debug] [HubAnalytics] PosthogClient.BatchAsync: Sent 1 queue item(s).
[14/10/2024 11:14:32 a. m.] [Debug] [Application] Service Release: Tripolygon.UModeler.Hub.HubAnalyticsService
[14/10/2024 11:14:32 a. m.] [Debug] [Application] Service Release: Tripolygon.UModeler.Hub.HubFlashService
[14/10/2024 11:14:32 a. m.] [Debug] [Application] Service Release: Tripolygon.UModeler.Editor.UI.UnityEditorApplicationUtilityService
[14/10/2024 11:14:32 a. m.] [Debug] [Application] Service Release: Tripolygon.UModeler.Hub.HubService
[14/10/2024 11:14:32 a. m.] [Debug] [Application] Service Release: Tripolygon.UModeler.Editor.UI.UnityEditorApplicationCache
[14/10/2024 11:14:32 a. m.] [Debug] [Application] Service Release: Tripolygon.UModeler.Hub.HubAuthentication
[14/10/2024 11:14:44 a. m.] [Debug] [Application] service: Tripolygon.UModeler.Hub.HubAuthentication = Tripolygon.UModeler.Hub.HubAuthentication
[14/10/2024 11:14:44 a. m.] [Debug] [Application] service: Tripolygon.UModeler.UI.IApplicationCache = Tripolygon.UModeler.Editor.UI.UnityEditorApplicationCache
[14/10/2024 11:14:44 a. m.] [Debug] [Application] service: Tripolygon.UModeler.Hub.IHubService = Tripolygon.UModeler.Hub.HubService
[14/10/2024 11:14:44 a. m.] [Debug] [Application] service: Tripolygon.UModeler.Authentication.IAuthenticationApiProvider = Tripolygon.UModeler.Editor.AuthenticationApiProviderService
[14/10/2024 11:14:44 a. m.] [Debug] [Application] service: Tripolygon.UModeler.UI.IObjectHierarchyService = Tripolygon.UModeler.Editor.UI.UnityEditorObjectHierarchyService
[14/10/2024 11:14:44 a. m.] [Debug] [Application] service: Tripolygon.UModeler.UI.ITextureProvider = Tripolygon.UModeler.Editor.UI.UnityEditorTextureProvider
[14/10/2024 11:14:44 a. m.] [Debug] [Application] service: Tripolygon.UModeler.UI.IApplicationUtilityService = Tripolygon.UModeler.Editor.UI.UnityEditorApplicationUtilityService
[14/10/2024 11:14:44 a. m.] [Debug] [Application] service: Tripolygon.UModeler.Editor.UI.ApplicationSettings = Tripolygon.UModeler.Editor.UI.ApplicationSettings
[14/10/2024 11:14:44 a. m.] [Debug] [Application] service: Tripolygon.UModeler.Hub.Resources.IResourcesApiProvider = Tripolygon.UModeler.Hub.ResourcesApiProviderService
[14/10/2024 11:14:44 a. m.] [Debug] [Application] service: Tripolygon.UModeler.Hub.HubFlashService = Tripolygon.UModeler.Hub.HubFlashService
[14/10/2024 11:14:44 a. m.] [Debug] [Application] service: Tripolygon.UModeler.Hub.IHubAnalyticsService = Tripolygon.UModeler.Hub.HubAnalyticsService
[14/10/2024 11:14:44 a. m.] [Debug] [Application] service: Tripolygon.UModeler.Hub.VSAttributionService = Tripolygon.UModeler.Hub.VSAttributionService
[14/10/2024 11:14:44 a. m.] [Debug] [Application] service: Tripolygon.UModeler.Hub.Notifications.UpdateHubNotifier = Tripolygon.UModeler.Hub.Notifications.UpdateHubNotifier
[14/10/2024 11:14:44 a. m.] [Debug] [Application] service: Tripolygon.UModeler.Hub.Notifications.UpdateProductNotifier = Tripolygon.UModeler.Hub.Notifications.UpdateProductNotifier
[14/10/2024 11:14:44 a. m.] [Debug] [Application] service: Tripolygon.UModeler.Hub.INoticeService = Tripolygon.UModeler.Hub.Noticies.NoticeService
[14/10/2024 11:14:44 a. m.] [Debug] [Application] service: Tripolygon.UModeler.Hub.Views.SceneViews.HubSceneViewService = Tripolygon.UModeler.Hub.Views.SceneViews.HubSceneViewService
[14/10/2024 11:14:44 a. m.] [Debug] [Application] Initialize: isReloading=False
[14/10/2024 11:14:45 a. m.] [Debug] [Application] Service Initialize: Tripolygon.UModeler.Hub.HubAuthentication
[14/10/2024 11:14:45 a. m.] [Debug] [Application] Service Initialize: Tripolygon.UModeler.Editor.UI.UnityEditorApplicationCache
[14/10/2024 11:14:45 a. m.] [Debug] [Application] Service Initialize: Tripolygon.UModeler.Hub.HubService
[14/10/2024 11:14:45 a. m.] [Debug] [Application] Service Initialize: Tripolygon.UModeler.Editor.UI.UnityEditorApplicationUtilityService
[14/10/2024 11:14:45 a. m.] [Debug] [Application] Service Initialize: Tripolygon.UModeler.Hub.HubFlashService
[14/10/2024 11:14:45 a. m.] [Debug] [HubAnalytics] PosthogClient.SetAutoFlush: Value Changed: True
[14/10/2024 11:14:45 a. m.] [Debug] [Application] Service Initialize: Tripolygon.UModeler.Hub.HubAnalyticsService
[14/10/2024 11:14:45 a. m.] [Debug] [Application] Service Initialize: Tripolygon.UModeler.Hub.VSAttributionService
[14/10/2024 11:14:45 a. m.] [Debug] [Application] Service Initialize: Tripolygon.UModeler.Hub.Notifications.UpdateHubNotifier
[14/10/2024 11:14:45 a. m.] [Debug] [Application] Service Initialize: Tripolygon.UModeler.Hub.Notifications.UpdateProductNotifier
[14/10/2024 11:14:45 a. m.] [Debug] [Application] Service Initialize: Tripolygon.UModeler.Hub.Noticies.NoticeService
[14/10/2024 11:14:45 a. m.] [Debug] [Application] Service Initialize: Tripolygon.UModeler.Hub.Views.SceneViews.HubSceneViewService
[14/10/2024 11:14:49 a. m.] [Debug] [HubAnalytics] OnAppStart
[14/10/2024 11:14:55 a. m.] [Debug] [HubAnalytics] PosthogClient.BatchAsync: Sending Queue Items={"api_key":"phc_DQ6tsN03HRXTr9hNBfi3DierOY5Y0SisUxgxjuAmZG5","batch":[{"event":"app start","properties":{"$set":{"sdk_region_id":"es-MX","sdk_region_name":"Mexico","sdk_language":"Spanish","sdk_os_architecture":"X64","sdk_time_zone":"Central Standard Time (Mexico)","product_version":"1.0.0","platform_account_id":"anonymous","platform_account_name":"ACANxOcjwWSu02c5xFKN8c2K9MolMzt4DZ6Q3OYJbKPcCXed75H4+XV2ub/gJrg8pdxojvDIWwFdaKRhXawMU25TQ523dwzCjrkeODiq9gxu6EXi4Cga40jvh3eE+DmcpqoJ+U9dD+6NESq818joVBKyo8MNq5aoXCUsds2FyUZ4LdT4GPEPk/iLkpsuI/WZL5q1zxHFCGdJMV29vKjNPueesogpWg18pWcmEI/1T7uZHA6kph9YzDzWQ9yeQIvxCMWvXkuArcMJTWVxFi1259Ta+pTgV/xAVseCp0EgLXg+uPN0DeYCuv5kBvnmmz4NJwHY0spgO8uZTqOpaMRqbQ=="},"$os":"WINDOWS","$os_name":"WINDOWS","$session_id":"4e002e73-84d2-41ab-a488-505311cd766e_5b8bf386-b6d3-4cec-a734-81a446247b3b","distinct_id":"bd32d41ad3cd5d43e5f6912f7db82b682027b69d","product_name":"UModeler Hub","product_version":"1.0.0","platform_name":"Unity","platform_version":"2022.3.47f1","screen_width":1920,"screen_height":1080,"viewport_width":1105,"viewport_height":243,"unity_systeminfo_language":"Spanish","unity_systeminfo_os":"Windows 10  (10.0.19045) 64bit","unity_systeminfo_graphicsDeviceType":"Direct3D11","unity_systeminfo_graphicsDeviceVendor":"Intel","unity_systeminfo_graphicsDeviceName":"Intel(R) UHD Graphics 750","unity_systeminfo_deviceType":"Desktop","unity_systeminfo_processorType":"11th Gen Intel(R) Core(TM) i7-11700 @ 2.50GHz"},"timestamp":"2024-10-14T17:14:49.4150898Z"}]}
[14/10/2024 11:14:55 a. m.] [Debug] [HubAnalytics] PosthogClient.BatchAsync: Sent 1 queue item(s).
[14/10/2024 11:15:15 a. m.] [Debug] [Application] service: Tripolygon.UModeler.Hub.HubAuthentication = Tripolygon.UModeler.Hub.HubAuthentication
[14/10/2024 11:15:15 a. m.] [Debug] [Application] service: Tripolygon.UModeler.UI.IApplicationCache = Tripolygon.UModeler.Editor.UI.UnityEditorApplicationCache
[14/10/2024 11:15:15 a. m.] [Debug] [Application] service: Tripolygon.UModeler.Hub.IHubService = Tripolygon.UModeler.Hub.HubService
[14/10/2024 11:15:15 a. m.] [Debug] [Application] service: Tripolygon.UModeler.Authentication.IAuthenticationApiProvider = Tripolygon.UModeler.Editor.AuthenticationApiProviderService
[14/10/2024 11:15:15 a. m.] [Debug] [Application] service: Tripolygon.UModeler.UI.IObjectHierarchyService = Tripolygon.UModeler.Editor.UI.UnityEditorObjectHierarchyService
[14/10/2024 11:15:15 a. m.] [Debug] [Application] service: Tripolygon.UModeler.UI.ITextureProvider = Tripolygon.UModeler.Editor.UI.UnityEditorTextureProvider
[14/10/2024 11:15:15 a. m.] [Debug] [Application] service: Tripolygon.UModeler.UI.IApplicationUtilityService = Tripolygon.UModeler.Editor.UI.UnityEditorApplicationUtilityService
[14/10/2024 11:15:15 a. m.] [Debug] [Application] service: Tripolygon.UModeler.Editor.UI.ApplicationSettings = Tripolygon.UModeler.Editor.UI.ApplicationSettings
[14/10/2024 11:15:15 a. m.] [Debug] [Application] service: Tripolygon.UModeler.Hub.Resources.IResourcesApiProvider = Tripolygon.UModeler.Hub.ResourcesApiProviderService
[14/10/2024 11:15:15 a. m.] [Debug] [Application] service: Tripolygon.UModeler.Hub.HubFlashService = Tripolygon.UModeler.Hub.HubFlashService
[14/10/2024 11:15:15 a. m.] [Debug] [Application] service: Tripolygon.UModeler.Hub.IHubAnalyticsService = Tripolygon.UModeler.Hub.HubAnalyticsService
[14/10/2024 11:15:15 a. m.] [Debug] [Application] service: Tripolygon.UModeler.Hub.VSAttributionService = Tripolygon.UModeler.Hub.VSAttributionService
[14/10/2024 11:15:15 a. m.] [Debug] [Application] service: Tripolygon.UModeler.Hub.Notifications.UpdateHubNotifier = Tripolygon.UModeler.Hub.Notifications.UpdateHubNotifier
[14/10/2024 11:15:15 a. m.] [Debug] [Application] service: Tripolygon.UModeler.Hub.Notifications.UpdateProductNotifier = Tripolygon.UModeler.Hub.Notifications.UpdateProductNotifier
[14/10/2024 11:15:15 a. m.] [Debug] [Application] service: Tripolygon.UModeler.Hub.INoticeService = Tripolygon.UModeler.Hub.Noticies.NoticeService
[14/10/2024 11:15:15 a. m.] [Debug] [Application] service: Tripolygon.UModeler.Hub.Views.SceneViews.HubSceneViewService = Tripolygon.UModeler.Hub.Views.SceneViews.HubSceneViewService
[14/10/2024 11:15:15 a. m.] [Debug] [Application] Initialize: isReloading=False
[14/10/2024 11:15:15 a. m.] [Debug] [Application] Service Initialize: Tripolygon.UModeler.Hub.HubAuthentication
[14/10/2024 11:15:15 a. m.] [Debug] [Application] Service Initialize: Tripolygon.UModeler.Editor.UI.UnityEditorApplicationCache
[14/10/2024 11:15:15 a. m.] [Debug] [Application] Service Initialize: Tripolygon.UModeler.Hub.HubService
[14/10/2024 11:15:15 a. m.] [Debug] [Application] Service Initialize: Tripolygon.UModeler.Editor.UI.UnityEditorApplicationUtilityService
[14/10/2024 11:15:15 a. m.] [Debug] [Application] Service Initialize: Tripolygon.UModeler.Hub.HubFlashService
[14/10/2024 11:15:15 a. m.] [Debug] [Application] service: Tripolygon.UModeler.Hub.HubAuthentication = Tripolygon.UModeler.Hub.HubAuthentication
[14/10/2024 11:15:15 a. m.] [Debug] [Application] service: Tripolygon.UModeler.UI.IApplicationCache = Tripolygon.UModeler.Editor.UI.UnityEditorApplicationCache
[14/10/2024 11:15:15 a. m.] [Debug] [Application] service: Tripolygon.UModeler.Hub.IHubService = Tripolygon.UModeler.Hub.HubService
[14/10/2024 11:15:15 a. m.] [Debug] [Application] service: Tripolygon.UModeler.Authentication.IAuthenticationApiProvider = Tripolygon.UModeler.Editor.AuthenticationApiProviderService
[14/10/2024 11:15:15 a. m.] [Debug] [Application] service: Tripolygon.UModeler.UI.IObjectHierarchyService = Tripolygon.UModeler.Editor.UI.UnityEditorObjectHierarchyService
[14/10/2024 11:15:15 a. m.] [Debug] [Application] service: Tripolygon.UModeler.UI.ITextureProvider = Tripolygon.UModeler.Editor.UI.UnityEditorTextureProvider
[14/10/2024 11:15:15 a. m.] [Debug] [Application] service: Tripolygon.UModeler.UI.IApplicationUtilityService = Tripolygon.UModeler.Editor.UI.UnityEditorApplicationUtilityService
[14/10/2024 11:15:15 a. m.] [Debug] [Application] service: Tripolygon.UModeler.Editor.UI.ApplicationSettings = Tripolygon.UModeler.Editor.UI.ApplicationSettings
[14/10/2024 11:15:15 a. m.] [Debug] [Application] service: Tripolygon.UModeler.Hub.Resources.IResourcesApiProvider = Tripolygon.UModeler.Hub.ResourcesApiProviderService
[14/10/2024 11:15:15 a. m.] [Debug] [Application] service: Tripolygon.UModeler.Hub.HubFlashService = Tripolygon.UModeler.Hub.HubFlashService
[14/10/2024 11:15:15 a. m.] [Debug] [Application] service: Tripolygon.UModeler.Hub.IHubAnalyticsService = Tripolygon.UModeler.Hub.HubAnalyticsService
[14/10/2024 11:15:15 a. m.] [Debug] [Application] service: Tripolygon.UModeler.Hub.VSAttributionService = Tripolygon.UModeler.Hub.VSAttributionService
[14/10/2024 11:15:15 a. m.] [Debug] [Application] service: Tripolygon.UModeler.Hub.Notifications.UpdateHubNotifier = Tripolygon.UModeler.Hub.Notifications.UpdateHubNotifier
[14/10/2024 11:15:15 a. m.] [Debug] [Application] service: Tripolygon.UModeler.Hub.Notifications.UpdateProductNotifier = Tripolygon.UModeler.Hub.Notifications.UpdateProductNotifier
[14/10/2024 11:15:15 a. m.] [Debug] [Application] service: Tripolygon.UModeler.Hub.INoticeService = Tripolygon.UModeler.Hub.Noticies.NoticeService
[14/10/2024 11:15:15 a. m.] [Debug] [Application] service: Tripolygon.UModeler.Hub.Views.SceneViews.HubSceneViewService = Tripolygon.UModeler.Hub.Views.SceneViews.HubSceneViewService
[14/10/2024 11:15:15 a. m.] [Debug] [Application] Initialize: isReloading=False
[14/10/2024 11:15:15 a. m.] [Debug] [Application] Service Initialize: Tripolygon.UModeler.Hub.HubAuthentication
[14/10/2024 11:15:15 a. m.] [Debug] [Application] Service Initialize: Tripolygon.UModeler.Editor.UI.UnityEditorApplicationCache
[14/10/2024 11:15:15 a. m.] [Debug] [Application] Service Initialize: Tripolygon.UModeler.Hub.HubService
[14/10/2024 11:15:15 a. m.] [Debug] [Application] Service Initialize: Tripolygon.UModeler.Editor.UI.UnityEditorApplicationUtilityService
[14/10/2024 11:15:15 a. m.] [Debug] [Application] Service Initialize: Tripolygon.UModeler.Hub.HubFlashService
[14/10/2024 11:15:15 a. m.] [Debug] [HubAnalytics] PosthogClient.SetAutoFlush: Value Changed: True
[14/10/2024 11:15:15 a. m.] [Debug] [HubAnalytics] PosthogClient.SetAutoFlush: Value Changed: True
[14/10/2024 11:15:15 a. m.] [Debug] [Application] Service Initialize: Tripolygon.UModeler.Hub.HubAnalyticsService
[14/10/2024 11:15:15 a. m.] [Debug] [Application] Service Initialize: Tripolygon.UModeler.Hub.VSAttributionService
[14/10/2024 11:15:15 a. m.] [Debug] [Application] Service Initialize: Tripolygon.UModeler.Hub.Notifications.UpdateHubNotifier
[14/10/2024 11:15:15 a. m.] [Debug] [Application] Service Initialize: Tripolygon.UModeler.Hub.Notifications.UpdateProductNotifier
[14/10/2024 11:15:15 a. m.] [Debug] [Application] Service Initialize: Tripolygon.UModeler.Hub.Noticies.NoticeService
[14/10/2024 11:15:15 a. m.] [Debug] [Application] Service Initialize: Tripolygon.UModeler.Hub.Views.SceneViews.HubSceneViewService
[14/10/2024 11:15:15 a. m.] [Debug] [Application] Service Initialize: Tripolygon.UModeler.Hub.HubAnalyticsService
[14/10/2024 11:15:15 a. m.] [Debug] [Application] Service Initialize: Tripolygon.UModeler.Hub.VSAttributionService
[14/10/2024 11:15:15 a. m.] [Debug] [Application] Service Initialize: Tripolygon.UModeler.Hub.Notifications.UpdateHubNotifier
[14/10/2024 11:15:15 a. m.] [Debug] [Application] Service Initialize: Tripolygon.UModeler.Hub.Notifications.UpdateProductNotifier
[14/10/2024 11:15:15 a. m.] [Debug] [Application] Service Initialize: Tripolygon.UModeler.Hub.Noticies.NoticeService
[14/10/2024 11:15:15 a. m.] [Debug] [Application] Service Initialize: Tripolygon.UModeler.Hub.Views.SceneViews.HubSceneViewService
[14/10/2024 11:24:01 a. m.] [Debug] [Application] Release: isReloading=False
[14/10/2024 11:24:01 a. m.] [Debug] [Application] Service Release: Tripolygon.UModeler.Hub.Views.SceneViews.HubSceneViewService
[14/10/2024 11:24:01 a. m.] [Debug] [Application] Service Release: Tripolygon.UModeler.Hub.Noticies.NoticeService
[14/10/2024 11:24:01 a. m.] [Debug] [Application] Service Release: Tripolygon.UModeler.Hub.Notifications.UpdateProductNotifier
[14/10/2024 11:24:01 a. m.] [Debug] [Application] Service Release: Tripolygon.UModeler.Hub.Notifications.UpdateHubNotifier
[14/10/2024 11:24:01 a. m.] [Debug] [Application] Service Release: Tripolygon.UModeler.Hub.VSAttributionService
[14/10/2024 11:24:01 a. m.] [Debug] [HubAnalytics] OnAppEnd
[14/10/2024 11:24:01 a. m.] [Debug] [HubAnalytics] PosthogClient.SetAutoFlush: Value Changed: False
[14/10/2024 11:24:01 a. m.] [Debug] [HubAnalytics] PosthogClient.BatchAsync: Sending Queue Items={"api_key":"phc_DQ6tsN03HRXTr9hNBfi3DierOY5Y0SisUxgxjuAmZG5","batch":[{"event":"app end","properties":{"$set":{"sdk_region_id":"es-MX","sdk_region_name":"Mexico","sdk_language":"Spanish","sdk_os_architecture":"X64","sdk_time_zone":"Central Standard Time (Mexico)","product_version":"1.0.0"},"$os":"WINDOWS","$os_name":"WINDOWS","$session_id":"4e002e73-84d2-41ab-a488-505311cd766e_5b8bf386-b6d3-4cec-a734-81a446247b3b","distinct_id":"bd32d41ad3cd5d43e5f6912f7db82b682027b69d","product_name":"UModeler Hub","product_version":"1.0.0","platform_name":"Unity","platform_version":"2022.3.47f1","screen_width":1920,"screen_height":1080,"viewport_width":1105,"viewport_height":243,"unity_systeminfo_language":"Spanish","unity_systeminfo_os":"Windows 10  (10.0.19045) 64bit","unity_systeminfo_graphicsDeviceType":"Direct3D11","unity_systeminfo_graphicsDeviceVendor":"Intel","unity_systeminfo_graphicsDeviceName":"Intel(R) UHD Graphics 750","unity_systeminfo_deviceType":"Desktop","unity_systeminfo_processorType":"11th Gen Intel(R) Core(TM) i7-11700 @ 2.50GHz"},"timestamp":"2024-10-14T17:24:01.2010375Z"}]}
[14/10/2024 11:24:01 a. m.] [Debug] [HubAnalytics] PosthogClient.BatchAsync: Sent 1 queue item(s).
[14/10/2024 11:24:01 a. m.] [Debug] [Application] Service Release: Tripolygon.UModeler.Hub.HubAnalyticsService
[14/10/2024 11:24:01 a. m.] [Debug] [Application] Service Release: Tripolygon.UModeler.Hub.HubFlashService
[14/10/2024 11:24:01 a. m.] [Debug] [Application] Service Release: Tripolygon.UModeler.Editor.UI.UnityEditorApplicationUtilityService
[14/10/2024 11:24:01 a. m.] [Debug] [Application] Service Release: Tripolygon.UModeler.Hub.HubService
[14/10/2024 11:24:01 a. m.] [Debug] [Application] Service Release: Tripolygon.UModeler.Editor.UI.UnityEditorApplicationCache
[14/10/2024 11:24:01 a. m.] [Debug] [Application] Service Release: Tripolygon.UModeler.Hub.HubAuthentication
