[11/2/2024 12:08:17 PM] [Debug] [Application] service: Tripolygon.UModeler.Hub.HubAuthentication = Tripolygon.UModeler.Hub.HubAuthentication
[11/2/2024 12:08:17 PM] [Debug] [Application] service: Tripolygon.UModeler.UI.IApplicationCache = Tripolygon.UModeler.Editor.UI.UnityEditorApplicationCache
[11/2/2024 12:08:17 PM] [Debug] [Application] service: Tripolygon.UModeler.Hub.IHubService = Tripolygon.UModeler.Hub.HubService
[11/2/2024 12:08:17 PM] [Debug] [Application] service: Tripolygon.UModeler.Authentication.IAuthenticationApiProvider = Tripolygon.UModeler.Editor.AuthenticationApiProviderService
[11/2/2024 12:08:17 PM] [Debug] [Application] service: Tripolygon.UModeler.UI.IObjectHierarchyService = Tripolygon.UModeler.Editor.UI.UnityEditorObjectHierarchyService
[11/2/2024 12:08:17 PM] [Debug] [Application] service: Tripolygon.UModeler.UI.ITextureProvider = Tripolygon.UModeler.Editor.UI.UnityEditorTextureProvider
[11/2/2024 12:08:17 PM] [Debug] [Application] service: Tripolygon.UModeler.UI.IApplicationUtilityService = Tripolygon.UModeler.Editor.UI.UnityEditorApplicationUtilityService
[11/2/2024 12:08:17 PM] [Debug] [Application] service: Tripolygon.UModeler.Editor.UI.ApplicationSettings = Tripolygon.UModeler.Editor.UI.ApplicationSettings
[11/2/2024 12:08:17 PM] [Debug] [Application] service: Tripolygon.UModeler.Hub.Resources.IResourcesApiProvider = Tripolygon.UModeler.Hub.ResourcesApiProviderService
[11/2/2024 12:08:17 PM] [Debug] [Application] service: Tripolygon.UModeler.Hub.HubFlashService = Tripolygon.UModeler.Hub.HubFlashService
[11/2/2024 12:08:17 PM] [Debug] [Application] service: Tripolygon.UModeler.Hub.IHubAnalyticsService = Tripolygon.UModeler.Hub.HubAnalyticsService
[11/2/2024 12:08:17 PM] [Debug] [Application] service: Tripolygon.UModeler.Hub.VSAttributionService = Tripolygon.UModeler.Hub.VSAttributionService
[11/2/2024 12:08:17 PM] [Debug] [Application] service: Tripolygon.UModeler.Hub.Notifications.UpdateHubNotifier = Tripolygon.UModeler.Hub.Notifications.UpdateHubNotifier
[11/2/2024 12:08:17 PM] [Debug] [Application] service: Tripolygon.UModeler.Hub.Notifications.UpdateProductNotifier = Tripolygon.UModeler.Hub.Notifications.UpdateProductNotifier
[11/2/2024 12:08:17 PM] [Debug] [Application] service: Tripolygon.UModeler.Hub.INoticeService = Tripolygon.UModeler.Hub.Noticies.NoticeService
[11/2/2024 12:08:17 PM] [Debug] [Application] service: Tripolygon.UModeler.Hub.Views.SceneViews.HubSceneViewService = Tripolygon.UModeler.Hub.Views.SceneViews.HubSceneViewService
[11/2/2024 12:08:18 PM] [Debug] [Application] Initialize: isReloading=False
[11/2/2024 12:08:18 PM] [Debug] [Application] Service Initialize: Tripolygon.UModeler.Hub.HubAuthentication
[11/2/2024 12:08:18 PM] [Debug] [Application] Service Initialize: Tripolygon.UModeler.Editor.UI.UnityEditorApplicationCache
[11/2/2024 12:08:18 PM] [Debug] [Application] Service Initialize: Tripolygon.UModeler.Hub.HubService
[11/2/2024 12:08:18 PM] [Debug] [Application] Service Initialize: Tripolygon.UModeler.Editor.UI.UnityEditorApplicationUtilityService
[11/2/2024 12:08:18 PM] [Debug] [Application] Service Initialize: Tripolygon.UModeler.Hub.HubFlashService
[11/2/2024 12:08:18 PM] [Debug] [HubAnalytics] PosthogClient.SetAutoFlush: Value Changed: True
[11/2/2024 12:08:18 PM] [Debug] [Application] Service Initialize: Tripolygon.UModeler.Hub.HubAnalyticsService
[11/2/2024 12:08:18 PM] [Debug] [Application] Service Initialize: Tripolygon.UModeler.Hub.VSAttributionService
[11/2/2024 12:08:18 PM] [Debug] [Application] Service Initialize: Tripolygon.UModeler.Hub.Notifications.UpdateHubNotifier
[11/2/2024 12:08:18 PM] [Debug] [Application] Service Initialize: Tripolygon.UModeler.Hub.Notifications.UpdateProductNotifier
[11/2/2024 12:08:18 PM] [Debug] [Application] Service Initialize: Tripolygon.UModeler.Hub.Noticies.NoticeService
[11/2/2024 12:08:18 PM] [Debug] [Application] Service Initialize: Tripolygon.UModeler.Hub.Views.SceneViews.HubSceneViewService
[11/2/2024 12:08:25 PM] [Debug] [HubAnalytics] OnAppStart
[11/2/2024 12:08:28 PM] [Debug] [HubAnalytics] PosthogClient.BatchAsync: Sending Queue Items={"api_key":"phc_DQ6tsN03HRXTr9hNBfi3DierOY5Y0SisUxgxjuAmZG5","batch":[{"event":"app start","properties":{"$set":{"sdk_region_id":"en-US","sdk_region_name":"United States","sdk_language":"English","sdk_os_architecture":"X64","sdk_time_zone":"Central Standard Time (Mexico)","product_version":"1.0.0","platform_account_id":"anonymous","platform_account_name":"TcEcG6sEt764WxG7Jp6uwGu/B/S6sDj9wJxn/jurE48bG9cJR4fltWBxGW13Y8H8qWa3Xla8fLdt4JWviqUO+uPt28q9iq1976uEtzivNqPgGSdX9txl3L0F4A+6sKucJ6XdtvEUWc5SwKxaCoTyVemENsHGAnBpA+LxPVt2AxJXCN3w0FE2D+7Q3IQTyRY8ybiCplSK8P+lftiKdx/ti9uoMtK/jIceb+XeznTJP5kEZ03ZsPBPLmYDnBMqHRpWT9Qt2tiQBKdeMkcHJA7DYyP43tntmSschdc8mUuwYWOPylUA5L0xSyK7g0CtMxvGNFNm7lgnlC+DUjDhpNzuIA=="},"$os":"WINDOWS","$os_name":"WINDOWS","$session_id":"137ff880-acc8-4885-b1ef-c2e21d13ed7c_739e7276-d455-4594-9c41-37ca2df72044","distinct_id":"24a573d4f202c6154c6a6e2b713f44c75fcf05f2","product_name":"UModeler Hub","product_version":"1.0.0","platform_name":"Unity","platform_version":"2022.3.47f1","screen_width":1920,"screen_height":1080,"viewport_width":1100,"viewport_height":316,"unity_systeminfo_language":"English","unity_systeminfo_os":"Windows 11  (10.0.22631) 64bit","unity_systeminfo_graphicsDeviceType":"Direct3D11","unity_systeminfo_graphicsDeviceVendor":"Intel","unity_systeminfo_graphicsDeviceName":"Intel(R) Iris(R) Xe Graphics","unity_systeminfo_deviceType":"Desktop","unity_systeminfo_processorType":"11th Gen Intel(R) Core(TM) i5-1135G7 @ 2.40GHz"},"timestamp":"2024-11-02T18:08:25.3384424Z"}]}
[11/2/2024 12:08:28 PM] [Error] [HubAnalytics] PosthogClient.BatchAsync: HTTP Error. e=System.Net.Http.HttpRequestException: An error occurred while sending the request ---> System.Net.WebException: Error: NameResolutionFailure
  at System.Net.WebConnection.Connect (System.Net.WebOperation operation, System.Threading.CancellationToken cancellationToken) [0x00044] in <b665a8ea08a24cdcbf55a3574a742718>:0 
  at System.Net.WebConnection.InitConnection (System.Net.WebOperation operation, System.Threading.CancellationToken cancellationToken) [0x000cc] in <b665a8ea08a24cdcbf55a3574a742718>:0 
  at System.Net.WebOperation.Run () [0x0009a] in <b665a8ea08a24cdcbf55a3574a742718>:0 
  at System.Net.WebCompletionSource`1[T].WaitForCompletion () [0x00094] in <b665a8ea08a24cdcbf55a3574a742718>:0 
  at System.Net.HttpWebRequest.RunWithTimeoutWorker[T] (System.Threading.Tasks.Task`1[TResult] workerTask, System.Int32 timeout, System.Action abort, System.Func`1[TResult] aborted, System.Threading.CancellationTokenSource cts) [0x000f8] in <b665a8ea08a24cdcbf55a3574a742718>:0 
  at System.Net.Http.MonoWebRequestHandler.SendAsync (System.Net.Http.HttpRequestMessage request, System.Threading.CancellationToken cancellationToken) [0x00378] in <848aa53adbc84e03ae8ef41ea74d2613>:0 
   --- End of inner exception stack trace ---
  at System.Net.Http.MonoWebRequestHandler.SendAsync (System.Net.Http.HttpRequestMessage request, System.Threading.CancellationToken cancellationToken) [0x00509] in <848aa53adbc84e03ae8ef41ea74d2613>:0 
  at System.Net.Http.HttpClient.SendAsyncWorker (System.Net.Http.HttpRequestMessage request, System.Net.Http.HttpCompletionOption completionOption, System.Threading.CancellationToken cancellationToken) [0x000e8] in <848aa53adbc84e03ae8ef41ea74d2613>:0 
  at Tripolygon.Backend.Sdk.Tracking.Posthog.PosthogClient.BatchAsync (Tripolygon.Backend.Sdk.Tracking.IBatchHttpBody body) [0x0012e] in <4f2314f756bb499caad31a6d83ea16f5>:0 
[11/2/2024 12:09:05 PM] [Debug] [Application] Release: isReloading=True
[11/2/2024 12:09:05 PM] [Debug] [Application] Service Release: Tripolygon.UModeler.Hub.Views.SceneViews.HubSceneViewService
[11/2/2024 12:09:05 PM] [Debug] [Application] Service Release: Tripolygon.UModeler.Hub.Noticies.NoticeService
[11/2/2024 12:09:05 PM] [Debug] [Application] Service Release: Tripolygon.UModeler.Hub.Notifications.UpdateProductNotifier
[11/2/2024 12:09:05 PM] [Debug] [Application] Service Release: Tripolygon.UModeler.Hub.Notifications.UpdateHubNotifier
[11/2/2024 12:09:05 PM] [Debug] [Application] Service Release: Tripolygon.UModeler.Hub.VSAttributionService
[11/2/2024 12:09:05 PM] [Debug] [HubAnalytics] PosthogClient.SetAutoFlush: Value Changed: False
[11/2/2024 12:09:05 PM] [Debug] [Application] Service Release: Tripolygon.UModeler.Hub.HubAnalyticsService
[11/2/2024 12:09:05 PM] [Debug] [Application] Service Release: Tripolygon.UModeler.Hub.HubFlashService
[11/2/2024 12:09:05 PM] [Debug] [Application] Service Release: Tripolygon.UModeler.Editor.UI.UnityEditorApplicationUtilityService
[11/2/2024 12:09:05 PM] [Debug] [Application] Service Release: Tripolygon.UModeler.Hub.HubService
[11/2/2024 12:09:05 PM] [Debug] [Application] Service Release: Tripolygon.UModeler.Editor.UI.UnityEditorApplicationCache
[11/2/2024 12:09:05 PM] [Debug] [Application] Service Release: Tripolygon.UModeler.Hub.HubAuthentication
[11/2/2024 12:09:07 PM] [Debug] [Application] service: Tripolygon.UModeler.Hub.HubAuthentication = Tripolygon.UModeler.Hub.HubAuthentication
[11/2/2024 12:09:07 PM] [Debug] [Application] service: Tripolygon.UModeler.UI.IApplicationCache = Tripolygon.UModeler.Editor.UI.UnityEditorApplicationCache
[11/2/2024 12:09:07 PM] [Debug] [Application] service: Tripolygon.UModeler.Hub.IHubService = Tripolygon.UModeler.Hub.HubService
[11/2/2024 12:09:07 PM] [Debug] [Application] service: Tripolygon.UModeler.Authentication.IAuthenticationApiProvider = Tripolygon.UModeler.Editor.AuthenticationApiProviderService
[11/2/2024 12:09:07 PM] [Debug] [Application] service: Tripolygon.UModeler.UI.IObjectHierarchyService = Tripolygon.UModeler.Editor.UI.UnityEditorObjectHierarchyService
[11/2/2024 12:09:07 PM] [Debug] [Application] service: Tripolygon.UModeler.UI.ITextureProvider = Tripolygon.UModeler.Editor.UI.UnityEditorTextureProvider
[11/2/2024 12:09:07 PM] [Debug] [Application] service: Tripolygon.UModeler.UI.IApplicationUtilityService = Tripolygon.UModeler.Editor.UI.UnityEditorApplicationUtilityService
[11/2/2024 12:09:08 PM] [Debug] [Application] service: Tripolygon.UModeler.Editor.UI.ApplicationSettings = Tripolygon.UModeler.Editor.UI.ApplicationSettings
[11/2/2024 12:09:08 PM] [Debug] [Application] service: Tripolygon.UModeler.Hub.Resources.IResourcesApiProvider = Tripolygon.UModeler.Hub.ResourcesApiProviderService
[11/2/2024 12:09:08 PM] [Debug] [Application] service: Tripolygon.UModeler.Hub.HubFlashService = Tripolygon.UModeler.Hub.HubFlashService
[11/2/2024 12:09:08 PM] [Debug] [Application] service: Tripolygon.UModeler.Hub.IHubAnalyticsService = Tripolygon.UModeler.Hub.HubAnalyticsService
[11/2/2024 12:09:08 PM] [Debug] [Application] service: Tripolygon.UModeler.Hub.VSAttributionService = Tripolygon.UModeler.Hub.VSAttributionService
[11/2/2024 12:09:08 PM] [Debug] [Application] service: Tripolygon.UModeler.Hub.Notifications.UpdateHubNotifier = Tripolygon.UModeler.Hub.Notifications.UpdateHubNotifier
[11/2/2024 12:09:08 PM] [Debug] [Application] service: Tripolygon.UModeler.Hub.Notifications.UpdateProductNotifier = Tripolygon.UModeler.Hub.Notifications.UpdateProductNotifier
[11/2/2024 12:09:08 PM] [Debug] [Application] service: Tripolygon.UModeler.Hub.INoticeService = Tripolygon.UModeler.Hub.Noticies.NoticeService
[11/2/2024 12:09:08 PM] [Debug] [Application] service: Tripolygon.UModeler.Hub.Views.SceneViews.HubSceneViewService = Tripolygon.UModeler.Hub.Views.SceneViews.HubSceneViewService
[11/2/2024 12:09:08 PM] [Debug] [Application] Initialize: isReloading=True
[11/2/2024 12:09:08 PM] [Debug] [Application] Service Initialize: Tripolygon.UModeler.Hub.HubAuthentication
[11/2/2024 12:09:08 PM] [Debug] [Application] Service Initialize: Tripolygon.UModeler.Editor.UI.UnityEditorApplicationCache
[11/2/2024 12:09:08 PM] [Debug] [Application] Service Initialize: Tripolygon.UModeler.Hub.HubService
[11/2/2024 12:09:08 PM] [Debug] [Application] Service Initialize: Tripolygon.UModeler.Editor.UI.UnityEditorApplicationUtilityService
[11/2/2024 12:09:08 PM] [Debug] [Application] Service Initialize: Tripolygon.UModeler.Hub.HubFlashService
[11/2/2024 12:09:08 PM] [Debug] [HubAnalytics] PosthogClient.SetAutoFlush: Value Changed: True
[11/2/2024 12:09:08 PM] [Debug] [Application] Service Initialize: Tripolygon.UModeler.Hub.HubAnalyticsService
[11/2/2024 12:09:08 PM] [Debug] [Application] Service Initialize: Tripolygon.UModeler.Hub.VSAttributionService
[11/2/2024 12:09:08 PM] [Debug] [Application] Service Initialize: Tripolygon.UModeler.Hub.Notifications.UpdateHubNotifier
[11/2/2024 12:09:08 PM] [Debug] [Application] Service Initialize: Tripolygon.UModeler.Hub.Notifications.UpdateProductNotifier
[11/2/2024 12:09:08 PM] [Debug] [Application] Service Initialize: Tripolygon.UModeler.Hub.Noticies.NoticeService
[11/2/2024 12:09:08 PM] [Debug] [Application] Service Initialize: Tripolygon.UModeler.Hub.Views.SceneViews.HubSceneViewService
[11/3/2024 7:33:15 PM] [Debug] [Application] Release: isReloading=False
[11/3/2024 7:33:15 PM] [Debug] [Application] Service Release: Tripolygon.UModeler.Hub.Views.SceneViews.HubSceneViewService
[11/3/2024 7:33:15 PM] [Debug] [Application] Service Release: Tripolygon.UModeler.Hub.Noticies.NoticeService
[11/3/2024 7:33:15 PM] [Debug] [Application] Service Release: Tripolygon.UModeler.Hub.Notifications.UpdateProductNotifier
[11/3/2024 7:33:15 PM] [Debug] [Application] Service Release: Tripolygon.UModeler.Hub.Notifications.UpdateHubNotifier
[11/3/2024 7:33:15 PM] [Debug] [Application] Service Release: Tripolygon.UModeler.Hub.VSAttributionService
[11/3/2024 7:33:15 PM] [Debug] [HubAnalytics] OnAppEnd
[11/3/2024 7:33:15 PM] [Debug] [HubAnalytics] PosthogClient.SetAutoFlush: Value Changed: False
[11/3/2024 7:33:15 PM] [Debug] [HubAnalytics] PosthogClient.BatchAsync: Sending Queue Items={"api_key":"phc_DQ6tsN03HRXTr9hNBfi3DierOY5Y0SisUxgxjuAmZG5","batch":[{"event":"app end","properties":{"$set":{"sdk_region_id":"en-US","sdk_region_name":"United States","sdk_language":"English","sdk_os_architecture":"X64","sdk_time_zone":"Central Standard Time (Mexico)","product_version":"1.0.0"},"$os":"WINDOWS","$os_name":"WINDOWS","$session_id":"c4f6d09d-04f9-4d5a-94ae-6e2f41916127_e121bae2-97dc-4a75-9636-28d915978b62","distinct_id":"24a573d4f202c6154c6a6e2b713f44c75fcf05f2","product_name":"UModeler Hub","product_version":"1.0.0","platform_name":"Unity","platform_version":"2022.3.47f1","screen_width":1920,"screen_height":1080,"viewport_width":1100,"viewport_height":204,"unity_systeminfo_language":"English","unity_systeminfo_os":"Windows 11  (10.0.22631) 64bit","unity_systeminfo_graphicsDeviceType":"Direct3D11","unity_systeminfo_graphicsDeviceVendor":"Intel","unity_systeminfo_graphicsDeviceName":"Intel(R) Iris(R) Xe Graphics","unity_systeminfo_deviceType":"Desktop","unity_systeminfo_processorType":"11th Gen Intel(R) Core(TM) i5-1135G7 @ 2.40GHz"},"timestamp":"2024-11-04T01:33:15.6869349Z"}]}
[11/3/2024 7:33:16 PM] [Debug] [HubAnalytics] PosthogClient.BatchAsync: Sent 1 queue item(s).
[11/3/2024 7:33:16 PM] [Debug] [Application] Service Release: Tripolygon.UModeler.Hub.HubAnalyticsService
[11/3/2024 7:33:16 PM] [Debug] [Application] Service Release: Tripolygon.UModeler.Hub.HubFlashService
[11/3/2024 7:33:16 PM] [Debug] [Application] Service Release: Tripolygon.UModeler.Editor.UI.UnityEditorApplicationUtilityService
[11/3/2024 7:33:16 PM] [Debug] [Application] Service Release: Tripolygon.UModeler.Hub.HubService
[11/3/2024 7:33:16 PM] [Debug] [Application] Service Release: Tripolygon.UModeler.Editor.UI.UnityEditorApplicationCache
[11/3/2024 7:33:16 PM] [Debug] [Application] Service Release: Tripolygon.UModeler.Hub.HubAuthentication
