[10/10/2024 10:05:07 a. m.] [Debug] [Application] service: Tripolygon.UModeler.Hub.HubAuthentication = Tripolygon.UModeler.Hub.HubAuthentication
[10/10/2024 10:05:07 a. m.] [Debug] [Application] service: Tripolygon.UModeler.UI.IApplicationCache = Tripolygon.UModeler.Editor.UI.UnityEditorApplicationCache
[10/10/2024 10:05:07 a. m.] [Debug] [Application] service: Tripolygon.UModeler.Hub.IHubService = Tripolygon.UModeler.Hub.HubService
[10/10/2024 10:05:07 a. m.] [Debug] [Application] service: Tripolygon.UModeler.Authentication.IAuthenticationApiProvider = Tripolygon.UModeler.Editor.AuthenticationApiProviderService
[10/10/2024 10:05:07 a. m.] [Debug] [Application] service: Tripolygon.UModeler.UI.IObjectHierarchyService = Tripolygon.UModeler.Editor.UI.UnityEditorObjectHierarchyService
[10/10/2024 10:05:07 a. m.] [Debug] [Application] service: Tripolygon.UModeler.UI.ITextureProvider = Tripolygon.UModeler.Editor.UI.UnityEditorTextureProvider
[10/10/2024 10:05:07 a. m.] [Debug] [Application] service: Tripolygon.UModeler.UI.IApplicationUtilityService = Tripolygon.UModeler.Editor.UI.UnityEditorApplicationUtilityService
[10/10/2024 10:05:07 a. m.] [Debug] [Application] service: Tripolygon.UModeler.Editor.UI.ApplicationSettings = Tripolygon.UModeler.Editor.UI.ApplicationSettings
[10/10/2024 10:05:07 a. m.] [Debug] [Application] service: Tripolygon.UModeler.Hub.Resources.IResourcesApiProvider = Tripolygon.UModeler.Hub.ResourcesApiProviderService
[10/10/2024 10:05:07 a. m.] [Debug] [Application] service: Tripolygon.UModeler.Hub.HubFlashService = Tripolygon.UModeler.Hub.HubFlashService
[10/10/2024 10:05:07 a. m.] [Debug] [Application] service: Tripolygon.UModeler.Hub.IHubAnalyticsService = Tripolygon.UModeler.Hub.HubAnalyticsService
[10/10/2024 10:05:07 a. m.] [Debug] [Application] service: Tripolygon.UModeler.Hub.VSAttributionService = Tripolygon.UModeler.Hub.VSAttributionService
[10/10/2024 10:05:07 a. m.] [Debug] [Application] service: Tripolygon.UModeler.Hub.Notifications.UpdateHubNotifier = Tripolygon.UModeler.Hub.Notifications.UpdateHubNotifier
[10/10/2024 10:05:07 a. m.] [Debug] [Application] service: Tripolygon.UModeler.Hub.Notifications.UpdateProductNotifier = Tripolygon.UModeler.Hub.Notifications.UpdateProductNotifier
[10/10/2024 10:05:07 a. m.] [Debug] [Application] service: Tripolygon.UModeler.Hub.INoticeService = Tripolygon.UModeler.Hub.Noticies.NoticeService
[10/10/2024 10:05:07 a. m.] [Debug] [Application] service: Tripolygon.UModeler.Hub.Views.SceneViews.HubSceneViewService = Tripolygon.UModeler.Hub.Views.SceneViews.HubSceneViewService
[10/10/2024 10:05:07 a. m.] [Debug] [Application] Initialize: isReloading=False
[10/10/2024 10:05:07 a. m.] [Debug] [Application] Service Initialize: Tripolygon.UModeler.Hub.HubAuthentication
[10/10/2024 10:05:07 a. m.] [Debug] [Application] Service Initialize: Tripolygon.UModeler.Editor.UI.UnityEditorApplicationCache
[10/10/2024 10:05:08 a. m.] [Debug] [Application] Service Initialize: Tripolygon.UModeler.Hub.HubService
[10/10/2024 10:05:08 a. m.] [Debug] [Application] Service Initialize: Tripolygon.UModeler.Editor.UI.UnityEditorApplicationUtilityService
[10/10/2024 10:05:08 a. m.] [Debug] [Application] Service Initialize: Tripolygon.UModeler.Hub.HubFlashService
[10/10/2024 10:05:08 a. m.] [Debug] [HubAnalytics] PosthogClient.SetAutoFlush: Value Changed: True
[10/10/2024 10:05:08 a. m.] [Debug] [Application] Service Initialize: Tripolygon.UModeler.Hub.HubAnalyticsService
[10/10/2024 10:05:08 a. m.] [Debug] [Application] Service Initialize: Tripolygon.UModeler.Hub.VSAttributionService
[10/10/2024 10:05:08 a. m.] [Debug] [Application] Service Initialize: Tripolygon.UModeler.Hub.Notifications.UpdateHubNotifier
[10/10/2024 10:05:08 a. m.] [Debug] [Application] Service Initialize: Tripolygon.UModeler.Hub.Notifications.UpdateProductNotifier
[10/10/2024 10:05:08 a. m.] [Debug] [Application] Service Initialize: Tripolygon.UModeler.Hub.Noticies.NoticeService
[10/10/2024 10:05:08 a. m.] [Debug] [Application] Service Initialize: Tripolygon.UModeler.Hub.Views.SceneViews.HubSceneViewService
[10/10/2024 10:05:12 a. m.] [Debug] [HubAnalytics] OnAppStart
[10/10/2024 10:05:18 a. m.] [Debug] [HubAnalytics] PosthogClient.BatchAsync: Sending Queue Items={"api_key":"phc_DQ6tsN03HRXTr9hNBfi3DierOY5Y0SisUxgxjuAmZG5","batch":[{"event":"app start","properties":{"$set":{"sdk_region_id":"es-MX","sdk_region_name":"Mexico","sdk_language":"Spanish","sdk_os_architecture":"X64","sdk_time_zone":"Central Standard Time (Mexico)","product_version":"1.0.0","platform_account_id":"anonymous","platform_account_name":"IF0NNswdWoHcYP2rxA7lFCY88JKGoqYE3MdEKm/9zN/30ngvYbDI8JRTgig8kzLJV2wmZ8Z6mQt9YjMkKNBUjBDaJ1egOx0WA5KkNGiqp0it7cYYSUHvlGp6H0WpzEyqmLMqypyy91VVTmGvgfHdOk/4abQiXk37s3r5ZQFEMpu4pCQDuyuW1sEW91hOxPsFX7TLbctG2n81wUlayioe2XyyStHjX1QihX1U5lFjltm53AKIRHIdLwaUr92vGdKjrwMUnmoqgd6PlJCH82hskoT8CRjPi/ZIrCkhKcVuczZ9T4UEEnsUXOjkfk9g4xZaNL76TFAOCa582TEpe1yWyA=="},"$os":"WINDOWS","$os_name":"WINDOWS","$session_id":"fa2938cc-3af1-4848-97f9-c42c5f398f29_cf038b5b-66b3-4a80-858e-8e757861793b","distinct_id":"bd32d41ad3cd5d43e5f6912f7db82b682027b69d","product_name":"UModeler Hub","product_version":"1.0.0","platform_name":"Unity","platform_version":"2022.3.47f1","screen_width":1920,"screen_height":1080,"viewport_width":708,"viewport_height":419,"unity_systeminfo_language":"Spanish","unity_systeminfo_os":"Windows 10  (10.0.19045) 64bit","unity_systeminfo_graphicsDeviceType":"Direct3D11","unity_systeminfo_graphicsDeviceVendor":"Intel","unity_systeminfo_graphicsDeviceName":"Intel(R) UHD Graphics 750","unity_systeminfo_deviceType":"Desktop","unity_systeminfo_processorType":"11th Gen Intel(R) Core(TM) i7-11700 @ 2.50GHz"},"timestamp":"2024-10-10T16:05:12.157835Z"}]}
[10/10/2024 10:05:18 a. m.] [Debug] [HubAnalytics] PosthogClient.BatchAsync: Sent 1 queue item(s).
[10/10/2024 10:06:55 a. m.] [Debug] [Application] service: Tripolygon.UModeler.Hub.HubAuthentication = Tripolygon.UModeler.Hub.HubAuthentication
[10/10/2024 10:06:55 a. m.] [Debug] [Application] service: Tripolygon.UModeler.UI.IApplicationCache = Tripolygon.UModeler.Editor.UI.UnityEditorApplicationCache
[10/10/2024 10:06:55 a. m.] [Debug] [Application] service: Tripolygon.UModeler.Hub.IHubService = Tripolygon.UModeler.Hub.HubService
[10/10/2024 10:06:55 a. m.] [Debug] [Application] service: Tripolygon.UModeler.Authentication.IAuthenticationApiProvider = Tripolygon.UModeler.Editor.AuthenticationApiProviderService
[10/10/2024 10:06:55 a. m.] [Debug] [Application] service: Tripolygon.UModeler.UI.IObjectHierarchyService = Tripolygon.UModeler.Editor.UI.UnityEditorObjectHierarchyService
[10/10/2024 10:06:55 a. m.] [Debug] [Application] service: Tripolygon.UModeler.UI.ITextureProvider = Tripolygon.UModeler.Editor.UI.UnityEditorTextureProvider
[10/10/2024 10:06:55 a. m.] [Debug] [Application] service: Tripolygon.UModeler.UI.IApplicationUtilityService = Tripolygon.UModeler.Editor.UI.UnityEditorApplicationUtilityService
[10/10/2024 10:06:55 a. m.] [Debug] [Application] service: Tripolygon.UModeler.Editor.UI.ApplicationSettings = Tripolygon.UModeler.Editor.UI.ApplicationSettings
[10/10/2024 10:06:55 a. m.] [Debug] [Application] service: Tripolygon.UModeler.Hub.Resources.IResourcesApiProvider = Tripolygon.UModeler.Hub.ResourcesApiProviderService
[10/10/2024 10:06:55 a. m.] [Debug] [Application] service: Tripolygon.UModeler.Hub.HubFlashService = Tripolygon.UModeler.Hub.HubFlashService
[10/10/2024 10:06:55 a. m.] [Debug] [Application] service: Tripolygon.UModeler.Hub.IHubAnalyticsService = Tripolygon.UModeler.Hub.HubAnalyticsService
[10/10/2024 10:06:55 a. m.] [Debug] [Application] service: Tripolygon.UModeler.Hub.VSAttributionService = Tripolygon.UModeler.Hub.VSAttributionService
[10/10/2024 10:06:55 a. m.] [Debug] [Application] service: Tripolygon.UModeler.Hub.Notifications.UpdateHubNotifier = Tripolygon.UModeler.Hub.Notifications.UpdateHubNotifier
[10/10/2024 10:06:55 a. m.] [Debug] [Application] service: Tripolygon.UModeler.Hub.Notifications.UpdateProductNotifier = Tripolygon.UModeler.Hub.Notifications.UpdateProductNotifier
[10/10/2024 10:06:55 a. m.] [Debug] [Application] service: Tripolygon.UModeler.Hub.INoticeService = Tripolygon.UModeler.Hub.Noticies.NoticeService
[10/10/2024 10:06:55 a. m.] [Debug] [Application] service: Tripolygon.UModeler.Hub.Views.SceneViews.HubSceneViewService = Tripolygon.UModeler.Hub.Views.SceneViews.HubSceneViewService
[10/10/2024 10:06:55 a. m.] [Debug] [Application] Initialize: isReloading=False
[10/10/2024 10:06:55 a. m.] [Debug] [Application] Service Initialize: Tripolygon.UModeler.Hub.HubAuthentication
[10/10/2024 10:06:55 a. m.] [Debug] [Application] Service Initialize: Tripolygon.UModeler.Editor.UI.UnityEditorApplicationCache
[10/10/2024 10:06:55 a. m.] [Debug] [Application] Service Initialize: Tripolygon.UModeler.Hub.HubService
[10/10/2024 10:06:55 a. m.] [Debug] [Application] Service Initialize: Tripolygon.UModeler.Editor.UI.UnityEditorApplicationUtilityService
[10/10/2024 10:06:55 a. m.] [Debug] [Application] Service Initialize: Tripolygon.UModeler.Hub.HubFlashService
[10/10/2024 10:06:55 a. m.] [Debug] [HubAnalytics] PosthogClient.SetAutoFlush: Value Changed: True
[10/10/2024 10:06:55 a. m.] [Debug] [Application] Service Initialize: Tripolygon.UModeler.Hub.HubAnalyticsService
[10/10/2024 10:06:55 a. m.] [Debug] [Application] Service Initialize: Tripolygon.UModeler.Hub.VSAttributionService
[10/10/2024 10:06:55 a. m.] [Debug] [Application] Service Initialize: Tripolygon.UModeler.Hub.Notifications.UpdateHubNotifier
[10/10/2024 10:06:55 a. m.] [Debug] [Application] Service Initialize: Tripolygon.UModeler.Hub.Notifications.UpdateProductNotifier
[10/10/2024 10:06:55 a. m.] [Debug] [Application] Service Initialize: Tripolygon.UModeler.Hub.Noticies.NoticeService
[10/10/2024 10:06:55 a. m.] [Debug] [Application] Service Initialize: Tripolygon.UModeler.Hub.Views.SceneViews.HubSceneViewService
[10/10/2024 10:06:55 a. m.] [Debug] [Application] service: Tripolygon.UModeler.Hub.HubAuthentication = Tripolygon.UModeler.Hub.HubAuthentication
[10/10/2024 10:06:55 a. m.] [Debug] [Application] service: Tripolygon.UModeler.UI.IApplicationCache = Tripolygon.UModeler.Editor.UI.UnityEditorApplicationCache
[10/10/2024 10:06:55 a. m.] [Debug] [Application] service: Tripolygon.UModeler.Hub.IHubService = Tripolygon.UModeler.Hub.HubService
[10/10/2024 10:06:55 a. m.] [Debug] [Application] service: Tripolygon.UModeler.Authentication.IAuthenticationApiProvider = Tripolygon.UModeler.Editor.AuthenticationApiProviderService
[10/10/2024 10:06:55 a. m.] [Debug] [Application] service: Tripolygon.UModeler.UI.IObjectHierarchyService = Tripolygon.UModeler.Editor.UI.UnityEditorObjectHierarchyService
[10/10/2024 10:06:55 a. m.] [Debug] [Application] service: Tripolygon.UModeler.UI.ITextureProvider = Tripolygon.UModeler.Editor.UI.UnityEditorTextureProvider
[10/10/2024 10:06:55 a. m.] [Debug] [Application] service: Tripolygon.UModeler.UI.IApplicationUtilityService = Tripolygon.UModeler.Editor.UI.UnityEditorApplicationUtilityService
[10/10/2024 10:06:55 a. m.] [Debug] [Application] service: Tripolygon.UModeler.Editor.UI.ApplicationSettings = Tripolygon.UModeler.Editor.UI.ApplicationSettings
[10/10/2024 10:06:55 a. m.] [Debug] [Application] service: Tripolygon.UModeler.Hub.Resources.IResourcesApiProvider = Tripolygon.UModeler.Hub.ResourcesApiProviderService
[10/10/2024 10:06:55 a. m.] [Debug] [Application] service: Tripolygon.UModeler.Hub.HubFlashService = Tripolygon.UModeler.Hub.HubFlashService
[10/10/2024 10:06:55 a. m.] [Debug] [Application] service: Tripolygon.UModeler.Hub.IHubAnalyticsService = Tripolygon.UModeler.Hub.HubAnalyticsService
[10/10/2024 10:06:55 a. m.] [Debug] [Application] service: Tripolygon.UModeler.Hub.VSAttributionService = Tripolygon.UModeler.Hub.VSAttributionService
[10/10/2024 10:06:55 a. m.] [Debug] [Application] service: Tripolygon.UModeler.Hub.Notifications.UpdateHubNotifier = Tripolygon.UModeler.Hub.Notifications.UpdateHubNotifier
[10/10/2024 10:06:55 a. m.] [Debug] [Application] service: Tripolygon.UModeler.Hub.Notifications.UpdateProductNotifier = Tripolygon.UModeler.Hub.Notifications.UpdateProductNotifier
[10/10/2024 10:06:55 a. m.] [Debug] [Application] service: Tripolygon.UModeler.Hub.INoticeService = Tripolygon.UModeler.Hub.Noticies.NoticeService
[10/10/2024 10:06:55 a. m.] [Debug] [Application] service: Tripolygon.UModeler.Hub.Views.SceneViews.HubSceneViewService = Tripolygon.UModeler.Hub.Views.SceneViews.HubSceneViewService
[10/10/2024 10:06:55 a. m.] [Debug] [Application] Initialize: isReloading=False
[10/10/2024 10:06:55 a. m.] [Debug] [Application] Service Initialize: Tripolygon.UModeler.Hub.HubAuthentication
[10/10/2024 10:06:55 a. m.] [Debug] [Application] Service Initialize: Tripolygon.UModeler.Editor.UI.UnityEditorApplicationCache
[10/10/2024 10:06:55 a. m.] [Debug] [Application] Service Initialize: Tripolygon.UModeler.Hub.HubService
[10/10/2024 10:06:55 a. m.] [Debug] [Application] Service Initialize: Tripolygon.UModeler.Editor.UI.UnityEditorApplicationUtilityService
[10/10/2024 10:06:55 a. m.] [Debug] [Application] Service Initialize: Tripolygon.UModeler.Hub.HubFlashService
[10/10/2024 10:06:55 a. m.] [Debug] [HubAnalytics] PosthogClient.SetAutoFlush: Value Changed: True
[10/10/2024 10:06:55 a. m.] [Debug] [Application] Service Initialize: Tripolygon.UModeler.Hub.HubAnalyticsService
[10/10/2024 10:06:55 a. m.] [Debug] [Application] Service Initialize: Tripolygon.UModeler.Hub.VSAttributionService
[10/10/2024 10:06:55 a. m.] [Debug] [Application] Service Initialize: Tripolygon.UModeler.Hub.Notifications.UpdateHubNotifier
[10/10/2024 10:06:55 a. m.] [Debug] [Application] Service Initialize: Tripolygon.UModeler.Hub.Notifications.UpdateProductNotifier
[10/10/2024 10:06:55 a. m.] [Debug] [Application] Service Initialize: Tripolygon.UModeler.Hub.Noticies.NoticeService
[10/10/2024 10:06:56 a. m.] [Debug] [Application] Service Initialize: Tripolygon.UModeler.Hub.Views.SceneViews.HubSceneViewService
[10/10/2024 10:08:21 a. m.] [Debug] [Application] Release: isReloading=True
[10/10/2024 10:08:21 a. m.] [Debug] [Application] Service Release: Tripolygon.UModeler.Hub.Views.SceneViews.HubSceneViewService
[10/10/2024 10:08:21 a. m.] [Debug] [Application] Service Release: Tripolygon.UModeler.Hub.Noticies.NoticeService
[10/10/2024 10:08:21 a. m.] [Debug] [Application] Service Release: Tripolygon.UModeler.Hub.Notifications.UpdateProductNotifier
[10/10/2024 10:08:21 a. m.] [Debug] [Application] Service Release: Tripolygon.UModeler.Hub.Notifications.UpdateHubNotifier
[10/10/2024 10:08:21 a. m.] [Debug] [Application] Service Release: Tripolygon.UModeler.Hub.VSAttributionService
[10/10/2024 10:08:21 a. m.] [Debug] [HubAnalytics] PosthogClient.SetAutoFlush: Value Changed: False
[10/10/2024 10:08:21 a. m.] [Debug] [Application] Service Release: Tripolygon.UModeler.Hub.HubAnalyticsService
[10/10/2024 10:08:21 a. m.] [Debug] [Application] Service Release: Tripolygon.UModeler.Hub.HubFlashService
[10/10/2024 10:08:21 a. m.] [Debug] [Application] Service Release: Tripolygon.UModeler.Editor.UI.UnityEditorApplicationUtilityService
[10/10/2024 10:08:21 a. m.] [Debug] [Application] Service Release: Tripolygon.UModeler.Hub.HubService
[10/10/2024 10:08:21 a. m.] [Debug] [Application] Service Release: Tripolygon.UModeler.Editor.UI.UnityEditorApplicationCache
[10/10/2024 10:08:21 a. m.] [Debug] [Application] Service Release: Tripolygon.UModeler.Hub.HubAuthentication
[10/10/2024 10:08:23 a. m.] [Debug] [Application] service: Tripolygon.UModeler.Hub.HubAuthentication = Tripolygon.UModeler.Hub.HubAuthentication
[10/10/2024 10:08:23 a. m.] [Debug] [Application] service: Tripolygon.UModeler.UI.IApplicationCache = Tripolygon.UModeler.Editor.UI.UnityEditorApplicationCache
[10/10/2024 10:08:23 a. m.] [Debug] [Application] service: Tripolygon.UModeler.Hub.IHubService = Tripolygon.UModeler.Hub.HubService
[10/10/2024 10:08:23 a. m.] [Debug] [Application] service: Tripolygon.UModeler.Authentication.IAuthenticationApiProvider = Tripolygon.UModeler.Editor.AuthenticationApiProviderService
[10/10/2024 10:08:23 a. m.] [Debug] [Application] service: Tripolygon.UModeler.UI.IObjectHierarchyService = Tripolygon.UModeler.Editor.UI.UnityEditorObjectHierarchyService
[10/10/2024 10:08:23 a. m.] [Debug] [Application] service: Tripolygon.UModeler.UI.ITextureProvider = Tripolygon.UModeler.Editor.UI.UnityEditorTextureProvider
[10/10/2024 10:08:23 a. m.] [Debug] [Application] service: Tripolygon.UModeler.UI.IApplicationUtilityService = Tripolygon.UModeler.Editor.UI.UnityEditorApplicationUtilityService
[10/10/2024 10:08:23 a. m.] [Debug] [Application] service: Tripolygon.UModeler.Editor.UI.ApplicationSettings = Tripolygon.UModeler.Editor.UI.ApplicationSettings
[10/10/2024 10:08:23 a. m.] [Debug] [Application] service: Tripolygon.UModeler.Hub.Resources.IResourcesApiProvider = Tripolygon.UModeler.Hub.ResourcesApiProviderService
[10/10/2024 10:08:23 a. m.] [Debug] [Application] service: Tripolygon.UModeler.Hub.HubFlashService = Tripolygon.UModeler.Hub.HubFlashService
[10/10/2024 10:08:23 a. m.] [Debug] [Application] service: Tripolygon.UModeler.Hub.IHubAnalyticsService = Tripolygon.UModeler.Hub.HubAnalyticsService
[10/10/2024 10:08:23 a. m.] [Debug] [Application] service: Tripolygon.UModeler.Hub.VSAttributionService = Tripolygon.UModeler.Hub.VSAttributionService
[10/10/2024 10:08:23 a. m.] [Debug] [Application] service: Tripolygon.UModeler.Hub.Notifications.UpdateHubNotifier = Tripolygon.UModeler.Hub.Notifications.UpdateHubNotifier
[10/10/2024 10:08:23 a. m.] [Debug] [Application] service: Tripolygon.UModeler.Hub.Notifications.UpdateProductNotifier = Tripolygon.UModeler.Hub.Notifications.UpdateProductNotifier
[10/10/2024 10:08:23 a. m.] [Debug] [Application] service: Tripolygon.UModeler.Hub.INoticeService = Tripolygon.UModeler.Hub.Noticies.NoticeService
[10/10/2024 10:08:23 a. m.] [Debug] [Application] service: Tripolygon.UModeler.Hub.Views.SceneViews.HubSceneViewService = Tripolygon.UModeler.Hub.Views.SceneViews.HubSceneViewService
[10/10/2024 10:08:23 a. m.] [Debug] [Application] Initialize: isReloading=True
[10/10/2024 10:08:23 a. m.] [Debug] [Application] Service Initialize: Tripolygon.UModeler.Hub.HubAuthentication
[10/10/2024 10:08:23 a. m.] [Debug] [Application] Service Initialize: Tripolygon.UModeler.Editor.UI.UnityEditorApplicationCache
[10/10/2024 10:08:23 a. m.] [Debug] [Application] Service Initialize: Tripolygon.UModeler.Hub.HubService
[10/10/2024 10:08:23 a. m.] [Debug] [Application] Service Initialize: Tripolygon.UModeler.Editor.UI.UnityEditorApplicationUtilityService
[10/10/2024 10:08:23 a. m.] [Debug] [Application] Service Initialize: Tripolygon.UModeler.Hub.HubFlashService
[10/10/2024 10:08:23 a. m.] [Debug] [HubAnalytics] PosthogClient.SetAutoFlush: Value Changed: True
[10/10/2024 10:08:23 a. m.] [Debug] [Application] Service Initialize: Tripolygon.UModeler.Hub.HubAnalyticsService
[10/10/2024 10:08:23 a. m.] [Debug] [Application] Service Initialize: Tripolygon.UModeler.Hub.VSAttributionService
[10/10/2024 10:08:23 a. m.] [Debug] [Application] Service Initialize: Tripolygon.UModeler.Hub.Notifications.UpdateHubNotifier
[10/10/2024 10:08:23 a. m.] [Debug] [Application] Service Initialize: Tripolygon.UModeler.Hub.Notifications.UpdateProductNotifier
[10/10/2024 10:08:23 a. m.] [Debug] [Application] Service Initialize: Tripolygon.UModeler.Hub.Noticies.NoticeService
[10/10/2024 10:08:23 a. m.] [Debug] [Application] Service Initialize: Tripolygon.UModeler.Hub.Views.SceneViews.HubSceneViewService
[10/10/2024 10:08:24 a. m.] [Debug] [Application] Release: isReloading=True
[10/10/2024 10:08:24 a. m.] [Debug] [Application] Release: isReloading=True
[10/10/2024 10:08:24 a. m.] [Debug] [Application] Service Release: Tripolygon.UModeler.Hub.Views.SceneViews.HubSceneViewService
[10/10/2024 10:08:24 a. m.] [Debug] [Application] Service Release: Tripolygon.UModeler.Hub.Views.SceneViews.HubSceneViewService
[10/10/2024 10:08:24 a. m.] [Debug] [Application] Service Release: Tripolygon.UModeler.Hub.Noticies.NoticeService
[10/10/2024 10:08:24 a. m.] [Debug] [Application] Service Release: Tripolygon.UModeler.Hub.Notifications.UpdateProductNotifier
[10/10/2024 10:08:24 a. m.] [Debug] [Application] Service Release: Tripolygon.UModeler.Hub.Notifications.UpdateHubNotifier
[10/10/2024 10:08:24 a. m.] [Debug] [Application] Service Release: Tripolygon.UModeler.Hub.VSAttributionService
[10/10/2024 10:08:24 a. m.] [Debug] [Application] Service Release: Tripolygon.UModeler.Hub.Noticies.NoticeService
[10/10/2024 10:08:24 a. m.] [Debug] [Application] Service Release: Tripolygon.UModeler.Hub.Notifications.UpdateProductNotifier
[10/10/2024 10:08:24 a. m.] [Debug] [Application] Service Release: Tripolygon.UModeler.Hub.Notifications.UpdateHubNotifier
[10/10/2024 10:08:24 a. m.] [Debug] [Application] Service Release: Tripolygon.UModeler.Hub.VSAttributionService
[10/10/2024 10:08:28 a. m.] [Debug] [Application] service: Tripolygon.UModeler.Hub.HubAuthentication = Tripolygon.UModeler.Hub.HubAuthentication
[10/10/2024 10:08:28 a. m.] [Debug] [Application] service: Tripolygon.UModeler.UI.IApplicationCache = Tripolygon.UModeler.Editor.UI.UnityEditorApplicationCache
[10/10/2024 10:08:28 a. m.] [Debug] [Application] service: Tripolygon.UModeler.Hub.IHubService = Tripolygon.UModeler.Hub.HubService
[10/10/2024 10:08:28 a. m.] [Debug] [Application] service: Tripolygon.UModeler.Authentication.IAuthenticationApiProvider = Tripolygon.UModeler.Editor.AuthenticationApiProviderService
[10/10/2024 10:08:28 a. m.] [Debug] [Application] service: Tripolygon.UModeler.UI.IObjectHierarchyService = Tripolygon.UModeler.Editor.UI.UnityEditorObjectHierarchyService
[10/10/2024 10:08:28 a. m.] [Debug] [Application] service: Tripolygon.UModeler.UI.ITextureProvider = Tripolygon.UModeler.Editor.UI.UnityEditorTextureProvider
[10/10/2024 10:08:28 a. m.] [Debug] [Application] service: Tripolygon.UModeler.UI.IApplicationUtilityService = Tripolygon.UModeler.Editor.UI.UnityEditorApplicationUtilityService
[10/10/2024 10:08:28 a. m.] [Debug] [Application] service: Tripolygon.UModeler.Editor.UI.ApplicationSettings = Tripolygon.UModeler.Editor.UI.ApplicationSettings
[10/10/2024 10:08:28 a. m.] [Debug] [Application] service: Tripolygon.UModeler.Hub.Resources.IResourcesApiProvider = Tripolygon.UModeler.Hub.ResourcesApiProviderService
[10/10/2024 10:08:28 a. m.] [Debug] [Application] service: Tripolygon.UModeler.Hub.HubFlashService = Tripolygon.UModeler.Hub.HubFlashService
[10/10/2024 10:08:28 a. m.] [Debug] [Application] service: Tripolygon.UModeler.Hub.IHubAnalyticsService = Tripolygon.UModeler.Hub.HubAnalyticsService
[10/10/2024 10:08:28 a. m.] [Debug] [Application] service: Tripolygon.UModeler.Hub.VSAttributionService = Tripolygon.UModeler.Hub.VSAttributionService
[10/10/2024 10:08:28 a. m.] [Debug] [Application] service: Tripolygon.UModeler.Hub.Notifications.UpdateHubNotifier = Tripolygon.UModeler.Hub.Notifications.UpdateHubNotifier
[10/10/2024 10:08:28 a. m.] [Debug] [Application] service: Tripolygon.UModeler.Hub.Notifications.UpdateProductNotifier = Tripolygon.UModeler.Hub.Notifications.UpdateProductNotifier
[10/10/2024 10:08:28 a. m.] [Debug] [Application] service: Tripolygon.UModeler.Hub.INoticeService = Tripolygon.UModeler.Hub.Noticies.NoticeService
[10/10/2024 10:08:28 a. m.] [Debug] [Application] service: Tripolygon.UModeler.Hub.Views.SceneViews.HubSceneViewService = Tripolygon.UModeler.Hub.Views.SceneViews.HubSceneViewService
[10/10/2024 10:08:28 a. m.] [Debug] [Application] Initialize: isReloading=True
[10/10/2024 10:08:28 a. m.] [Debug] [Application] Service Initialize: Tripolygon.UModeler.Hub.HubAuthentication
[10/10/2024 10:08:28 a. m.] [Debug] [Application] Service Initialize: Tripolygon.UModeler.Editor.UI.UnityEditorApplicationCache
[10/10/2024 10:08:28 a. m.] [Debug] [Application] Service Initialize: Tripolygon.UModeler.Hub.HubService
[10/10/2024 10:08:28 a. m.] [Debug] [Application] Service Initialize: Tripolygon.UModeler.Editor.UI.UnityEditorApplicationUtilityService
[10/10/2024 10:08:28 a. m.] [Debug] [Application] Service Initialize: Tripolygon.UModeler.Hub.HubFlashService
[10/10/2024 10:08:28 a. m.] [Debug] [HubAnalytics] PosthogClient.SetAutoFlush: Value Changed: True
[10/10/2024 10:08:28 a. m.] [Debug] [Application] service: Tripolygon.UModeler.Hub.HubAuthentication = Tripolygon.UModeler.Hub.HubAuthentication
[10/10/2024 10:08:28 a. m.] [Debug] [Application] service: Tripolygon.UModeler.UI.IApplicationCache = Tripolygon.UModeler.Editor.UI.UnityEditorApplicationCache
[10/10/2024 10:08:28 a. m.] [Debug] [Application] service: Tripolygon.UModeler.Hub.IHubService = Tripolygon.UModeler.Hub.HubService
[10/10/2024 10:08:28 a. m.] [Debug] [Application] service: Tripolygon.UModeler.Authentication.IAuthenticationApiProvider = Tripolygon.UModeler.Editor.AuthenticationApiProviderService
[10/10/2024 10:08:28 a. m.] [Debug] [Application] service: Tripolygon.UModeler.UI.IObjectHierarchyService = Tripolygon.UModeler.Editor.UI.UnityEditorObjectHierarchyService
[10/10/2024 10:08:28 a. m.] [Debug] [Application] service: Tripolygon.UModeler.UI.ITextureProvider = Tripolygon.UModeler.Editor.UI.UnityEditorTextureProvider
[10/10/2024 10:08:28 a. m.] [Debug] [Application] service: Tripolygon.UModeler.UI.IApplicationUtilityService = Tripolygon.UModeler.Editor.UI.UnityEditorApplicationUtilityService
[10/10/2024 10:08:28 a. m.] [Debug] [Application] service: Tripolygon.UModeler.Editor.UI.ApplicationSettings = Tripolygon.UModeler.Editor.UI.ApplicationSettings
[10/10/2024 10:08:28 a. m.] [Debug] [Application] service: Tripolygon.UModeler.Hub.Resources.IResourcesApiProvider = Tripolygon.UModeler.Hub.ResourcesApiProviderService
[10/10/2024 10:08:28 a. m.] [Debug] [Application] service: Tripolygon.UModeler.Hub.HubFlashService = Tripolygon.UModeler.Hub.HubFlashService
[10/10/2024 10:08:28 a. m.] [Debug] [Application] service: Tripolygon.UModeler.Hub.IHubAnalyticsService = Tripolygon.UModeler.Hub.HubAnalyticsService
[10/10/2024 10:08:28 a. m.] [Debug] [Application] service: Tripolygon.UModeler.Hub.VSAttributionService = Tripolygon.UModeler.Hub.VSAttributionService
[10/10/2024 10:08:28 a. m.] [Debug] [Application] service: Tripolygon.UModeler.Hub.Notifications.UpdateHubNotifier = Tripolygon.UModeler.Hub.Notifications.UpdateHubNotifier
[10/10/2024 10:08:28 a. m.] [Debug] [Application] service: Tripolygon.UModeler.Hub.Notifications.UpdateProductNotifier = Tripolygon.UModeler.Hub.Notifications.UpdateProductNotifier
[10/10/2024 10:08:28 a. m.] [Debug] [Application] service: Tripolygon.UModeler.Hub.INoticeService = Tripolygon.UModeler.Hub.Noticies.NoticeService
[10/10/2024 10:08:28 a. m.] [Debug] [Application] service: Tripolygon.UModeler.Hub.Views.SceneViews.HubSceneViewService = Tripolygon.UModeler.Hub.Views.SceneViews.HubSceneViewService
[10/10/2024 10:08:28 a. m.] [Debug] [Application] Initialize: isReloading=False
[10/10/2024 10:08:28 a. m.] [Debug] [Application] Service Initialize: Tripolygon.UModeler.Hub.HubAuthentication
[10/10/2024 10:08:28 a. m.] [Debug] [Application] Service Initialize: Tripolygon.UModeler.Editor.UI.UnityEditorApplicationCache
[10/10/2024 10:08:28 a. m.] [Debug] [Application] Service Initialize: Tripolygon.UModeler.Hub.HubService
[10/10/2024 10:08:28 a. m.] [Debug] [Application] Service Initialize: Tripolygon.UModeler.Editor.UI.UnityEditorApplicationUtilityService
[10/10/2024 10:08:28 a. m.] [Debug] [Application] Service Initialize: Tripolygon.UModeler.Hub.HubFlashService
[10/10/2024 10:08:28 a. m.] [Debug] [HubAnalytics] PosthogClient.SetAutoFlush: Value Changed: True
[10/10/2024 10:08:28 a. m.] [Debug] [Application] Service Initialize: Tripolygon.UModeler.Hub.HubAnalyticsService
[10/10/2024 10:08:28 a. m.] [Debug] [Application] Service Initialize: Tripolygon.UModeler.Hub.VSAttributionService
[10/10/2024 10:08:28 a. m.] [Debug] [Application] Service Initialize: Tripolygon.UModeler.Hub.Notifications.UpdateHubNotifier
[10/10/2024 10:08:28 a. m.] [Debug] [Application] Service Initialize: Tripolygon.UModeler.Hub.Notifications.UpdateProductNotifier
[10/10/2024 10:08:28 a. m.] [Debug] [Application] Service Initialize: Tripolygon.UModeler.Hub.Noticies.NoticeService
[10/10/2024 10:08:28 a. m.] [Debug] [Application] Service Initialize: Tripolygon.UModeler.Hub.Views.SceneViews.HubSceneViewService
[10/10/2024 10:08:28 a. m.] [Debug] [Application] Service Initialize: Tripolygon.UModeler.Hub.HubAnalyticsService
[10/10/2024 10:08:28 a. m.] [Debug] [Application] Service Initialize: Tripolygon.UModeler.Hub.VSAttributionService
[10/10/2024 10:08:28 a. m.] [Debug] [Application] Service Initialize: Tripolygon.UModeler.Hub.Notifications.UpdateHubNotifier
[10/10/2024 10:08:28 a. m.] [Debug] [Application] Service Initialize: Tripolygon.UModeler.Hub.Notifications.UpdateProductNotifier
[10/10/2024 10:08:28 a. m.] [Debug] [Application] Service Initialize: Tripolygon.UModeler.Hub.Noticies.NoticeService
[10/10/2024 10:08:28 a. m.] [Debug] [Application] Service Initialize: Tripolygon.UModeler.Hub.Views.SceneViews.HubSceneViewService
[10/10/2024 10:09:04 a. m.] [Debug] [HubAnalytics] PosthogClient.BatchAsync: Sending Queue Items={"api_key":"phc_DQ6tsN03HRXTr9hNBfi3DierOY5Y0SisUxgxjuAmZG5","batch":[{"event":"open","properties":{"$set":{"sdk_region_id":"es-MX","sdk_region_name":"Mexico","sdk_language":"Spanish","sdk_os_architecture":"X64","sdk_time_zone":"Central Standard Time (Mexico)","product_version":"1.0.0"},"$os":"WINDOWS","$os_name":"WINDOWS","$session_id":"0a54a0d6-0a43-4817-a942-dfdc3e17ff7d_db45d013-ab61-4b01-85a8-a9e6abffe15d","distinct_id":"bd32d41ad3cd5d43e5f6912f7db82b682027b69d","product_name":"UModeler Hub","product_version":"1.0.0","platform_name":"Unity","platform_version":"2022.3.47f1","screen_width":1920,"screen_height":1080,"viewport_width":1209,"viewport_height":324,"unity_systeminfo_language":"Spanish","unity_systeminfo_os":"Windows 10  (10.0.19045) 64bit","unity_systeminfo_graphicsDeviceType":"Direct3D11","unity_systeminfo_graphicsDeviceVendor":"Intel","unity_systeminfo_graphicsDeviceName":"Intel(R) UHD Graphics 750","unity_systeminfo_deviceType":"Desktop","unity_systeminfo_processorType":"11th Gen Intel(R) Core(TM) i7-11700 @ 2.50GHz","type":"HubWindow","data_context":"Tripolygon.UModeler.Hub.Views.Hubs.HubEditorViewModel"},"timestamp":"2024-10-10T16:08:54.2989629Z"},{"event":"page_view","properties":{"$set":{"sdk_region_id":"es-MX","sdk_region_name":"Mexico","sdk_language":"Spanish","sdk_os_architecture":"X64","sdk_time_zone":"Central Standard Time (Mexico)","product_version":"1.0.0"},"$os":"WINDOWS","$os_name":"WINDOWS","$session_id":"0a54a0d6-0a43-4817-a942-dfdc3e17ff7d_db45d013-ab61-4b01-85a8-a9e6abffe15d","distinct_id":"bd32d41ad3cd5d43e5f6912f7db82b682027b69d","product_name":"UModeler Hub","product_version":"1.0.0","platform_name":"Unity","platform_version":"2022.3.47f1","screen_width":1920,"screen_height":1080,"viewport_width":1209,"viewport_height":324,"unity_systeminfo_language":"Spanish","unity_systeminfo_os":"Windows 10  (10.0.19045) 64bit","unity_systeminfo_graphicsDeviceType":"Direct3D11","unity_systeminfo_graphicsDeviceVendor":"Intel","unity_systeminfo_graphicsDeviceName":"Intel(R) UHD Graphics 750","unity_systeminfo_deviceType":"Desktop","unity_systeminfo_processorType":"11th Gen Intel(R) Core(TM) i7-11700 @ 2.50GHz","type":"HomePage.All Products","scope":"HubWindow","data_context":"Tripolygon.UModeler.Hub.Views.Hubs.Homes.ProductsViewModel"},"timestamp":"2024-10-10T16:08:54.6359836Z"},{"event":"page_view","properties":{"$set":{"sdk_region_id":"es-MX","sdk_region_name":"Mexico","sdk_language":"Spanish","sdk_os_architecture":"X64","sdk_time_zone":"Central Standard Time (Mexico)","product_version":"1.0.0"},"$os":"WINDOWS","$os_name":"WINDOWS","$session_id":"0a54a0d6-0a43-4817-a942-dfdc3e17ff7d_db45d013-ab61-4b01-85a8-a9e6abffe15d","distinct_id":"bd32d41ad3cd5d43e5f6912f7db82b682027b69d","product_name":"UModeler Hub","product_version":"1.0.0","platform_name":"Unity","platform_version":"2022.3.47f1","screen_width":1920,"screen_height":1080,"viewport_width":1209,"viewport_height":324,"unity_systeminfo_language":"Spanish","unity_systeminfo_os":"Windows 10  (10.0.19045) 64bit","unity_systeminfo_graphicsDeviceType":"Direct3D11","unity_systeminfo_graphicsDeviceVendor":"Intel","unity_systeminfo_graphicsDeviceName":"Intel(R) UHD Graphics 750","unity_systeminfo_deviceType":"Desktop","unity_systeminfo_processorType":"11th Gen Intel(R) Core(TM) i7-11700 @ 2.50GHz","type":"EmailPage","scope":"HubWindow","data_context":"HubSignInViewModel"},"timestamp":"2024-10-10T16:08:54.6649711Z"},{"event":"action","properties":{"$set":{"sdk_region_id":"es-MX","sdk_region_name":"Mexico","sdk_language":"Spanish","sdk_os_architecture":"X64","sdk_time_zone":"Central Standard Time (Mexico)","product_version":"1.0.0"},"$os":"WINDOWS","$os_name":"WINDOWS","$session_id":"0a54a0d6-0a43-4817-a942-dfdc3e17ff7d_db45d013-ab61-4b01-85a8-a9e6abffe15d","distinct_id":"bd32d41ad3cd5d43e5f6912f7db82b682027b69d","product_name":"UModeler Hub","product_version":"1.0.0","platform_name":"Unity","platform_version":"2022.3.47f1","screen_width":1920,"screen_height":1080,"viewport_width":1209,"viewport_height":324,"unity_systeminfo_language":"Spanish","unity_systeminfo_os":"Windows 10  (10.0.19045) 64bit","unity_systeminfo_graphicsDeviceType":"Direct3D11","unity_systeminfo_graphicsDeviceVendor":"Intel","unity_systeminfo_graphicsDeviceName":"Intel(R) UHD Graphics 750","unity_systeminfo_deviceType":"Desktop","unity_systeminfo_processorType":"11th Gen Intel(R) Core(TM) i7-11700 @ 2.50GHz","type":"Logo","scope":"HubSceneView","data_context":"Tripolygon.UModeler.Hub.Views.SceneViews.HubSceneViewModel"},"timestamp":"2024-10-10T16:08:54.982739Z"}]}
[10/10/2024 10:09:04 a. m.] [Debug] [HubAnalytics] PosthogClient.BatchAsync: Sent 4 queue item(s).
[10/10/2024 10:09:11 a. m.] [Debug] [Application] Release: isReloading=False
[10/10/2024 10:09:11 a. m.] [Debug] [Application] Service Release: Tripolygon.UModeler.Hub.Views.SceneViews.HubSceneViewService
[10/10/2024 10:09:11 a. m.] [Debug] [Application] Service Release: Tripolygon.UModeler.Hub.Noticies.NoticeService
[10/10/2024 10:09:11 a. m.] [Debug] [Application] Service Release: Tripolygon.UModeler.Hub.Notifications.UpdateProductNotifier
[10/10/2024 10:09:11 a. m.] [Debug] [Application] Service Release: Tripolygon.UModeler.Hub.Notifications.UpdateHubNotifier
[10/10/2024 10:09:11 a. m.] [Debug] [Application] Service Release: Tripolygon.UModeler.Hub.VSAttributionService
[10/10/2024 10:09:11 a. m.] [Debug] [HubAnalytics] OnAppEnd
[10/10/2024 10:09:11 a. m.] [Debug] [HubAnalytics] PosthogClient.SetAutoFlush: Value Changed: False
[10/10/2024 10:09:11 a. m.] [Debug] [HubAnalytics] PosthogClient.BatchAsync: Sending Queue Items={"api_key":"phc_DQ6tsN03HRXTr9hNBfi3DierOY5Y0SisUxgxjuAmZG5","batch":[{"event":"app end","properties":{"$set":{"sdk_region_id":"es-MX","sdk_region_name":"Mexico","sdk_language":"Spanish","sdk_os_architecture":"X64","sdk_time_zone":"Central Standard Time (Mexico)","product_version":"1.0.0"},"$os":"WINDOWS","$os_name":"WINDOWS","$session_id":"0a54a0d6-0a43-4817-a942-dfdc3e17ff7d_db45d013-ab61-4b01-85a8-a9e6abffe15d","distinct_id":"bd32d41ad3cd5d43e5f6912f7db82b682027b69d","product_name":"UModeler Hub","product_version":"1.0.0","platform_name":"Unity","platform_version":"2022.3.47f1","screen_width":1920,"screen_height":1080,"viewport_width":1209,"viewport_height":324,"unity_systeminfo_language":"Spanish","unity_systeminfo_os":"Windows 10  (10.0.19045) 64bit","unity_systeminfo_graphicsDeviceType":"Direct3D11","unity_systeminfo_graphicsDeviceVendor":"Intel","unity_systeminfo_graphicsDeviceName":"Intel(R) UHD Graphics 750","unity_systeminfo_deviceType":"Desktop","unity_systeminfo_processorType":"11th Gen Intel(R) Core(TM) i7-11700 @ 2.50GHz"},"timestamp":"2024-10-10T16:09:11.4268483Z"}]}
[10/10/2024 10:09:11 a. m.] [Debug] [HubAnalytics] PosthogClient.BatchAsync: Sent 1 queue item(s).
[10/10/2024 10:09:11 a. m.] [Debug] [Application] Service Release: Tripolygon.UModeler.Hub.HubAnalyticsService
[10/10/2024 10:09:11 a. m.] [Debug] [Application] Service Release: Tripolygon.UModeler.Hub.HubFlashService
[10/10/2024 10:09:11 a. m.] [Debug] [Application] Service Release: Tripolygon.UModeler.Editor.UI.UnityEditorApplicationUtilityService
[10/10/2024 10:09:11 a. m.] [Debug] [Application] Service Release: Tripolygon.UModeler.Hub.HubService
[10/10/2024 10:09:11 a. m.] [Debug] [Application] Service Release: Tripolygon.UModeler.Editor.UI.UnityEditorApplicationCache
[10/10/2024 10:09:11 a. m.] [Debug] [Application] Service Release: Tripolygon.UModeler.Hub.HubAuthentication
