[25/10/2024 03:35:04 p. m.] [Debug] [Application] service: Tripolygon.UModeler.Hub.HubAuthentication = Tripolygon.UModeler.Hub.HubAuthentication
[25/10/2024 03:35:04 p. m.] [Debug] [Application] service: Tripolygon.UModeler.UI.IApplicationCache = Tripolygon.UModeler.Editor.UI.UnityEditorApplicationCache
[25/10/2024 03:35:04 p. m.] [Debug] [Application] service: Tripolygon.UModeler.Hub.IHubService = Tripolygon.UModeler.Hub.HubService
[25/10/2024 03:35:04 p. m.] [Debug] [Application] service: Tripolygon.UModeler.Authentication.IAuthenticationApiProvider = Tripolygon.UModeler.Editor.AuthenticationApiProviderService
[25/10/2024 03:35:04 p. m.] [Debug] [Application] service: Tripolygon.UModeler.UI.IObjectHierarchyService = Tripolygon.UModeler.Editor.UI.UnityEditorObjectHierarchyService
[25/10/2024 03:35:04 p. m.] [Debug] [Application] service: Tripolygon.UModeler.UI.ITextureProvider = Tripolygon.UModeler.Editor.UI.UnityEditorTextureProvider
[25/10/2024 03:35:04 p. m.] [Debug] [Application] service: Tripolygon.UModeler.UI.IApplicationUtilityService = Tripolygon.UModeler.Editor.UI.UnityEditorApplicationUtilityService
[25/10/2024 03:35:04 p. m.] [Debug] [Application] service: Tripolygon.UModeler.Editor.UI.ApplicationSettings = Tripolygon.UModeler.Editor.UI.ApplicationSettings
[25/10/2024 03:35:04 p. m.] [Debug] [Application] service: Tripolygon.UModeler.Hub.Resources.IResourcesApiProvider = Tripolygon.UModeler.Hub.ResourcesApiProviderService
[25/10/2024 03:35:04 p. m.] [Debug] [Application] service: Tripolygon.UModeler.Hub.HubFlashService = Tripolygon.UModeler.Hub.HubFlashService
[25/10/2024 03:35:04 p. m.] [Debug] [Application] service: Tripolygon.UModeler.Hub.IHubAnalyticsService = Tripolygon.UModeler.Hub.HubAnalyticsService
[25/10/2024 03:35:04 p. m.] [Debug] [Application] service: Tripolygon.UModeler.Hub.VSAttributionService = Tripolygon.UModeler.Hub.VSAttributionService
[25/10/2024 03:35:04 p. m.] [Debug] [Application] service: Tripolygon.UModeler.Hub.Notifications.UpdateHubNotifier = Tripolygon.UModeler.Hub.Notifications.UpdateHubNotifier
[25/10/2024 03:35:04 p. m.] [Debug] [Application] service: Tripolygon.UModeler.Hub.Notifications.UpdateProductNotifier = Tripolygon.UModeler.Hub.Notifications.UpdateProductNotifier
[25/10/2024 03:35:04 p. m.] [Debug] [Application] service: Tripolygon.UModeler.Hub.INoticeService = Tripolygon.UModeler.Hub.Noticies.NoticeService
[25/10/2024 03:35:04 p. m.] [Debug] [Application] service: Tripolygon.UModeler.Hub.Views.SceneViews.HubSceneViewService = Tripolygon.UModeler.Hub.Views.SceneViews.HubSceneViewService
[25/10/2024 03:35:04 p. m.] [Debug] [Application] Initialize: isReloading=False
[25/10/2024 03:35:04 p. m.] [Debug] [Application] Service Initialize: Tripolygon.UModeler.Hub.HubAuthentication
[25/10/2024 03:35:04 p. m.] [Debug] [Application] Service Initialize: Tripolygon.UModeler.Editor.UI.UnityEditorApplicationCache
[25/10/2024 03:35:04 p. m.] [Debug] [Application] Service Initialize: Tripolygon.UModeler.Hub.HubService
[25/10/2024 03:35:04 p. m.] [Debug] [Application] Service Initialize: Tripolygon.UModeler.Editor.UI.UnityEditorApplicationUtilityService
[25/10/2024 03:35:04 p. m.] [Debug] [Application] Service Initialize: Tripolygon.UModeler.Hub.HubFlashService
[25/10/2024 03:35:04 p. m.] [Debug] [HubAnalytics] PosthogClient.SetAutoFlush: Value Changed: True
[25/10/2024 03:35:04 p. m.] [Debug] [Application] Service Initialize: Tripolygon.UModeler.Hub.HubAnalyticsService
[25/10/2024 03:35:04 p. m.] [Debug] [Application] Service Initialize: Tripolygon.UModeler.Hub.VSAttributionService
[25/10/2024 03:35:04 p. m.] [Debug] [Application] Service Initialize: Tripolygon.UModeler.Hub.Notifications.UpdateHubNotifier
[25/10/2024 03:35:04 p. m.] [Debug] [Application] Service Initialize: Tripolygon.UModeler.Hub.Notifications.UpdateProductNotifier
[25/10/2024 03:35:04 p. m.] [Debug] [Application] Service Initialize: Tripolygon.UModeler.Hub.Noticies.NoticeService
[25/10/2024 03:35:04 p. m.] [Debug] [Application] Service Initialize: Tripolygon.UModeler.Hub.Views.SceneViews.HubSceneViewService
[25/10/2024 03:35:18 p. m.] [Debug] [HubAnalytics] OnAppStart
[25/10/2024 03:35:24 p. m.] [Debug] [HubAnalytics] PosthogClient.BatchAsync: Sending Queue Items={"api_key":"phc_DQ6tsN03HRXTr9hNBfi3DierOY5Y0SisUxgxjuAmZG5","batch":[{"event":"app start","properties":{"$set":{"sdk_region_id":"es-MX","sdk_region_name":"Mexico","sdk_language":"Spanish","sdk_os_architecture":"X64","sdk_time_zone":"Central Standard Time (Mexico)","product_version":"1.0.0","platform_account_id":"anonymous","platform_account_name":"e5qpW/JAfLuFl240bxuU8oiw23LRRaklN5APQj9T0OB4mt/aoep6flXWVUR21GE0SdDlCZdl9sgFElrwecV+6kgKv9awDUpb5rRvykh2ol+snXz4fMHLYiXpSCXJJUUhNc3pove5mj3MQXYywbT94MFxLzymu2gkku6oLkxOS072dEc54g2+98AmF+fEpJkBLUnEuOWjvWMfs6RrlL2qLu6TqpZWZHtHn3h4eAuxg+K8wVppuDnpUONu+cxPKTx2Emso6Kvw9q5DEAGBaQkc4CYj+oK2TPLVWG4pYcypGd75Cub1nh3ydzoRkxRrEUt+NtbfTywceMgMNeBr5eynJQ=="},"$os":"WINDOWS","$os_name":"WINDOWS","$session_id":"a05f6b06-cad8-4de5-ad55-557c5133cc97_7f0410c4-eb04-4e91-8f59-a10aa6508dd5","distinct_id":"2d6e56f1e7275aa04849d8b7baf12448f179a45c","product_name":"UModeler Hub","product_version":"1.0.0","platform_name":"Unity","platform_version":"2022.3.47f1","screen_width":1920,"screen_height":1080,"viewport_width":640,"viewport_height":480,"unity_systeminfo_language":"Spanish","unity_systeminfo_os":"Windows 10  (10.0.19045) 64bit","unity_systeminfo_graphicsDeviceType":"Direct3D11","unity_systeminfo_graphicsDeviceVendor":"ATI","unity_systeminfo_graphicsDeviceName":"AMD Radeon RX 6400","unity_systeminfo_deviceType":"Desktop","unity_systeminfo_processorType":"13th Gen Intel(R) Core(TM) i7-13700"},"timestamp":"2024-10-25T21:35:18.7628287Z"}]}
[25/10/2024 03:35:25 p. m.] [Debug] [HubAnalytics] PosthogClient.BatchAsync: Sent 1 queue item(s).
[25/10/2024 03:36:43 p. m.] [Debug] [Application] Release: isReloading=True
[25/10/2024 03:36:43 p. m.] [Debug] [Application] Service Release: Tripolygon.UModeler.Hub.Views.SceneViews.HubSceneViewService
[25/10/2024 03:36:43 p. m.] [Debug] [Application] Service Release: Tripolygon.UModeler.Hub.Noticies.NoticeService
[25/10/2024 03:36:43 p. m.] [Debug] [Application] Service Release: Tripolygon.UModeler.Hub.Notifications.UpdateProductNotifier
[25/10/2024 03:36:43 p. m.] [Debug] [Application] Service Release: Tripolygon.UModeler.Hub.Notifications.UpdateHubNotifier
[25/10/2024 03:36:43 p. m.] [Debug] [Application] Service Release: Tripolygon.UModeler.Hub.VSAttributionService
[25/10/2024 03:36:43 p. m.] [Debug] [HubAnalytics] PosthogClient.SetAutoFlush: Value Changed: False
[25/10/2024 03:36:43 p. m.] [Debug] [Application] Service Release: Tripolygon.UModeler.Hub.HubAnalyticsService
[25/10/2024 03:36:43 p. m.] [Debug] [Application] Service Release: Tripolygon.UModeler.Hub.HubFlashService
[25/10/2024 03:36:43 p. m.] [Debug] [Application] Service Release: Tripolygon.UModeler.Editor.UI.UnityEditorApplicationUtilityService
[25/10/2024 03:36:43 p. m.] [Debug] [Application] Service Release: Tripolygon.UModeler.Hub.HubService
[25/10/2024 03:36:43 p. m.] [Debug] [Application] Service Release: Tripolygon.UModeler.Editor.UI.UnityEditorApplicationCache
[25/10/2024 03:36:43 p. m.] [Debug] [Application] Service Release: Tripolygon.UModeler.Hub.HubAuthentication
[25/10/2024 03:36:44 p. m.] [Debug] [Application] service: Tripolygon.UModeler.Hub.HubAuthentication = Tripolygon.UModeler.Hub.HubAuthentication
[25/10/2024 03:36:44 p. m.] [Debug] [Application] service: Tripolygon.UModeler.UI.IApplicationCache = Tripolygon.UModeler.Editor.UI.UnityEditorApplicationCache
[25/10/2024 03:36:44 p. m.] [Debug] [Application] service: Tripolygon.UModeler.Hub.IHubService = Tripolygon.UModeler.Hub.HubService
[25/10/2024 03:36:44 p. m.] [Debug] [Application] service: Tripolygon.UModeler.Authentication.IAuthenticationApiProvider = Tripolygon.UModeler.Editor.AuthenticationApiProviderService
[25/10/2024 03:36:44 p. m.] [Debug] [Application] service: Tripolygon.UModeler.UI.IObjectHierarchyService = Tripolygon.UModeler.Editor.UI.UnityEditorObjectHierarchyService
[25/10/2024 03:36:44 p. m.] [Debug] [Application] service: Tripolygon.UModeler.UI.ITextureProvider = Tripolygon.UModeler.Editor.UI.UnityEditorTextureProvider
[25/10/2024 03:36:44 p. m.] [Debug] [Application] service: Tripolygon.UModeler.UI.IApplicationUtilityService = Tripolygon.UModeler.Editor.UI.UnityEditorApplicationUtilityService
[25/10/2024 03:36:44 p. m.] [Debug] [Application] service: Tripolygon.UModeler.Editor.UI.ApplicationSettings = Tripolygon.UModeler.Editor.UI.ApplicationSettings
[25/10/2024 03:36:44 p. m.] [Debug] [Application] service: Tripolygon.UModeler.Hub.Resources.IResourcesApiProvider = Tripolygon.UModeler.Hub.ResourcesApiProviderService
[25/10/2024 03:36:44 p. m.] [Debug] [Application] service: Tripolygon.UModeler.Hub.HubFlashService = Tripolygon.UModeler.Hub.HubFlashService
[25/10/2024 03:36:44 p. m.] [Debug] [Application] service: Tripolygon.UModeler.Hub.IHubAnalyticsService = Tripolygon.UModeler.Hub.HubAnalyticsService
[25/10/2024 03:36:44 p. m.] [Debug] [Application] service: Tripolygon.UModeler.Hub.VSAttributionService = Tripolygon.UModeler.Hub.VSAttributionService
[25/10/2024 03:36:44 p. m.] [Debug] [Application] service: Tripolygon.UModeler.Hub.Notifications.UpdateHubNotifier = Tripolygon.UModeler.Hub.Notifications.UpdateHubNotifier
[25/10/2024 03:36:44 p. m.] [Debug] [Application] service: Tripolygon.UModeler.Hub.Notifications.UpdateProductNotifier = Tripolygon.UModeler.Hub.Notifications.UpdateProductNotifier
[25/10/2024 03:36:44 p. m.] [Debug] [Application] service: Tripolygon.UModeler.Hub.INoticeService = Tripolygon.UModeler.Hub.Noticies.NoticeService
[25/10/2024 03:36:44 p. m.] [Debug] [Application] service: Tripolygon.UModeler.Hub.Views.SceneViews.HubSceneViewService = Tripolygon.UModeler.Hub.Views.SceneViews.HubSceneViewService
[25/10/2024 03:36:44 p. m.] [Debug] [Application] Initialize: isReloading=True
[25/10/2024 03:36:44 p. m.] [Debug] [Application] Service Initialize: Tripolygon.UModeler.Hub.HubAuthentication
[25/10/2024 03:36:44 p. m.] [Debug] [Application] Service Initialize: Tripolygon.UModeler.Editor.UI.UnityEditorApplicationCache
[25/10/2024 03:36:44 p. m.] [Debug] [Application] Service Initialize: Tripolygon.UModeler.Hub.HubService
[25/10/2024 03:36:44 p. m.] [Debug] [Application] Service Initialize: Tripolygon.UModeler.Editor.UI.UnityEditorApplicationUtilityService
[25/10/2024 03:36:44 p. m.] [Debug] [Application] Service Initialize: Tripolygon.UModeler.Hub.HubFlashService
[25/10/2024 03:36:44 p. m.] [Debug] [HubAnalytics] PosthogClient.SetAutoFlush: Value Changed: True
[25/10/2024 03:36:44 p. m.] [Debug] [Application] Service Initialize: Tripolygon.UModeler.Hub.HubAnalyticsService
[25/10/2024 03:36:44 p. m.] [Debug] [Application] Service Initialize: Tripolygon.UModeler.Hub.VSAttributionService
[25/10/2024 03:36:44 p. m.] [Debug] [Application] Service Initialize: Tripolygon.UModeler.Hub.Notifications.UpdateHubNotifier
[25/10/2024 03:36:44 p. m.] [Debug] [Application] Service Initialize: Tripolygon.UModeler.Hub.Notifications.UpdateProductNotifier
[25/10/2024 03:36:44 p. m.] [Debug] [Application] Service Initialize: Tripolygon.UModeler.Hub.Noticies.NoticeService
[25/10/2024 03:36:44 p. m.] [Debug] [Application] Service Initialize: Tripolygon.UModeler.Hub.Views.SceneViews.HubSceneViewService
[25/10/2024 03:37:19 p. m.] [Debug] [Application] Release: isReloading=True
[25/10/2024 03:37:19 p. m.] [Debug] [Application] Service Release: Tripolygon.UModeler.Hub.Views.SceneViews.HubSceneViewService
[25/10/2024 03:37:19 p. m.] [Debug] [Application] Service Release: Tripolygon.UModeler.Hub.Noticies.NoticeService
[25/10/2024 03:37:19 p. m.] [Debug] [Application] Service Release: Tripolygon.UModeler.Hub.Notifications.UpdateProductNotifier
[25/10/2024 03:37:19 p. m.] [Debug] [Application] Service Release: Tripolygon.UModeler.Hub.Notifications.UpdateHubNotifier
[25/10/2024 03:37:19 p. m.] [Debug] [Application] Service Release: Tripolygon.UModeler.Hub.VSAttributionService
[25/10/2024 03:37:19 p. m.] [Debug] [HubAnalytics] PosthogClient.SetAutoFlush: Value Changed: False
[25/10/2024 03:37:19 p. m.] [Debug] [Application] Service Release: Tripolygon.UModeler.Hub.HubAnalyticsService
[25/10/2024 03:37:19 p. m.] [Debug] [Application] Service Release: Tripolygon.UModeler.Hub.HubFlashService
[25/10/2024 03:37:19 p. m.] [Debug] [Application] Service Release: Tripolygon.UModeler.Editor.UI.UnityEditorApplicationUtilityService
[25/10/2024 03:37:19 p. m.] [Debug] [Application] Service Release: Tripolygon.UModeler.Hub.HubService
[25/10/2024 03:37:19 p. m.] [Debug] [Application] Service Release: Tripolygon.UModeler.Editor.UI.UnityEditorApplicationCache
[25/10/2024 03:37:19 p. m.] [Debug] [Application] Service Release: Tripolygon.UModeler.Hub.HubAuthentication
[25/10/2024 03:37:20 p. m.] [Debug] [Application] service: Tripolygon.UModeler.Hub.HubAuthentication = Tripolygon.UModeler.Hub.HubAuthentication
[25/10/2024 03:37:20 p. m.] [Debug] [Application] service: Tripolygon.UModeler.UI.IApplicationCache = Tripolygon.UModeler.Editor.UI.UnityEditorApplicationCache
[25/10/2024 03:37:20 p. m.] [Debug] [Application] service: Tripolygon.UModeler.Hub.IHubService = Tripolygon.UModeler.Hub.HubService
[25/10/2024 03:37:20 p. m.] [Debug] [Application] service: Tripolygon.UModeler.Authentication.IAuthenticationApiProvider = Tripolygon.UModeler.Editor.AuthenticationApiProviderService
[25/10/2024 03:37:20 p. m.] [Debug] [Application] service: Tripolygon.UModeler.UI.IObjectHierarchyService = Tripolygon.UModeler.Editor.UI.UnityEditorObjectHierarchyService
[25/10/2024 03:37:20 p. m.] [Debug] [Application] service: Tripolygon.UModeler.UI.ITextureProvider = Tripolygon.UModeler.Editor.UI.UnityEditorTextureProvider
[25/10/2024 03:37:20 p. m.] [Debug] [Application] service: Tripolygon.UModeler.UI.IApplicationUtilityService = Tripolygon.UModeler.Editor.UI.UnityEditorApplicationUtilityService
[25/10/2024 03:37:20 p. m.] [Debug] [Application] service: Tripolygon.UModeler.Editor.UI.ApplicationSettings = Tripolygon.UModeler.Editor.UI.ApplicationSettings
[25/10/2024 03:37:20 p. m.] [Debug] [Application] service: Tripolygon.UModeler.Hub.Resources.IResourcesApiProvider = Tripolygon.UModeler.Hub.ResourcesApiProviderService
[25/10/2024 03:37:20 p. m.] [Debug] [Application] service: Tripolygon.UModeler.Hub.HubFlashService = Tripolygon.UModeler.Hub.HubFlashService
[25/10/2024 03:37:20 p. m.] [Debug] [Application] service: Tripolygon.UModeler.Hub.IHubAnalyticsService = Tripolygon.UModeler.Hub.HubAnalyticsService
[25/10/2024 03:37:20 p. m.] [Debug] [Application] service: Tripolygon.UModeler.Hub.VSAttributionService = Tripolygon.UModeler.Hub.VSAttributionService
[25/10/2024 03:37:20 p. m.] [Debug] [Application] service: Tripolygon.UModeler.Hub.Notifications.UpdateHubNotifier = Tripolygon.UModeler.Hub.Notifications.UpdateHubNotifier
[25/10/2024 03:37:20 p. m.] [Debug] [Application] service: Tripolygon.UModeler.Hub.Notifications.UpdateProductNotifier = Tripolygon.UModeler.Hub.Notifications.UpdateProductNotifier
[25/10/2024 03:37:20 p. m.] [Debug] [Application] service: Tripolygon.UModeler.Hub.INoticeService = Tripolygon.UModeler.Hub.Noticies.NoticeService
[25/10/2024 03:37:20 p. m.] [Debug] [Application] service: Tripolygon.UModeler.Hub.Views.SceneViews.HubSceneViewService = Tripolygon.UModeler.Hub.Views.SceneViews.HubSceneViewService
[25/10/2024 03:37:20 p. m.] [Debug] [Application] Initialize: isReloading=True
[25/10/2024 03:37:20 p. m.] [Debug] [Application] Service Initialize: Tripolygon.UModeler.Hub.HubAuthentication
[25/10/2024 03:37:20 p. m.] [Debug] [Application] Service Initialize: Tripolygon.UModeler.Editor.UI.UnityEditorApplicationCache
[25/10/2024 03:37:20 p. m.] [Debug] [Application] Service Initialize: Tripolygon.UModeler.Hub.HubService
[25/10/2024 03:37:20 p. m.] [Debug] [Application] Service Initialize: Tripolygon.UModeler.Editor.UI.UnityEditorApplicationUtilityService
[25/10/2024 03:37:20 p. m.] [Debug] [Application] Service Initialize: Tripolygon.UModeler.Hub.HubFlashService
[25/10/2024 03:37:20 p. m.] [Debug] [HubAnalytics] PosthogClient.SetAutoFlush: Value Changed: True
[25/10/2024 03:37:20 p. m.] [Debug] [Application] Service Initialize: Tripolygon.UModeler.Hub.HubAnalyticsService
[25/10/2024 03:37:20 p. m.] [Debug] [Application] Service Initialize: Tripolygon.UModeler.Hub.VSAttributionService
[25/10/2024 03:37:20 p. m.] [Debug] [Application] Service Initialize: Tripolygon.UModeler.Hub.Notifications.UpdateHubNotifier
[25/10/2024 03:37:20 p. m.] [Debug] [Application] Service Initialize: Tripolygon.UModeler.Hub.Notifications.UpdateProductNotifier
[25/10/2024 03:37:20 p. m.] [Debug] [Application] Service Initialize: Tripolygon.UModeler.Hub.Noticies.NoticeService
[25/10/2024 03:37:20 p. m.] [Debug] [Application] Service Initialize: Tripolygon.UModeler.Hub.Views.SceneViews.HubSceneViewService
[25/10/2024 03:38:02 p. m.] [Debug] [Application] Release: isReloading=True
[25/10/2024 03:38:02 p. m.] [Debug] [Application] Service Release: Tripolygon.UModeler.Hub.Views.SceneViews.HubSceneViewService
[25/10/2024 03:38:02 p. m.] [Debug] [Application] Service Release: Tripolygon.UModeler.Hub.Noticies.NoticeService
[25/10/2024 03:38:02 p. m.] [Debug] [Application] Service Release: Tripolygon.UModeler.Hub.Notifications.UpdateProductNotifier
[25/10/2024 03:38:02 p. m.] [Debug] [Application] Service Release: Tripolygon.UModeler.Hub.Notifications.UpdateHubNotifier
[25/10/2024 03:38:02 p. m.] [Debug] [Application] Service Release: Tripolygon.UModeler.Hub.VSAttributionService
[25/10/2024 03:38:02 p. m.] [Debug] [HubAnalytics] PosthogClient.SetAutoFlush: Value Changed: False
[25/10/2024 03:38:02 p. m.] [Debug] [Application] Service Release: Tripolygon.UModeler.Hub.HubAnalyticsService
[25/10/2024 03:38:02 p. m.] [Debug] [Application] Service Release: Tripolygon.UModeler.Hub.HubFlashService
[25/10/2024 03:38:02 p. m.] [Debug] [Application] Service Release: Tripolygon.UModeler.Editor.UI.UnityEditorApplicationUtilityService
[25/10/2024 03:38:02 p. m.] [Debug] [Application] Service Release: Tripolygon.UModeler.Hub.HubService
[25/10/2024 03:38:02 p. m.] [Debug] [Application] Service Release: Tripolygon.UModeler.Editor.UI.UnityEditorApplicationCache
[25/10/2024 03:38:02 p. m.] [Debug] [Application] Service Release: Tripolygon.UModeler.Hub.HubAuthentication
[25/10/2024 03:38:03 p. m.] [Debug] [Application] service: Tripolygon.UModeler.Hub.HubAuthentication = Tripolygon.UModeler.Hub.HubAuthentication
[25/10/2024 03:38:03 p. m.] [Debug] [Application] service: Tripolygon.UModeler.UI.IApplicationCache = Tripolygon.UModeler.Editor.UI.UnityEditorApplicationCache
[25/10/2024 03:38:03 p. m.] [Debug] [Application] service: Tripolygon.UModeler.Hub.IHubService = Tripolygon.UModeler.Hub.HubService
[25/10/2024 03:38:03 p. m.] [Debug] [Application] service: Tripolygon.UModeler.Authentication.IAuthenticationApiProvider = Tripolygon.UModeler.Editor.AuthenticationApiProviderService
[25/10/2024 03:38:03 p. m.] [Debug] [Application] service: Tripolygon.UModeler.UI.IObjectHierarchyService = Tripolygon.UModeler.Editor.UI.UnityEditorObjectHierarchyService
[25/10/2024 03:38:03 p. m.] [Debug] [Application] service: Tripolygon.UModeler.UI.ITextureProvider = Tripolygon.UModeler.Editor.UI.UnityEditorTextureProvider
[25/10/2024 03:38:03 p. m.] [Debug] [Application] service: Tripolygon.UModeler.UI.IApplicationUtilityService = Tripolygon.UModeler.Editor.UI.UnityEditorApplicationUtilityService
[25/10/2024 03:38:03 p. m.] [Debug] [Application] service: Tripolygon.UModeler.Editor.UI.ApplicationSettings = Tripolygon.UModeler.Editor.UI.ApplicationSettings
[25/10/2024 03:38:03 p. m.] [Debug] [Application] service: Tripolygon.UModeler.Hub.Resources.IResourcesApiProvider = Tripolygon.UModeler.Hub.ResourcesApiProviderService
[25/10/2024 03:38:03 p. m.] [Debug] [Application] service: Tripolygon.UModeler.Hub.HubFlashService = Tripolygon.UModeler.Hub.HubFlashService
[25/10/2024 03:38:03 p. m.] [Debug] [Application] service: Tripolygon.UModeler.Hub.IHubAnalyticsService = Tripolygon.UModeler.Hub.HubAnalyticsService
[25/10/2024 03:38:03 p. m.] [Debug] [Application] service: Tripolygon.UModeler.Hub.VSAttributionService = Tripolygon.UModeler.Hub.VSAttributionService
[25/10/2024 03:38:03 p. m.] [Debug] [Application] service: Tripolygon.UModeler.Hub.Notifications.UpdateHubNotifier = Tripolygon.UModeler.Hub.Notifications.UpdateHubNotifier
[25/10/2024 03:38:03 p. m.] [Debug] [Application] service: Tripolygon.UModeler.Hub.Notifications.UpdateProductNotifier = Tripolygon.UModeler.Hub.Notifications.UpdateProductNotifier
[25/10/2024 03:38:03 p. m.] [Debug] [Application] service: Tripolygon.UModeler.Hub.INoticeService = Tripolygon.UModeler.Hub.Noticies.NoticeService
[25/10/2024 03:38:03 p. m.] [Debug] [Application] service: Tripolygon.UModeler.Hub.Views.SceneViews.HubSceneViewService = Tripolygon.UModeler.Hub.Views.SceneViews.HubSceneViewService
[25/10/2024 03:38:03 p. m.] [Debug] [Application] Initialize: isReloading=True
[25/10/2024 03:38:04 p. m.] [Debug] [Application] Service Initialize: Tripolygon.UModeler.Hub.HubAuthentication
[25/10/2024 03:38:04 p. m.] [Debug] [Application] Service Initialize: Tripolygon.UModeler.Editor.UI.UnityEditorApplicationCache
[25/10/2024 03:38:04 p. m.] [Debug] [Application] Service Initialize: Tripolygon.UModeler.Hub.HubService
[25/10/2024 03:38:04 p. m.] [Debug] [Application] Service Initialize: Tripolygon.UModeler.Editor.UI.UnityEditorApplicationUtilityService
[25/10/2024 03:38:04 p. m.] [Debug] [Application] Service Initialize: Tripolygon.UModeler.Hub.HubFlashService
[25/10/2024 03:38:04 p. m.] [Debug] [HubAnalytics] PosthogClient.SetAutoFlush: Value Changed: True
[25/10/2024 03:38:04 p. m.] [Debug] [Application] Service Initialize: Tripolygon.UModeler.Hub.HubAnalyticsService
[25/10/2024 03:38:04 p. m.] [Debug] [Application] Service Initialize: Tripolygon.UModeler.Hub.VSAttributionService
[25/10/2024 03:38:04 p. m.] [Debug] [Application] Service Initialize: Tripolygon.UModeler.Hub.Notifications.UpdateHubNotifier
[25/10/2024 03:38:04 p. m.] [Debug] [Application] Service Initialize: Tripolygon.UModeler.Hub.Notifications.UpdateProductNotifier
[25/10/2024 03:38:04 p. m.] [Debug] [Application] Service Initialize: Tripolygon.UModeler.Hub.Noticies.NoticeService
[25/10/2024 03:38:04 p. m.] [Debug] [Application] Service Initialize: Tripolygon.UModeler.Hub.Views.SceneViews.HubSceneViewService
[25/10/2024 03:38:35 p. m.] [Debug] [Application] service: Tripolygon.UModeler.Hub.HubAuthentication = Tripolygon.UModeler.Hub.HubAuthentication
[25/10/2024 03:38:35 p. m.] [Debug] [Application] service: Tripolygon.UModeler.UI.IApplicationCache = Tripolygon.UModeler.Editor.UI.UnityEditorApplicationCache
[25/10/2024 03:38:35 p. m.] [Debug] [Application] service: Tripolygon.UModeler.Hub.IHubService = Tripolygon.UModeler.Hub.HubService
[25/10/2024 03:38:35 p. m.] [Debug] [Application] service: Tripolygon.UModeler.Authentication.IAuthenticationApiProvider = Tripolygon.UModeler.Editor.AuthenticationApiProviderService
[25/10/2024 03:38:35 p. m.] [Debug] [Application] service: Tripolygon.UModeler.UI.IObjectHierarchyService = Tripolygon.UModeler.Editor.UI.UnityEditorObjectHierarchyService
[25/10/2024 03:38:35 p. m.] [Debug] [Application] service: Tripolygon.UModeler.UI.ITextureProvider = Tripolygon.UModeler.Editor.UI.UnityEditorTextureProvider
[25/10/2024 03:38:35 p. m.] [Debug] [Application] service: Tripolygon.UModeler.UI.IApplicationUtilityService = Tripolygon.UModeler.Editor.UI.UnityEditorApplicationUtilityService
[25/10/2024 03:38:35 p. m.] [Debug] [Application] service: Tripolygon.UModeler.Editor.UI.ApplicationSettings = Tripolygon.UModeler.Editor.UI.ApplicationSettings
[25/10/2024 03:38:35 p. m.] [Debug] [Application] service: Tripolygon.UModeler.Hub.Resources.IResourcesApiProvider = Tripolygon.UModeler.Hub.ResourcesApiProviderService
[25/10/2024 03:38:35 p. m.] [Debug] [Application] service: Tripolygon.UModeler.Hub.HubFlashService = Tripolygon.UModeler.Hub.HubFlashService
[25/10/2024 03:38:35 p. m.] [Debug] [Application] service: Tripolygon.UModeler.Hub.IHubAnalyticsService = Tripolygon.UModeler.Hub.HubAnalyticsService
[25/10/2024 03:38:35 p. m.] [Debug] [Application] service: Tripolygon.UModeler.Hub.VSAttributionService = Tripolygon.UModeler.Hub.VSAttributionService
[25/10/2024 03:38:35 p. m.] [Debug] [Application] service: Tripolygon.UModeler.Hub.Notifications.UpdateHubNotifier = Tripolygon.UModeler.Hub.Notifications.UpdateHubNotifier
[25/10/2024 03:38:35 p. m.] [Debug] [Application] service: Tripolygon.UModeler.Hub.HubAuthentication = Tripolygon.UModeler.Hub.HubAuthentication
[25/10/2024 03:38:35 p. m.] [Debug] [Application] service: Tripolygon.UModeler.UI.IApplicationCache = Tripolygon.UModeler.Editor.UI.UnityEditorApplicationCache
[25/10/2024 03:38:35 p. m.] [Debug] [Application] service: Tripolygon.UModeler.Hub.IHubService = Tripolygon.UModeler.Hub.HubService
[25/10/2024 03:38:35 p. m.] [Debug] [Application] service: Tripolygon.UModeler.Authentication.IAuthenticationApiProvider = Tripolygon.UModeler.Editor.AuthenticationApiProviderService
[25/10/2024 03:38:35 p. m.] [Debug] [Application] service: Tripolygon.UModeler.UI.IObjectHierarchyService = Tripolygon.UModeler.Editor.UI.UnityEditorObjectHierarchyService
[25/10/2024 03:38:36 p. m.] [Debug] [Application] Service Initialize: Tripolygon.UModeler.Hub.HubAuthentication
[25/10/2024 03:38:35 p. m.] [Debug] [Application] service: Tripolygon.UModeler.UI.ITextureProvider = Tripolygon.UModeler.Editor.UI.UnityEditorTextureProvider
[25/10/2024 03:38:35 p. m.] [Debug] [Application] service: Tripolygon.UModeler.UI.IApplicationUtilityService = Tripolygon.UModeler.Editor.UI.UnityEditorApplicationUtilityService
[25/10/2024 03:38:36 p. m.] [Debug] [Application] Service Initialize: Tripolygon.UModeler.Editor.UI.UnityEditorApplicationCache
[25/10/2024 03:38:35 p. m.] [Debug] [Application] service: Tripolygon.UModeler.Editor.UI.ApplicationSettings = Tripolygon.UModeler.Editor.UI.ApplicationSettings
[25/10/2024 03:38:35 p. m.] [Debug] [Application] service: Tripolygon.UModeler.Hub.Resources.IResourcesApiProvider = Tripolygon.UModeler.Hub.ResourcesApiProviderService
[25/10/2024 03:38:35 p. m.] [Debug] [Application] service: Tripolygon.UModeler.Hub.HubFlashService = Tripolygon.UModeler.Hub.HubFlashService
[25/10/2024 03:38:35 p. m.] [Debug] [Application] service: Tripolygon.UModeler.Hub.IHubAnalyticsService = Tripolygon.UModeler.Hub.HubAnalyticsService
[25/10/2024 03:38:35 p. m.] [Debug] [Application] service: Tripolygon.UModeler.Hub.VSAttributionService = Tripolygon.UModeler.Hub.VSAttributionService
[25/10/2024 03:38:35 p. m.] [Debug] [Application] service: Tripolygon.UModeler.Hub.Notifications.UpdateHubNotifier = Tripolygon.UModeler.Hub.Notifications.UpdateHubNotifier
[25/10/2024 03:38:35 p. m.] [Debug] [Application] service: Tripolygon.UModeler.Hub.Notifications.UpdateProductNotifier = Tripolygon.UModeler.Hub.Notifications.UpdateProductNotifier
[25/10/2024 03:38:35 p. m.] [Debug] [Application] service: Tripolygon.UModeler.Hub.INoticeService = Tripolygon.UModeler.Hub.Noticies.NoticeService
[25/10/2024 03:38:35 p. m.] [Debug] [Application] service: Tripolygon.UModeler.Hub.Views.SceneViews.HubSceneViewService = Tripolygon.UModeler.Hub.Views.SceneViews.HubSceneViewService
[25/10/2024 03:38:36 p. m.] [Debug] [Application] Initialize: isReloading=False
[25/10/2024 03:38:36 p. m.] [Debug] [Application] Service Initialize: Tripolygon.UModeler.Hub.HubAuthentication
[25/10/2024 03:38:36 p. m.] [Debug] [Application] Service Initialize: Tripolygon.UModeler.Editor.UI.UnityEditorApplicationCache
[25/10/2024 03:38:36 p. m.] [Debug] [Application] Service Initialize: Tripolygon.UModeler.Hub.HubService
[25/10/2024 03:38:36 p. m.] [Debug] [Application] Service Initialize: Tripolygon.UModeler.Editor.UI.UnityEditorApplicationUtilityService
[25/10/2024 03:38:36 p. m.] [Debug] [Application] Service Initialize: Tripolygon.UModeler.Hub.HubFlashService
[25/10/2024 03:38:36 p. m.] [Debug] [Application] Service Initialize: Tripolygon.UModeler.Hub.HubService
[25/10/2024 03:38:36 p. m.] [Debug] [Application] Service Initialize: Tripolygon.UModeler.Editor.UI.UnityEditorApplicationUtilityService
[25/10/2024 03:38:36 p. m.] [Debug] [Application] Service Initialize: Tripolygon.UModeler.Hub.HubFlashService
[25/10/2024 03:38:36 p. m.] [Debug] [HubAnalytics] PosthogClient.SetAutoFlush: Value Changed: True
[25/10/2024 03:38:36 p. m.] [Debug] [HubAnalytics] PosthogClient.SetAutoFlush: Value Changed: True
[25/10/2024 03:38:36 p. m.] [Debug] [Application] Service Initialize: Tripolygon.UModeler.Hub.HubAnalyticsService
[25/10/2024 03:38:36 p. m.] [Debug] [Application] Service Initialize: Tripolygon.UModeler.Hub.VSAttributionService
[25/10/2024 03:38:36 p. m.] [Debug] [Application] Service Initialize: Tripolygon.UModeler.Hub.Notifications.UpdateHubNotifier
[25/10/2024 03:38:36 p. m.] [Debug] [Application] Service Initialize: Tripolygon.UModeler.Hub.HubAnalyticsService
[25/10/2024 03:38:36 p. m.] [Debug] [Application] Service Initialize: Tripolygon.UModeler.Hub.VSAttributionService
[25/10/2024 03:38:36 p. m.] [Debug] [Application] Service Initialize: Tripolygon.UModeler.Hub.Notifications.UpdateHubNotifier
[25/10/2024 03:38:36 p. m.] [Debug] [Application] Service Initialize: Tripolygon.UModeler.Hub.Notifications.UpdateProductNotifier
[25/10/2024 03:38:36 p. m.] [Debug] [Application] Service Initialize: Tripolygon.UModeler.Hub.Noticies.NoticeService
[25/10/2024 03:38:36 p. m.] [Debug] [Application] Service Initialize: Tripolygon.UModeler.Hub.Notifications.UpdateProductNotifier
[25/10/2024 03:38:36 p. m.] [Debug] [Application] Service Initialize: Tripolygon.UModeler.Hub.Noticies.NoticeService
[25/10/2024 03:38:36 p. m.] [Debug] [Application] Service Initialize: Tripolygon.UModeler.Hub.Views.SceneViews.HubSceneViewService
[25/10/2024 03:38:36 p. m.] [Debug] [Application] Service Initialize: Tripolygon.UModeler.Hub.Views.SceneViews.HubSceneViewService
[25/10/2024 03:42:13 p. m.] [Debug] [Application] Release: isReloading=True
[25/10/2024 03:42:13 p. m.] [Debug] [Application] Service Release: Tripolygon.UModeler.Hub.Views.SceneViews.HubSceneViewService
[25/10/2024 03:42:13 p. m.] [Debug] [Application] Service Release: Tripolygon.UModeler.Hub.Noticies.NoticeService
[25/10/2024 03:42:13 p. m.] [Debug] [Application] Service Release: Tripolygon.UModeler.Hub.Notifications.UpdateProductNotifier
[25/10/2024 03:42:13 p. m.] [Debug] [Application] Service Release: Tripolygon.UModeler.Hub.Notifications.UpdateHubNotifier
[25/10/2024 03:42:13 p. m.] [Debug] [Application] Service Release: Tripolygon.UModeler.Hub.VSAttributionService
[25/10/2024 03:42:13 p. m.] [Debug] [HubAnalytics] PosthogClient.SetAutoFlush: Value Changed: False
[25/10/2024 03:42:13 p. m.] [Debug] [Application] Service Release: Tripolygon.UModeler.Hub.HubAnalyticsService
[25/10/2024 03:42:13 p. m.] [Debug] [Application] Service Release: Tripolygon.UModeler.Hub.HubFlashService
[25/10/2024 03:42:13 p. m.] [Debug] [Application] Service Release: Tripolygon.UModeler.Editor.UI.UnityEditorApplicationUtilityService
[25/10/2024 03:42:13 p. m.] [Debug] [Application] Service Release: Tripolygon.UModeler.Hub.HubService
[25/10/2024 03:42:13 p. m.] [Debug] [Application] Service Release: Tripolygon.UModeler.Editor.UI.UnityEditorApplicationCache
[25/10/2024 03:42:13 p. m.] [Debug] [Application] Service Release: Tripolygon.UModeler.Hub.HubAuthentication
[25/10/2024 03:42:14 p. m.] [Debug] [Application] service: Tripolygon.UModeler.Hub.HubAuthentication = Tripolygon.UModeler.Hub.HubAuthentication
[25/10/2024 03:42:14 p. m.] [Debug] [Application] service: Tripolygon.UModeler.UI.IApplicationCache = Tripolygon.UModeler.Editor.UI.UnityEditorApplicationCache
[25/10/2024 03:42:14 p. m.] [Debug] [Application] service: Tripolygon.UModeler.Hub.IHubService = Tripolygon.UModeler.Hub.HubService
[25/10/2024 03:42:14 p. m.] [Debug] [Application] service: Tripolygon.UModeler.Authentication.IAuthenticationApiProvider = Tripolygon.UModeler.Editor.AuthenticationApiProviderService
[25/10/2024 03:42:14 p. m.] [Debug] [Application] service: Tripolygon.UModeler.UI.IObjectHierarchyService = Tripolygon.UModeler.Editor.UI.UnityEditorObjectHierarchyService
[25/10/2024 03:42:14 p. m.] [Debug] [Application] service: Tripolygon.UModeler.UI.ITextureProvider = Tripolygon.UModeler.Editor.UI.UnityEditorTextureProvider
[25/10/2024 03:42:14 p. m.] [Debug] [Application] service: Tripolygon.UModeler.UI.IApplicationUtilityService = Tripolygon.UModeler.Editor.UI.UnityEditorApplicationUtilityService
[25/10/2024 03:42:14 p. m.] [Debug] [Application] service: Tripolygon.UModeler.Editor.UI.ApplicationSettings = Tripolygon.UModeler.Editor.UI.ApplicationSettings
[25/10/2024 03:42:14 p. m.] [Debug] [Application] service: Tripolygon.UModeler.Hub.Resources.IResourcesApiProvider = Tripolygon.UModeler.Hub.ResourcesApiProviderService
[25/10/2024 03:42:14 p. m.] [Debug] [Application] service: Tripolygon.UModeler.Hub.HubFlashService = Tripolygon.UModeler.Hub.HubFlashService
[25/10/2024 03:42:15 p. m.] [Debug] [Application] service: Tripolygon.UModeler.Hub.IHubAnalyticsService = Tripolygon.UModeler.Hub.HubAnalyticsService
[25/10/2024 03:42:15 p. m.] [Debug] [Application] service: Tripolygon.UModeler.Hub.VSAttributionService = Tripolygon.UModeler.Hub.VSAttributionService
[25/10/2024 03:42:15 p. m.] [Debug] [Application] service: Tripolygon.UModeler.Hub.Notifications.UpdateHubNotifier = Tripolygon.UModeler.Hub.Notifications.UpdateHubNotifier
[25/10/2024 03:42:15 p. m.] [Debug] [Application] service: Tripolygon.UModeler.Hub.Notifications.UpdateProductNotifier = Tripolygon.UModeler.Hub.Notifications.UpdateProductNotifier
[25/10/2024 03:42:15 p. m.] [Debug] [Application] service: Tripolygon.UModeler.Hub.INoticeService = Tripolygon.UModeler.Hub.Noticies.NoticeService
[25/10/2024 03:42:15 p. m.] [Debug] [Application] service: Tripolygon.UModeler.Hub.Views.SceneViews.HubSceneViewService = Tripolygon.UModeler.Hub.Views.SceneViews.HubSceneViewService
[25/10/2024 03:42:15 p. m.] [Debug] [Application] Initialize: isReloading=True
[25/10/2024 03:42:15 p. m.] [Debug] [Application] Service Initialize: Tripolygon.UModeler.Hub.HubAuthentication
[25/10/2024 03:42:15 p. m.] [Debug] [Application] Service Initialize: Tripolygon.UModeler.Editor.UI.UnityEditorApplicationCache
[25/10/2024 03:42:15 p. m.] [Debug] [Application] Service Initialize: Tripolygon.UModeler.Hub.HubService
[25/10/2024 03:42:15 p. m.] [Debug] [Application] Service Initialize: Tripolygon.UModeler.Editor.UI.UnityEditorApplicationUtilityService
[25/10/2024 03:42:15 p. m.] [Debug] [Application] Service Initialize: Tripolygon.UModeler.Hub.HubFlashService
[25/10/2024 03:42:15 p. m.] [Debug] [HubAnalytics] PosthogClient.SetAutoFlush: Value Changed: True
[25/10/2024 03:42:15 p. m.] [Debug] [Application] Service Initialize: Tripolygon.UModeler.Hub.HubAnalyticsService
[25/10/2024 03:42:15 p. m.] [Debug] [Application] Service Initialize: Tripolygon.UModeler.Hub.VSAttributionService
[25/10/2024 03:42:15 p. m.] [Debug] [Application] Service Initialize: Tripolygon.UModeler.Hub.Notifications.UpdateHubNotifier
[25/10/2024 03:42:15 p. m.] [Debug] [Application] Service Initialize: Tripolygon.UModeler.Hub.Notifications.UpdateProductNotifier
[25/10/2024 03:42:15 p. m.] [Debug] [Application] Service Initialize: Tripolygon.UModeler.Hub.Noticies.NoticeService
[25/10/2024 03:42:15 p. m.] [Debug] [Application] Service Initialize: Tripolygon.UModeler.Hub.Views.SceneViews.HubSceneViewService
[25/10/2024 03:42:15 p. m.] [Debug] [Application] Release: isReloading=True
[25/10/2024 03:42:15 p. m.] [Debug] [Application] Release: isReloading=True
[25/10/2024 03:42:15 p. m.] [Debug] [Application] Service Release: Tripolygon.UModeler.Hub.Views.SceneViews.HubSceneViewService
[25/10/2024 03:42:15 p. m.] [Debug] [Application] Service Release: Tripolygon.UModeler.Hub.Views.SceneViews.HubSceneViewService
[25/10/2024 03:42:15 p. m.] [Debug] [Application] Service Release: Tripolygon.UModeler.Hub.Noticies.NoticeService
[25/10/2024 03:42:15 p. m.] [Debug] [Application] Service Release: Tripolygon.UModeler.Hub.Notifications.UpdateProductNotifier
[25/10/2024 03:42:15 p. m.] [Debug] [Application] Service Release: Tripolygon.UModeler.Hub.Noticies.NoticeService
[25/10/2024 03:42:15 p. m.] [Debug] [Application] Service Release: Tripolygon.UModeler.Hub.Notifications.UpdateHubNotifier
[25/10/2024 03:42:15 p. m.] [Debug] [Application] Service Release: Tripolygon.UModeler.Hub.Notifications.UpdateProductNotifier
[25/10/2024 03:42:15 p. m.] [Debug] [Application] Service Release: Tripolygon.UModeler.Hub.VSAttributionService
[25/10/2024 03:42:15 p. m.] [Debug] [Application] Service Release: Tripolygon.UModeler.Hub.Notifications.UpdateHubNotifier
[25/10/2024 03:42:15 p. m.] [Debug] [Application] Service Release: Tripolygon.UModeler.Hub.VSAttributionService
[25/10/2024 03:42:17 p. m.] [Debug] [Application] service: Tripolygon.UModeler.Hub.HubAuthentication = Tripolygon.UModeler.Hub.HubAuthentication
[25/10/2024 03:42:17 p. m.] [Debug] [Application] service: Tripolygon.UModeler.UI.IObjectHierarchyService = Tripolygon.UModeler.Editor.UI.UnityEditorObjectHierarchyService
[25/10/2024 03:42:17 p. m.] [Debug] [Application] service: Tripolygon.UModeler.UI.ITextureProvider = Tripolygon.UModeler.Editor.UI.UnityEditorTextureProvider
[25/10/2024 03:42:17 p. m.] [Debug] [Application] service: Tripolygon.UModeler.UI.ITextureProvider = Tripolygon.UModeler.Editor.UI.UnityEditorTextureProvider
[25/10/2024 03:42:17 p. m.] [Debug] [Application] service: Tripolygon.UModeler.UI.IApplicationUtilityService = Tripolygon.UModeler.Editor.UI.UnityEditorApplicationUtilityService
[25/10/2024 03:42:17 p. m.] [Debug] [Application] service: Tripolygon.UModeler.UI.IApplicationUtilityService = Tripolygon.UModeler.Editor.UI.UnityEditorApplicationUtilityService
[25/10/2024 03:42:17 p. m.] [Debug] [Application] service: Tripolygon.UModeler.Editor.UI.ApplicationSettings = Tripolygon.UModeler.Editor.UI.ApplicationSettings
[25/10/2024 03:42:17 p. m.] [Debug] [Application] service: Tripolygon.UModeler.Hub.HubFlashService = Tripolygon.UModeler.Hub.HubFlashService
[25/10/2024 03:42:17 p. m.] [Debug] [Application] service: Tripolygon.UModeler.Hub.HubFlashService = Tripolygon.UModeler.Hub.HubFlashService
[25/10/2024 03:42:17 p. m.] [Debug] [Application] service: Tripolygon.UModeler.Hub.VSAttributionService = Tripolygon.UModeler.Hub.VSAttributionService
[25/10/2024 03:42:17 p. m.] [Debug] [Application] service: Tripolygon.UModeler.Hub.IHubAnalyticsService = Tripolygon.UModeler.Hub.HubAnalyticsService
[25/10/2024 03:42:17 p. m.] [Debug] [Application] service: Tripolygon.UModeler.Hub.Notifications.UpdateHubNotifier = Tripolygon.UModeler.Hub.Notifications.UpdateHubNotifier
[25/10/2024 03:42:17 p. m.] [Debug] [Application] service: Tripolygon.UModeler.Hub.VSAttributionService = Tripolygon.UModeler.Hub.VSAttributionService
[25/10/2024 03:42:17 p. m.] [Debug] [Application] service: Tripolygon.UModeler.Hub.Notifications.UpdateProductNotifier = Tripolygon.UModeler.Hub.Notifications.UpdateProductNotifier
[25/10/2024 03:42:17 p. m.] [Debug] [Application] service: Tripolygon.UModeler.Hub.Notifications.UpdateHubNotifier = Tripolygon.UModeler.Hub.Notifications.UpdateHubNotifier
[25/10/2024 03:42:17 p. m.] [Debug] [Application] service: Tripolygon.UModeler.Hub.Notifications.UpdateProductNotifier = Tripolygon.UModeler.Hub.Notifications.UpdateProductNotifier
[25/10/2024 03:42:17 p. m.] [Debug] [Application] service: Tripolygon.UModeler.Hub.Views.SceneViews.HubSceneViewService = Tripolygon.UModeler.Hub.Views.SceneViews.HubSceneViewService
[25/10/2024 03:42:17 p. m.] [Debug] [Application] service: Tripolygon.UModeler.Hub.INoticeService = Tripolygon.UModeler.Hub.Noticies.NoticeService
[25/10/2024 03:42:17 p. m.] [Debug] [Application] Initialize: isReloading=True
[25/10/2024 03:42:17 p. m.] [Debug] [Application] service: Tripolygon.UModeler.Hub.Views.SceneViews.HubSceneViewService = Tripolygon.UModeler.Hub.Views.SceneViews.HubSceneViewService
[25/10/2024 03:42:17 p. m.] [Debug] [Application] Initialize: isReloading=True
[25/10/2024 03:42:17 p. m.] [Debug] [Application] Service Initialize: Tripolygon.UModeler.Hub.HubAuthentication
[25/10/2024 03:42:17 p. m.] [Debug] [Application] Service Initialize: Tripolygon.UModeler.Editor.UI.UnityEditorApplicationCache
[25/10/2024 03:42:17 p. m.] [Debug] [Application] Service Initialize: Tripolygon.UModeler.Hub.HubService
[25/10/2024 03:42:17 p. m.] [Debug] [Application] Service Initialize: Tripolygon.UModeler.Editor.UI.UnityEditorApplicationUtilityService
[25/10/2024 03:42:17 p. m.] [Debug] [Application] Service Initialize: Tripolygon.UModeler.Hub.HubFlashService
[25/10/2024 03:42:17 p. m.] [Debug] [Application] Service Initialize: Tripolygon.UModeler.Hub.HubService
[25/10/2024 03:42:17 p. m.] [Debug] [Application] Service Initialize: Tripolygon.UModeler.Editor.UI.UnityEditorApplicationUtilityService
[25/10/2024 03:42:17 p. m.] [Debug] [Application] Service Initialize: Tripolygon.UModeler.Hub.HubFlashService
[25/10/2024 03:42:17 p. m.] [Debug] [HubAnalytics] PosthogClient.SetAutoFlush: Value Changed: True
[25/10/2024 03:42:17 p. m.] [Debug] [HubAnalytics] PosthogClient.SetAutoFlush: Value Changed: True
[25/10/2024 03:42:17 p. m.] [Debug] [Application] Service Initialize: Tripolygon.UModeler.Hub.HubAnalyticsService
[25/10/2024 03:42:17 p. m.] [Debug] [Application] Service Initialize: Tripolygon.UModeler.Hub.VSAttributionService
[25/10/2024 03:42:17 p. m.] [Debug] [Application] Service Initialize: Tripolygon.UModeler.Hub.HubAnalyticsService
[25/10/2024 03:42:17 p. m.] [Debug] [Application] Service Initialize: Tripolygon.UModeler.Hub.VSAttributionService
[25/10/2024 03:42:17 p. m.] [Debug] [Application] Service Initialize: Tripolygon.UModeler.Hub.Notifications.UpdateHubNotifier
[25/10/2024 03:42:17 p. m.] [Debug] [Application] Service Initialize: Tripolygon.UModeler.Hub.Notifications.UpdateHubNotifier
[25/10/2024 03:42:17 p. m.] [Debug] [Application] Service Initialize: Tripolygon.UModeler.Hub.Notifications.UpdateProductNotifier
[25/10/2024 03:42:17 p. m.] [Debug] [Application] Service Initialize: Tripolygon.UModeler.Hub.Noticies.NoticeService
[25/10/2024 03:42:17 p. m.] [Debug] [Application] Service Initialize: Tripolygon.UModeler.Hub.Notifications.UpdateProductNotifier
[25/10/2024 03:42:17 p. m.] [Debug] [Application] Service Initialize: Tripolygon.UModeler.Hub.Noticies.NoticeService
[25/10/2024 03:42:17 p. m.] [Debug] [Application] Service Initialize: Tripolygon.UModeler.Hub.Views.SceneViews.HubSceneViewService
[25/10/2024 03:42:17 p. m.] [Debug] [Application] Service Initialize: Tripolygon.UModeler.Hub.Views.SceneViews.HubSceneViewService
[25/10/2024 03:45:50 p. m.] [Debug] [Application] Release: isReloading=True
[25/10/2024 03:45:50 p. m.] [Debug] [Application] Service Release: Tripolygon.UModeler.Hub.Views.SceneViews.HubSceneViewService
[25/10/2024 03:45:50 p. m.] [Debug] [Application] Service Release: Tripolygon.UModeler.Hub.Noticies.NoticeService
[25/10/2024 03:45:50 p. m.] [Debug] [Application] Service Release: Tripolygon.UModeler.Hub.Notifications.UpdateProductNotifier
[25/10/2024 03:45:50 p. m.] [Debug] [Application] Service Release: Tripolygon.UModeler.Hub.Notifications.UpdateHubNotifier
[25/10/2024 03:45:50 p. m.] [Debug] [Application] Service Release: Tripolygon.UModeler.Hub.VSAttributionService
[25/10/2024 03:45:50 p. m.] [Debug] [HubAnalytics] PosthogClient.SetAutoFlush: Value Changed: False
[25/10/2024 03:45:50 p. m.] [Debug] [Application] Service Release: Tripolygon.UModeler.Hub.HubAnalyticsService
[25/10/2024 03:45:50 p. m.] [Debug] [Application] Service Release: Tripolygon.UModeler.Hub.HubFlashService
[25/10/2024 03:45:50 p. m.] [Debug] [Application] Service Release: Tripolygon.UModeler.Editor.UI.UnityEditorApplicationUtilityService
[25/10/2024 03:45:50 p. m.] [Debug] [Application] Service Release: Tripolygon.UModeler.Hub.HubService
[25/10/2024 03:45:50 p. m.] [Debug] [Application] Service Release: Tripolygon.UModeler.Editor.UI.UnityEditorApplicationCache
[25/10/2024 03:45:50 p. m.] [Debug] [Application] Service Release: Tripolygon.UModeler.Hub.HubAuthentication
[25/10/2024 03:45:52 p. m.] [Debug] [Application] service: Tripolygon.UModeler.Hub.HubAuthentication = Tripolygon.UModeler.Hub.HubAuthentication
[25/10/2024 03:45:52 p. m.] [Debug] [Application] service: Tripolygon.UModeler.UI.IApplicationCache = Tripolygon.UModeler.Editor.UI.UnityEditorApplicationCache
[25/10/2024 03:45:52 p. m.] [Debug] [Application] service: Tripolygon.UModeler.Hub.IHubService = Tripolygon.UModeler.Hub.HubService
[25/10/2024 03:45:52 p. m.] [Debug] [Application] service: Tripolygon.UModeler.Authentication.IAuthenticationApiProvider = Tripolygon.UModeler.Editor.AuthenticationApiProviderService
[25/10/2024 03:45:52 p. m.] [Debug] [Application] service: Tripolygon.UModeler.UI.IObjectHierarchyService = Tripolygon.UModeler.Editor.UI.UnityEditorObjectHierarchyService
[25/10/2024 03:45:52 p. m.] [Debug] [Application] service: Tripolygon.UModeler.UI.ITextureProvider = Tripolygon.UModeler.Editor.UI.UnityEditorTextureProvider
[25/10/2024 03:45:52 p. m.] [Debug] [Application] service: Tripolygon.UModeler.UI.IApplicationUtilityService = Tripolygon.UModeler.Editor.UI.UnityEditorApplicationUtilityService
[25/10/2024 03:45:52 p. m.] [Debug] [Application] service: Tripolygon.UModeler.Editor.UI.ApplicationSettings = Tripolygon.UModeler.Editor.UI.ApplicationSettings
[25/10/2024 03:45:52 p. m.] [Debug] [Application] service: Tripolygon.UModeler.Hub.Resources.IResourcesApiProvider = Tripolygon.UModeler.Hub.ResourcesApiProviderService
[25/10/2024 03:45:52 p. m.] [Debug] [Application] service: Tripolygon.UModeler.Hub.HubFlashService = Tripolygon.UModeler.Hub.HubFlashService
[25/10/2024 03:45:52 p. m.] [Debug] [Application] service: Tripolygon.UModeler.Hub.IHubAnalyticsService = Tripolygon.UModeler.Hub.HubAnalyticsService
[25/10/2024 03:45:52 p. m.] [Debug] [Application] service: Tripolygon.UModeler.Hub.VSAttributionService = Tripolygon.UModeler.Hub.VSAttributionService
[25/10/2024 03:45:52 p. m.] [Debug] [Application] service: Tripolygon.UModeler.Hub.Notifications.UpdateHubNotifier = Tripolygon.UModeler.Hub.Notifications.UpdateHubNotifier
[25/10/2024 03:45:52 p. m.] [Debug] [Application] service: Tripolygon.UModeler.Hub.Notifications.UpdateProductNotifier = Tripolygon.UModeler.Hub.Notifications.UpdateProductNotifier
[25/10/2024 03:45:52 p. m.] [Debug] [Application] service: Tripolygon.UModeler.Hub.INoticeService = Tripolygon.UModeler.Hub.Noticies.NoticeService
[25/10/2024 03:45:52 p. m.] [Debug] [Application] service: Tripolygon.UModeler.Hub.Views.SceneViews.HubSceneViewService = Tripolygon.UModeler.Hub.Views.SceneViews.HubSceneViewService
[25/10/2024 03:45:52 p. m.] [Debug] [Application] Initialize: isReloading=True
[25/10/2024 03:45:52 p. m.] [Debug] [Application] Service Initialize: Tripolygon.UModeler.Hub.HubAuthentication
[25/10/2024 03:45:52 p. m.] [Debug] [Application] Service Initialize: Tripolygon.UModeler.Editor.UI.UnityEditorApplicationCache
[25/10/2024 03:45:52 p. m.] [Debug] [Application] Service Initialize: Tripolygon.UModeler.Hub.HubService
[25/10/2024 03:45:52 p. m.] [Debug] [Application] Service Initialize: Tripolygon.UModeler.Editor.UI.UnityEditorApplicationUtilityService
[25/10/2024 03:45:52 p. m.] [Debug] [Application] Service Initialize: Tripolygon.UModeler.Hub.HubFlashService
[25/10/2024 03:45:52 p. m.] [Debug] [HubAnalytics] PosthogClient.SetAutoFlush: Value Changed: True
[25/10/2024 03:45:52 p. m.] [Debug] [Application] Service Initialize: Tripolygon.UModeler.Hub.HubAnalyticsService
[25/10/2024 03:45:52 p. m.] [Debug] [Application] Service Initialize: Tripolygon.UModeler.Hub.VSAttributionService
[25/10/2024 03:45:52 p. m.] [Debug] [Application] Service Initialize: Tripolygon.UModeler.Hub.Notifications.UpdateHubNotifier
[25/10/2024 03:45:52 p. m.] [Debug] [Application] Service Initialize: Tripolygon.UModeler.Hub.Notifications.UpdateProductNotifier
[25/10/2024 03:45:52 p. m.] [Debug] [Application] Service Initialize: Tripolygon.UModeler.Hub.Noticies.NoticeService
[25/10/2024 03:45:52 p. m.] [Debug] [Application] Service Initialize: Tripolygon.UModeler.Hub.Views.SceneViews.HubSceneViewService
[25/10/2024 03:45:52 p. m.] [Debug] [Application] Release: isReloading=True
[25/10/2024 03:45:52 p. m.] [Debug] [Application] Service Release: Tripolygon.UModeler.Hub.Views.SceneViews.HubSceneViewService
[25/10/2024 03:45:52 p. m.] [Debug] [Application] Release: isReloading=True
[25/10/2024 03:45:52 p. m.] [Debug] [Application] Service Release: Tripolygon.UModeler.Hub.Noticies.NoticeService
[25/10/2024 03:45:52 p. m.] [Debug] [Application] Service Release: Tripolygon.UModeler.Hub.Notifications.UpdateProductNotifier
[25/10/2024 03:45:52 p. m.] [Debug] [Application] Service Release: Tripolygon.UModeler.Hub.Notifications.UpdateHubNotifier
[25/10/2024 03:45:52 p. m.] [Debug] [Application] Service Release: Tripolygon.UModeler.Hub.VSAttributionService
[25/10/2024 03:45:52 p. m.] [Debug] [Application] Service Release: Tripolygon.UModeler.Hub.Views.SceneViews.HubSceneViewService
[25/10/2024 03:45:52 p. m.] [Debug] [Application] Service Release: Tripolygon.UModeler.Hub.Noticies.NoticeService
[25/10/2024 03:45:52 p. m.] [Debug] [Application] Service Release: Tripolygon.UModeler.Hub.Notifications.UpdateProductNotifier
[25/10/2024 03:45:52 p. m.] [Debug] [Application] Service Release: Tripolygon.UModeler.Hub.Notifications.UpdateHubNotifier
[25/10/2024 03:45:52 p. m.] [Debug] [Application] Service Release: Tripolygon.UModeler.Hub.VSAttributionService
[25/10/2024 03:45:54 p. m.] [Debug] [Application] service: Tripolygon.UModeler.Hub.HubAuthentication = Tripolygon.UModeler.Hub.HubAuthentication
[25/10/2024 03:45:54 p. m.] [Debug] [Application] service: Tripolygon.UModeler.UI.IApplicationCache = Tripolygon.UModeler.Editor.UI.UnityEditorApplicationCache
[25/10/2024 03:45:54 p. m.] [Debug] [Application] service: Tripolygon.UModeler.Hub.IHubService = Tripolygon.UModeler.Hub.HubService
[25/10/2024 03:45:54 p. m.] [Debug] [Application] service: Tripolygon.UModeler.Authentication.IAuthenticationApiProvider = Tripolygon.UModeler.Editor.AuthenticationApiProviderService
[25/10/2024 03:45:54 p. m.] [Debug] [Application] service: Tripolygon.UModeler.UI.IObjectHierarchyService = Tripolygon.UModeler.Editor.UI.UnityEditorObjectHierarchyService
[25/10/2024 03:45:54 p. m.] [Debug] [Application] service: Tripolygon.UModeler.UI.ITextureProvider = Tripolygon.UModeler.Editor.UI.UnityEditorTextureProvider
[25/10/2024 03:45:54 p. m.] [Debug] [Application] service: Tripolygon.UModeler.UI.IApplicationUtilityService = Tripolygon.UModeler.Editor.UI.UnityEditorApplicationUtilityService
[25/10/2024 03:45:54 p. m.] [Debug] [Application] service: Tripolygon.UModeler.Editor.UI.ApplicationSettings = Tripolygon.UModeler.Editor.UI.ApplicationSettings
[25/10/2024 03:45:54 p. m.] [Debug] [Application] service: Tripolygon.UModeler.Hub.Resources.IResourcesApiProvider = Tripolygon.UModeler.Hub.ResourcesApiProviderService
[25/10/2024 03:45:54 p. m.] [Debug] [Application] service: Tripolygon.UModeler.Hub.HubFlashService = Tripolygon.UModeler.Hub.HubFlashService
[25/10/2024 03:45:54 p. m.] [Debug] [Application] service: Tripolygon.UModeler.Hub.IHubAnalyticsService = Tripolygon.UModeler.Hub.HubAnalyticsService
[25/10/2024 03:45:54 p. m.] [Debug] [Application] service: Tripolygon.UModeler.Hub.VSAttributionService = Tripolygon.UModeler.Hub.VSAttributionService
[25/10/2024 03:45:54 p. m.] [Debug] [Application] service: Tripolygon.UModeler.Hub.Notifications.UpdateHubNotifier = Tripolygon.UModeler.Hub.Notifications.UpdateHubNotifier
[25/10/2024 03:45:54 p. m.] [Debug] [Application] service: Tripolygon.UModeler.Hub.Notifications.UpdateProductNotifier = Tripolygon.UModeler.Hub.Notifications.UpdateProductNotifier
[25/10/2024 03:45:54 p. m.] [Debug] [Application] service: Tripolygon.UModeler.Hub.INoticeService = Tripolygon.UModeler.Hub.Noticies.NoticeService
[25/10/2024 03:45:54 p. m.] [Debug] [Application] service: Tripolygon.UModeler.Hub.Views.SceneViews.HubSceneViewService = Tripolygon.UModeler.Hub.Views.SceneViews.HubSceneViewService
[25/10/2024 03:45:54 p. m.] [Debug] [Application] Initialize: isReloading=True
[25/10/2024 03:45:54 p. m.] [Debug] [Application] Service Initialize: Tripolygon.UModeler.Hub.HubAuthentication
[25/10/2024 03:45:54 p. m.] [Debug] [Application] Service Initialize: Tripolygon.UModeler.Editor.UI.UnityEditorApplicationCache
[25/10/2024 03:45:54 p. m.] [Debug] [Application] service: Tripolygon.UModeler.Hub.HubAuthentication = Tripolygon.UModeler.Hub.HubAuthentication
[25/10/2024 03:45:54 p. m.] [Debug] [Application] service: Tripolygon.UModeler.UI.IApplicationCache = Tripolygon.UModeler.Editor.UI.UnityEditorApplicationCache
[25/10/2024 03:45:54 p. m.] [Debug] [Application] service: Tripolygon.UModeler.Hub.IHubService = Tripolygon.UModeler.Hub.HubService
[25/10/2024 03:45:54 p. m.] [Debug] [Application] service: Tripolygon.UModeler.Authentication.IAuthenticationApiProvider = Tripolygon.UModeler.Editor.AuthenticationApiProviderService
[25/10/2024 03:45:54 p. m.] [Debug] [Application] service: Tripolygon.UModeler.UI.IObjectHierarchyService = Tripolygon.UModeler.Editor.UI.UnityEditorObjectHierarchyService
[25/10/2024 03:45:54 p. m.] [Debug] [Application] service: Tripolygon.UModeler.UI.ITextureProvider = Tripolygon.UModeler.Editor.UI.UnityEditorTextureProvider
[25/10/2024 03:45:54 p. m.] [Debug] [Application] service: Tripolygon.UModeler.UI.IApplicationUtilityService = Tripolygon.UModeler.Editor.UI.UnityEditorApplicationUtilityService
[25/10/2024 03:45:54 p. m.] [Debug] [Application] service: Tripolygon.UModeler.Editor.UI.ApplicationSettings = Tripolygon.UModeler.Editor.UI.ApplicationSettings
[25/10/2024 03:45:54 p. m.] [Debug] [Application] service: Tripolygon.UModeler.Hub.Resources.IResourcesApiProvider = Tripolygon.UModeler.Hub.ResourcesApiProviderService
[25/10/2024 03:45:54 p. m.] [Debug] [Application] service: Tripolygon.UModeler.Hub.HubFlashService = Tripolygon.UModeler.Hub.HubFlashService
[25/10/2024 03:45:54 p. m.] [Debug] [Application] service: Tripolygon.UModeler.Hub.IHubAnalyticsService = Tripolygon.UModeler.Hub.HubAnalyticsService
[25/10/2024 03:45:54 p. m.] [Debug] [Application] service: Tripolygon.UModeler.Hub.VSAttributionService = Tripolygon.UModeler.Hub.VSAttributionService
[25/10/2024 03:45:54 p. m.] [Debug] [Application] service: Tripolygon.UModeler.Hub.Notifications.UpdateHubNotifier = Tripolygon.UModeler.Hub.Notifications.UpdateHubNotifier
[25/10/2024 03:45:54 p. m.] [Debug] [Application] service: Tripolygon.UModeler.Hub.Notifications.UpdateProductNotifier = Tripolygon.UModeler.Hub.Notifications.UpdateProductNotifier
[25/10/2024 03:45:54 p. m.] [Debug] [Application] service: Tripolygon.UModeler.Hub.INoticeService = Tripolygon.UModeler.Hub.Noticies.NoticeService
[25/10/2024 03:45:54 p. m.] [Debug] [Application] service: Tripolygon.UModeler.Hub.Views.SceneViews.HubSceneViewService = Tripolygon.UModeler.Hub.Views.SceneViews.HubSceneViewService
[25/10/2024 03:45:54 p. m.] [Debug] [Application] Initialize: isReloading=False
[25/10/2024 03:45:54 p. m.] [Debug] [Application] Service Initialize: Tripolygon.UModeler.Hub.HubService
[25/10/2024 03:45:54 p. m.] [Debug] [Application] Service Initialize: Tripolygon.UModeler.Editor.UI.UnityEditorApplicationUtilityService
[25/10/2024 03:45:54 p. m.] [Debug] [Application] Service Initialize: Tripolygon.UModeler.Hub.HubFlashService
[25/10/2024 03:45:54 p. m.] [Debug] [Application] Service Initialize: Tripolygon.UModeler.Hub.HubAuthentication
[25/10/2024 03:45:54 p. m.] [Debug] [Application] Service Initialize: Tripolygon.UModeler.Editor.UI.UnityEditorApplicationCache
[25/10/2024 03:45:54 p. m.] [Debug] [HubAnalytics] PosthogClient.SetAutoFlush: Value Changed: True
[25/10/2024 03:45:54 p. m.] [Debug] [Application] Service Initialize: Tripolygon.UModeler.Hub.HubService
[25/10/2024 03:45:54 p. m.] [Debug] [Application] Service Initialize: Tripolygon.UModeler.Editor.UI.UnityEditorApplicationUtilityService
[25/10/2024 03:45:54 p. m.] [Debug] [Application] Service Initialize: Tripolygon.UModeler.Hub.HubFlashService
[25/10/2024 03:45:54 p. m.] [Debug] [HubAnalytics] PosthogClient.SetAutoFlush: Value Changed: True
[25/10/2024 03:45:54 p. m.] [Debug] [Application] Service Initialize: Tripolygon.UModeler.Hub.HubAnalyticsService
[25/10/2024 03:45:54 p. m.] [Debug] [Application] Service Initialize: Tripolygon.UModeler.Hub.VSAttributionService
[25/10/2024 03:45:54 p. m.] [Debug] [Application] Service Initialize: Tripolygon.UModeler.Hub.Notifications.UpdateHubNotifier
[25/10/2024 03:45:54 p. m.] [Debug] [Application] Service Initialize: Tripolygon.UModeler.Hub.Notifications.UpdateProductNotifier
[25/10/2024 03:45:54 p. m.] [Debug] [Application] Service Initialize: Tripolygon.UModeler.Hub.Noticies.NoticeService
[25/10/2024 03:45:54 p. m.] [Debug] [Application] Service Initialize: Tripolygon.UModeler.Hub.HubAnalyticsService
[25/10/2024 03:45:54 p. m.] [Debug] [Application] Service Initialize: Tripolygon.UModeler.Hub.Views.SceneViews.HubSceneViewService
[25/10/2024 03:45:54 p. m.] [Debug] [Application] Service Initialize: Tripolygon.UModeler.Hub.VSAttributionService
[25/10/2024 03:45:54 p. m.] [Debug] [Application] Service Initialize: Tripolygon.UModeler.Hub.Notifications.UpdateHubNotifier
[25/10/2024 03:45:54 p. m.] [Debug] [Application] Service Initialize: Tripolygon.UModeler.Hub.Notifications.UpdateProductNotifier
[25/10/2024 03:45:54 p. m.] [Debug] [Application] Service Initialize: Tripolygon.UModeler.Hub.Noticies.NoticeService
[25/10/2024 03:45:54 p. m.] [Debug] [Application] Service Initialize: Tripolygon.UModeler.Hub.Views.SceneViews.HubSceneViewService
[25/10/2024 03:48:28 p. m.] [Debug] [Application] Release: isReloading=True
[25/10/2024 03:48:28 p. m.] [Debug] [Application] Service Release: Tripolygon.UModeler.Hub.Views.SceneViews.HubSceneViewService
[25/10/2024 03:48:28 p. m.] [Debug] [Application] Service Release: Tripolygon.UModeler.Hub.Noticies.NoticeService
[25/10/2024 03:48:28 p. m.] [Debug] [Application] Service Release: Tripolygon.UModeler.Hub.Notifications.UpdateProductNotifier
[25/10/2024 03:48:28 p. m.] [Debug] [Application] Service Release: Tripolygon.UModeler.Hub.Notifications.UpdateHubNotifier
[25/10/2024 03:48:28 p. m.] [Debug] [Application] Service Release: Tripolygon.UModeler.Hub.VSAttributionService
[25/10/2024 03:48:28 p. m.] [Debug] [HubAnalytics] PosthogClient.SetAutoFlush: Value Changed: False
[25/10/2024 03:48:28 p. m.] [Debug] [Application] Service Release: Tripolygon.UModeler.Hub.HubAnalyticsService
[25/10/2024 03:48:28 p. m.] [Debug] [Application] Service Release: Tripolygon.UModeler.Hub.HubFlashService
[25/10/2024 03:48:28 p. m.] [Debug] [Application] Service Release: Tripolygon.UModeler.Editor.UI.UnityEditorApplicationUtilityService
[25/10/2024 03:48:28 p. m.] [Debug] [Application] Service Release: Tripolygon.UModeler.Hub.HubService
[25/10/2024 03:48:28 p. m.] [Debug] [Application] Service Release: Tripolygon.UModeler.Editor.UI.UnityEditorApplicationCache
[25/10/2024 03:48:28 p. m.] [Debug] [Application] Service Release: Tripolygon.UModeler.Hub.HubAuthentication
[25/10/2024 03:48:29 p. m.] [Debug] [Application] service: Tripolygon.UModeler.Hub.HubAuthentication = Tripolygon.UModeler.Hub.HubAuthentication
[25/10/2024 03:48:29 p. m.] [Debug] [Application] service: Tripolygon.UModeler.UI.IApplicationCache = Tripolygon.UModeler.Editor.UI.UnityEditorApplicationCache
[25/10/2024 03:48:29 p. m.] [Debug] [Application] service: Tripolygon.UModeler.Hub.IHubService = Tripolygon.UModeler.Hub.HubService
[25/10/2024 03:48:29 p. m.] [Debug] [Application] service: Tripolygon.UModeler.Authentication.IAuthenticationApiProvider = Tripolygon.UModeler.Editor.AuthenticationApiProviderService
[25/10/2024 03:48:29 p. m.] [Debug] [Application] service: Tripolygon.UModeler.UI.IObjectHierarchyService = Tripolygon.UModeler.Editor.UI.UnityEditorObjectHierarchyService
[25/10/2024 03:48:29 p. m.] [Debug] [Application] service: Tripolygon.UModeler.UI.ITextureProvider = Tripolygon.UModeler.Editor.UI.UnityEditorTextureProvider
[25/10/2024 03:48:29 p. m.] [Debug] [Application] service: Tripolygon.UModeler.UI.IApplicationUtilityService = Tripolygon.UModeler.Editor.UI.UnityEditorApplicationUtilityService
[25/10/2024 03:48:29 p. m.] [Debug] [Application] service: Tripolygon.UModeler.Editor.UI.ApplicationSettings = Tripolygon.UModeler.Editor.UI.ApplicationSettings
[25/10/2024 03:48:29 p. m.] [Debug] [Application] service: Tripolygon.UModeler.Hub.Resources.IResourcesApiProvider = Tripolygon.UModeler.Hub.ResourcesApiProviderService
[25/10/2024 03:48:29 p. m.] [Debug] [Application] service: Tripolygon.UModeler.Hub.HubFlashService = Tripolygon.UModeler.Hub.HubFlashService
[25/10/2024 03:48:29 p. m.] [Debug] [Application] service: Tripolygon.UModeler.Hub.IHubAnalyticsService = Tripolygon.UModeler.Hub.HubAnalyticsService
[25/10/2024 03:48:29 p. m.] [Debug] [Application] service: Tripolygon.UModeler.Hub.VSAttributionService = Tripolygon.UModeler.Hub.VSAttributionService
[25/10/2024 03:48:29 p. m.] [Debug] [Application] service: Tripolygon.UModeler.Hub.Notifications.UpdateHubNotifier = Tripolygon.UModeler.Hub.Notifications.UpdateHubNotifier
[25/10/2024 03:48:29 p. m.] [Debug] [Application] service: Tripolygon.UModeler.Hub.Notifications.UpdateProductNotifier = Tripolygon.UModeler.Hub.Notifications.UpdateProductNotifier
[25/10/2024 03:48:29 p. m.] [Debug] [Application] service: Tripolygon.UModeler.Hub.INoticeService = Tripolygon.UModeler.Hub.Noticies.NoticeService
[25/10/2024 03:48:29 p. m.] [Debug] [Application] service: Tripolygon.UModeler.Hub.Views.SceneViews.HubSceneViewService = Tripolygon.UModeler.Hub.Views.SceneViews.HubSceneViewService
[25/10/2024 03:48:30 p. m.] [Debug] [Application] Initialize: isReloading=True
[25/10/2024 03:48:30 p. m.] [Debug] [Application] Service Initialize: Tripolygon.UModeler.Hub.HubAuthentication
[25/10/2024 03:48:30 p. m.] [Debug] [Application] Service Initialize: Tripolygon.UModeler.Editor.UI.UnityEditorApplicationCache
[25/10/2024 03:48:30 p. m.] [Debug] [Application] Service Initialize: Tripolygon.UModeler.Hub.HubService
[25/10/2024 03:48:30 p. m.] [Debug] [Application] Service Initialize: Tripolygon.UModeler.Editor.UI.UnityEditorApplicationUtilityService
[25/10/2024 03:48:30 p. m.] [Debug] [Application] Service Initialize: Tripolygon.UModeler.Hub.HubFlashService
[25/10/2024 03:48:30 p. m.] [Debug] [HubAnalytics] PosthogClient.SetAutoFlush: Value Changed: True
[25/10/2024 03:48:30 p. m.] [Debug] [Application] Service Initialize: Tripolygon.UModeler.Hub.HubAnalyticsService
[25/10/2024 03:48:30 p. m.] [Debug] [Application] Service Initialize: Tripolygon.UModeler.Hub.VSAttributionService
[25/10/2024 03:48:30 p. m.] [Debug] [Application] Service Initialize: Tripolygon.UModeler.Hub.Notifications.UpdateHubNotifier
[25/10/2024 03:48:30 p. m.] [Debug] [Application] Service Initialize: Tripolygon.UModeler.Hub.Notifications.UpdateProductNotifier
[25/10/2024 03:48:30 p. m.] [Debug] [Application] Service Initialize: Tripolygon.UModeler.Hub.Noticies.NoticeService
[25/10/2024 03:48:30 p. m.] [Debug] [Application] Service Initialize: Tripolygon.UModeler.Hub.Views.SceneViews.HubSceneViewService
[25/10/2024 03:48:30 p. m.] [Debug] [Application] Release: isReloading=True
[25/10/2024 03:48:30 p. m.] [Debug] [Application] Service Release: Tripolygon.UModeler.Hub.Views.SceneViews.HubSceneViewService
[25/10/2024 03:48:30 p. m.] [Debug] [Application] Service Release: Tripolygon.UModeler.Hub.Noticies.NoticeService
[25/10/2024 03:48:30 p. m.] [Debug] [Application] Service Release: Tripolygon.UModeler.Hub.Notifications.UpdateProductNotifier
[25/10/2024 03:48:30 p. m.] [Debug] [Application] Service Release: Tripolygon.UModeler.Hub.Notifications.UpdateHubNotifier
[25/10/2024 03:48:30 p. m.] [Debug] [Application] Service Release: Tripolygon.UModeler.Hub.VSAttributionService
[25/10/2024 03:48:30 p. m.] [Debug] [Application] Release: isReloading=True
[25/10/2024 03:48:30 p. m.] [Debug] [Application] Service Release: Tripolygon.UModeler.Hub.Views.SceneViews.HubSceneViewService
[25/10/2024 03:48:30 p. m.] [Debug] [Application] Service Release: Tripolygon.UModeler.Hub.Noticies.NoticeService
[25/10/2024 03:48:30 p. m.] [Debug] [Application] Service Release: Tripolygon.UModeler.Hub.Notifications.UpdateProductNotifier
[25/10/2024 03:48:30 p. m.] [Debug] [Application] Service Release: Tripolygon.UModeler.Hub.Notifications.UpdateHubNotifier
[25/10/2024 03:48:30 p. m.] [Debug] [Application] Service Release: Tripolygon.UModeler.Hub.VSAttributionService
[25/10/2024 03:48:31 p. m.] [Debug] [Application] service: Tripolygon.UModeler.Hub.HubAuthentication = Tripolygon.UModeler.Hub.HubAuthentication
[25/10/2024 03:48:31 p. m.] [Debug] [Application] service: Tripolygon.UModeler.UI.IObjectHierarchyService = Tripolygon.UModeler.Editor.UI.UnityEditorObjectHierarchyService
[25/10/2024 03:48:31 p. m.] [Debug] [Application] service: Tripolygon.UModeler.UI.ITextureProvider = Tripolygon.UModeler.Editor.UI.UnityEditorTextureProvider
[25/10/2024 03:48:31 p. m.] [Debug] [Application] service: Tripolygon.UModeler.UI.ITextureProvider = Tripolygon.UModeler.Editor.UI.UnityEditorTextureProvider
[25/10/2024 03:48:31 p. m.] [Debug] [Application] service: Tripolygon.UModeler.UI.IApplicationUtilityService = Tripolygon.UModeler.Editor.UI.UnityEditorApplicationUtilityService
[25/10/2024 03:48:31 p. m.] [Debug] [Application] service: Tripolygon.UModeler.UI.IApplicationUtilityService = Tripolygon.UModeler.Editor.UI.UnityEditorApplicationUtilityService
[25/10/2024 03:48:31 p. m.] [Debug] [Application] service: Tripolygon.UModeler.Editor.UI.ApplicationSettings = Tripolygon.UModeler.Editor.UI.ApplicationSettings
[25/10/2024 03:48:31 p. m.] [Debug] [Application] service: Tripolygon.UModeler.Editor.UI.ApplicationSettings = Tripolygon.UModeler.Editor.UI.ApplicationSettings
[25/10/2024 03:48:31 p. m.] [Debug] [Application] service: Tripolygon.UModeler.Hub.Resources.IResourcesApiProvider = Tripolygon.UModeler.Hub.ResourcesApiProviderService
[25/10/2024 03:48:31 p. m.] [Debug] [Application] service: Tripolygon.UModeler.Hub.Resources.IResourcesApiProvider = Tripolygon.UModeler.Hub.ResourcesApiProviderService
[25/10/2024 03:48:31 p. m.] [Debug] [Application] service: Tripolygon.UModeler.Hub.HubFlashService = Tripolygon.UModeler.Hub.HubFlashService
[25/10/2024 03:48:31 p. m.] [Debug] [Application] service: Tripolygon.UModeler.Hub.HubFlashService = Tripolygon.UModeler.Hub.HubFlashService
[25/10/2024 03:48:31 p. m.] [Debug] [Application] service: Tripolygon.UModeler.Hub.IHubAnalyticsService = Tripolygon.UModeler.Hub.HubAnalyticsService
[25/10/2024 03:48:31 p. m.] [Debug] [Application] service: Tripolygon.UModeler.Hub.IHubAnalyticsService = Tripolygon.UModeler.Hub.HubAnalyticsService
[25/10/2024 03:48:31 p. m.] [Debug] [Application] service: Tripolygon.UModeler.Hub.VSAttributionService = Tripolygon.UModeler.Hub.VSAttributionService
[25/10/2024 03:48:31 p. m.] [Debug] [Application] service: Tripolygon.UModeler.Hub.VSAttributionService = Tripolygon.UModeler.Hub.VSAttributionService
[25/10/2024 03:48:31 p. m.] [Debug] [Application] service: Tripolygon.UModeler.Hub.Notifications.UpdateHubNotifier = Tripolygon.UModeler.Hub.Notifications.UpdateHubNotifier
[25/10/2024 03:48:31 p. m.] [Debug] [Application] service: Tripolygon.UModeler.Hub.Notifications.UpdateProductNotifier = Tripolygon.UModeler.Hub.Notifications.UpdateProductNotifier
[25/10/2024 03:48:31 p. m.] [Debug] [Application] service: Tripolygon.UModeler.Hub.INoticeService = Tripolygon.UModeler.Hub.Noticies.NoticeService
[25/10/2024 03:48:31 p. m.] [Debug] [Application] service: Tripolygon.UModeler.Hub.Views.SceneViews.HubSceneViewService = Tripolygon.UModeler.Hub.Views.SceneViews.HubSceneViewService
[25/10/2024 03:48:32 p. m.] [Debug] [Application] Initialize: isReloading=True
[25/10/2024 03:48:32 p. m.] [Debug] [Application] Initialize: isReloading=True
[25/10/2024 03:48:32 p. m.] [Debug] [Application] Service Initialize: Tripolygon.UModeler.Hub.HubAuthentication
[25/10/2024 03:48:32 p. m.] [Debug] [Application] Service Initialize: Tripolygon.UModeler.Hub.HubAuthentication
[25/10/2024 03:48:32 p. m.] [Debug] [Application] Service Initialize: Tripolygon.UModeler.Editor.UI.UnityEditorApplicationCache
[25/10/2024 03:48:32 p. m.] [Debug] [Application] Service Initialize: Tripolygon.UModeler.Editor.UI.UnityEditorApplicationCache
[25/10/2024 03:48:32 p. m.] [Debug] [Application] Service Initialize: Tripolygon.UModeler.Hub.HubService
[25/10/2024 03:48:32 p. m.] [Debug] [Application] Service Initialize: Tripolygon.UModeler.Editor.UI.UnityEditorApplicationUtilityService
[25/10/2024 03:48:32 p. m.] [Debug] [Application] Service Initialize: Tripolygon.UModeler.Editor.UI.UnityEditorApplicationUtilityService
[25/10/2024 03:48:32 p. m.] [Debug] [Application] Service Initialize: Tripolygon.UModeler.Hub.HubFlashService
[25/10/2024 03:48:32 p. m.] [Debug] [Application] Service Initialize: Tripolygon.UModeler.Hub.HubFlashService
[25/10/2024 03:48:32 p. m.] [Debug] [HubAnalytics] PosthogClient.SetAutoFlush: Value Changed: True
[25/10/2024 03:48:32 p. m.] [Debug] [HubAnalytics] PosthogClient.SetAutoFlush: Value Changed: True
[25/10/2024 03:48:32 p. m.] [Debug] [Application] Service Initialize: Tripolygon.UModeler.Hub.HubAnalyticsService
[25/10/2024 03:48:32 p. m.] [Debug] [Application] Service Initialize: Tripolygon.UModeler.Hub.HubAnalyticsService
[25/10/2024 03:48:32 p. m.] [Debug] [Application] Service Initialize: Tripolygon.UModeler.Hub.VSAttributionService
[25/10/2024 03:48:32 p. m.] [Debug] [Application] Service Initialize: Tripolygon.UModeler.Hub.VSAttributionService
[25/10/2024 03:48:32 p. m.] [Debug] [Application] Service Initialize: Tripolygon.UModeler.Hub.Notifications.UpdateHubNotifier
[25/10/2024 03:48:32 p. m.] [Debug] [Application] Service Initialize: Tripolygon.UModeler.Hub.Notifications.UpdateHubNotifier
[25/10/2024 03:48:32 p. m.] [Debug] [Application] Service Initialize: Tripolygon.UModeler.Hub.Notifications.UpdateProductNotifier
[25/10/2024 03:48:32 p. m.] [Debug] [Application] Service Initialize: Tripolygon.UModeler.Hub.Noticies.NoticeService
[25/10/2024 03:48:32 p. m.] [Debug] [Application] Service Initialize: Tripolygon.UModeler.Hub.Noticies.NoticeService
[25/10/2024 03:48:32 p. m.] [Debug] [Application] Service Initialize: Tripolygon.UModeler.Hub.Views.SceneViews.HubSceneViewService
[25/10/2024 03:48:32 p. m.] [Debug] [Application] Service Initialize: Tripolygon.UModeler.Hub.Views.SceneViews.HubSceneViewService
[25/10/2024 03:53:59 p. m.] [Debug] [Application] Release: isReloading=False
[25/10/2024 03:53:59 p. m.] [Debug] [Application] Service Release: Tripolygon.UModeler.Hub.Views.SceneViews.HubSceneViewService
[25/10/2024 03:53:59 p. m.] [Debug] [Application] Service Release: Tripolygon.UModeler.Hub.Noticies.NoticeService
[25/10/2024 03:53:59 p. m.] [Debug] [Application] Service Release: Tripolygon.UModeler.Hub.Notifications.UpdateProductNotifier
[25/10/2024 03:53:59 p. m.] [Debug] [Application] Service Release: Tripolygon.UModeler.Hub.Notifications.UpdateHubNotifier
[25/10/2024 03:53:59 p. m.] [Debug] [Application] Service Release: Tripolygon.UModeler.Hub.VSAttributionService
[25/10/2024 03:53:59 p. m.] [Debug] [HubAnalytics] OnAppEnd
[25/10/2024 03:53:59 p. m.] [Debug] [HubAnalytics] PosthogClient.SetAutoFlush: Value Changed: False
[25/10/2024 03:53:59 p. m.] [Debug] [HubAnalytics] PosthogClient.BatchAsync: Sending Queue Items={"api_key":"phc_DQ6tsN03HRXTr9hNBfi3DierOY5Y0SisUxgxjuAmZG5","batch":[{"event":"app end","properties":{"$set":{"sdk_region_id":"es-MX","sdk_region_name":"Mexico","sdk_language":"Spanish","sdk_os_architecture":"X64","sdk_time_zone":"Central Standard Time (Mexico)","product_version":"1.0.0"},"$os":"WINDOWS","$os_name":"WINDOWS","$session_id":"01725077-b9a4-4fe0-90d7-7f546e96cbf2_45358c77-e2db-4b96-9393-5d7866f34881","distinct_id":"2d6e56f1e7275aa04849d8b7baf12448f179a45c","product_name":"UModeler Hub","product_version":"1.0.0","platform_name":"Unity","platform_version":"2022.3.47f1","screen_width":1920,"screen_height":1080,"viewport_width":1105,"viewport_height":243,"unity_systeminfo_language":"Spanish","unity_systeminfo_os":"Windows 10  (10.0.19045) 64bit","unity_systeminfo_graphicsDeviceType":"Direct3D11","unity_systeminfo_graphicsDeviceVendor":"ATI","unity_systeminfo_graphicsDeviceName":"AMD Radeon RX 6400","unity_systeminfo_deviceType":"Desktop","unity_systeminfo_processorType":"13th Gen Intel(R) Core(TM) i7-13700"},"timestamp":"2024-10-25T21:53:59.5118558Z"}]}
[25/10/2024 03:54:00 p. m.] [Debug] [HubAnalytics] PosthogClient.BatchAsync: Sent 1 queue item(s).
[25/10/2024 03:54:00 p. m.] [Debug] [Application] Service Release: Tripolygon.UModeler.Hub.HubAnalyticsService
[25/10/2024 03:54:00 p. m.] [Debug] [Application] Service Release: Tripolygon.UModeler.Hub.HubFlashService
[25/10/2024 03:54:00 p. m.] [Debug] [Application] Service Release: Tripolygon.UModeler.Editor.UI.UnityEditorApplicationUtilityService
[25/10/2024 03:54:00 p. m.] [Debug] [Application] Service Release: Tripolygon.UModeler.Hub.HubService
[25/10/2024 03:54:00 p. m.] [Debug] [Application] Service Release: Tripolygon.UModeler.Editor.UI.UnityEditorApplicationCache
[25/10/2024 03:54:00 p. m.] [Debug] [Application] Service Release: Tripolygon.UModeler.Hub.HubAuthentication
